{"/Users/nicholastinsley/Documents/GitHub.nosync/ultrahdr-pwa-svelte/src/lib/capabilities.js": {"path":"/Users/nicholastinsley/Documents/GitHub.nosync/ultrahdr-pwa-svelte/src/lib/capabilities.js","statementMap":{"0":{"start":{"line":2,"column":2},"end":{"line":8,"column":null}},"1":{"start":{"line":12,"column":18},"end":{"line":12,"column":31}},"2":{"start":{"line":13,"column":2},"end":{"line":15,"column":null}},"3":{"start":{"line":14,"column":4},"end":{"line":14,"column":null}},"4":{"start":{"line":16,"column":2},"end":{"line":16,"column":null}},"5":{"start":{"line":20,"column":2},"end":{"line":22,"column":null}},"6":{"start":{"line":21,"column":4},"end":{"line":21,"column":null}},"7":{"start":{"line":24,"column":2},"end":{"line":26,"column":null}},"8":{"start":{"line":25,"column":4},"end":{"line":25,"column":null}},"9":{"start":{"line":28,"column":2},"end":{"line":33,"column":null}},"10":{"start":{"line":29,"column":22},"end":{"line":29,"column":78}},"11":{"start":{"line":30,"column":4},"end":{"line":30,"column":null}},"12":{"start":{"line":32,"column":4},"end":{"line":32,"column":null}},"13":{"start":{"line":37,"column":18},"end":{"line":37,"column":65}},"14":{"start":{"line":38,"column":14},"end":{"line":38,"column":37}},"15":{"start":{"line":39,"column":14},"end":{"line":39,"column":34}},"16":{"start":{"line":40,"column":20},"end":{"line":40,"column":47}},"17":{"start":{"line":41,"column":18},"end":{"line":41,"column":41}},"18":{"start":{"line":42,"column":25},"end":{"line":42,"column":56}},"19":{"start":{"line":44,"column":20},"end":{"line":44,"column":43}},"20":{"start":{"line":46,"column":4},"end":{"line":47,"column":64}},"21":{"start":{"line":49,"column":4},"end":{"line":50,"column":66}},"22":{"start":{"line":52,"column":4},"end":{"line":54,"column":59}},"23":{"start":{"line":56,"column":34},"end":{"line":56,"column":84}},"24":{"start":{"line":58,"column":4},"end":{"line":58,"column":77}},"25":{"start":{"line":60,"column":2},"end":{"line":72,"column":null}},"26":{"start":{"line":76,"column":23},"end":{"line":76,"column":61}},"27":{"start":{"line":77,"column":17},"end":{"line":77,"column":42}},"28":{"start":{"line":79,"column":19},"end":{"line":79,"column":24}},"29":{"start":{"line":81,"column":2},"end":{"line":95,"column":null}},"30":{"start":{"line":82,"column":4},"end":{"line":82,"column":null}},"31":{"start":{"line":83,"column":9},"end":{"line":95,"column":null}},"32":{"start":{"line":84,"column":4},"end":{"line":88,"column":null}},"33":{"start":{"line":85,"column":6},"end":{"line":85,"column":null}},"34":{"start":{"line":86,"column":11},"end":{"line":88,"column":null}},"35":{"start":{"line":87,"column":6},"end":{"line":87,"column":null}},"36":{"start":{"line":89,"column":9},"end":{"line":95,"column":null}},"37":{"start":{"line":90,"column":4},"end":{"line":94,"column":null}},"38":{"start":{"line":91,"column":6},"end":{"line":91,"column":null}},"39":{"start":{"line":92,"column":11},"end":{"line":94,"column":null}},"40":{"start":{"line":93,"column":6},"end":{"line":93,"column":null}},"41":{"start":{"line":97,"column":24},"end":{"line":116,"column":3}},"42":{"start":{"line":118,"column":2},"end":{"line":121,"column":null}}},"fnMap":{"0":{"name":"getDefaultRuntime","decl":{"start":{"line":1,"column":9},"end":{"line":1,"column":26}},"loc":{"start":{"line":1,"column":29},"end":{"line":9,"column":null}}},"1":{"name":"normalizeDeviceMemory","decl":{"start":{"line":11,"column":9},"end":{"line":11,"column":30}},"loc":{"start":{"line":11,"column":38},"end":{"line":17,"column":null}}},"2":{"name":"hasFileShareSupport","decl":{"start":{"line":19,"column":9},"end":{"line":19,"column":28}},"loc":{"start":{"line":19,"column":34},"end":{"line":34,"column":null}}},"3":{"name":"getCapabilities","decl":{"start":{"line":36,"column":16},"end":{"line":36,"column":31}},"loc":{"start":{"line":36,"column":55},"end":{"line":73,"column":null}}},"4":{"name":"getProcessingProfile","decl":{"start":{"line":75,"column":16},"end":{"line":75,"column":36}},"loc":{"start":{"line":75,"column":63},"end":{"line":122,"column":null}}}},"branchMap":{"0":{"loc":{"start":{"line":3,"column":15},"end":{"line":3,"column":64}},"type":"cond-expr","locations":[{"start":{"line":3,"column":50},"end":{"line":3,"column":59}},{"start":{"line":3,"column":62},"end":{"line":3,"column":64}}]},"1":{"loc":{"start":{"line":4,"column":12},"end":{"line":4,"column":55}},"type":"cond-expr","locations":[{"start":{"line":4,"column":44},"end":{"line":4,"column":50}},{"start":{"line":4,"column":53},"end":{"line":4,"column":55}}]},"2":{"loc":{"start":{"line":5,"column":12},"end":{"line":5,"column":62}},"type":"cond-expr","locations":[{"start":{"line":5,"column":44},"end":{"line":5,"column":50}},{"start":{"line":5,"column":53},"end":{"line":5,"column":62}}]},"3":{"loc":{"start":{"line":7,"column":6},"end":{"line":7,"column":74}},"type":"cond-expr","locations":[{"start":{"line":7,"column":47},"end":{"line":7,"column":62}},{"start":{"line":7,"column":65},"end":{"line":7,"column":74}}]},"4":{"loc":{"start":{"line":13,"column":2},"end":{"line":15,"column":null}},"type":"if","locations":[{"start":{"line":13,"column":2},"end":{"line":15,"column":null}},{"start":{},"end":{}}]},"5":{"loc":{"start":{"line":13,"column":6},"end":{"line":13,"column":47}},"type":"binary-expr","locations":[{"start":{"line":13,"column":6},"end":{"line":13,"column":31}},{"start":{"line":13,"column":35},"end":{"line":13,"column":47}}]},"6":{"loc":{"start":{"line":20,"column":2},"end":{"line":22,"column":null}},"type":"if","locations":[{"start":{"line":20,"column":2},"end":{"line":22,"column":null}},{"start":{},"end":{}}]},"7":{"loc":{"start":{"line":20,"column":6},"end":{"line":20,"column":48}},"type":"binary-expr","locations":[{"start":{"line":20,"column":6},"end":{"line":20,"column":10}},{"start":{"line":20,"column":14},"end":{"line":20,"column":48}}]},"8":{"loc":{"start":{"line":24,"column":2},"end":{"line":26,"column":null}},"type":"if","locations":[{"start":{"line":24,"column":2},"end":{"line":26,"column":null}},{"start":{},"end":{}}]},"9":{"loc":{"start":{"line":36,"column":32},"end":{"line":36,"column":53}},"type":"default-arg","locations":[{"start":{"line":36,"column":51},"end":{"line":36,"column":53}}]},"10":{"loc":{"start":{"line":38,"column":14},"end":{"line":38,"column":37}},"type":"binary-expr","locations":[{"start":{"line":38,"column":14},"end":{"line":38,"column":31}},{"start":{"line":38,"column":35},"end":{"line":38,"column":37}}]},"11":{"loc":{"start":{"line":39,"column":14},"end":{"line":39,"column":34}},"type":"binary-expr","locations":[{"start":{"line":39,"column":14},"end":{"line":39,"column":28}},{"start":{"line":39,"column":32},"end":{"line":39,"column":34}}]},"12":{"loc":{"start":{"line":40,"column":27},"end":{"line":40,"column":46}},"type":"binary-expr","locations":[{"start":{"line":40,"column":27},"end":{"line":40,"column":40}},{"start":{"line":40,"column":44},"end":{"line":40,"column":46}}]},"13":{"loc":{"start":{"line":42,"column":32},"end":{"line":42,"column":55}},"type":"binary-expr","locations":[{"start":{"line":42,"column":32},"end":{"line":42,"column":50}},{"start":{"line":42,"column":54},"end":{"line":42,"column":55}}]},"14":{"loc":{"start":{"line":46,"column":4},"end":{"line":47,"column":64}},"type":"binary-expr","locations":[{"start":{"line":46,"column":4},"end":{"line":46,"column":38}},{"start":{"line":47,"column":5},"end":{"line":47,"column":41}},{"start":{"line":47,"column":45},"end":{"line":47,"column":63}}]},"15":{"loc":{"start":{"line":49,"column":4},"end":{"line":50,"column":66}},"type":"binary-expr","locations":[{"start":{"line":49,"column":4},"end":{"line":49,"column":26}},{"start":{"line":50,"column":4},"end":{"line":50,"column":66}}]},"16":{"loc":{"start":{"line":52,"column":4},"end":{"line":54,"column":59}},"type":"binary-expr","locations":[{"start":{"line":52,"column":4},"end":{"line":52,"column":27}},{"start":{"line":53,"column":5},"end":{"line":53,"column":41}},{"start":{"line":54,"column":6},"end":{"line":54,"column":58}}]},"17":{"loc":{"start":{"line":56,"column":42},"end":{"line":56,"column":83}},"type":"binary-expr","locations":[{"start":{"line":56,"column":42},"end":{"line":56,"column":56}},{"start":{"line":56,"column":60},"end":{"line":56,"column":83}}]},"18":{"loc":{"start":{"line":58,"column":4},"end":{"line":58,"column":77}},"type":"binary-expr","locations":[{"start":{"line":58,"column":4},"end":{"line":58,"column":26}},{"start":{"line":58,"column":30},"end":{"line":58,"column":77}}]},"19":{"loc":{"start":{"line":75,"column":37},"end":{"line":75,"column":61}},"type":"default-arg","locations":[{"start":{"line":75,"column":57},"end":{"line":75,"column":61}}]},"20":{"loc":{"start":{"line":76,"column":23},"end":{"line":76,"column":61}},"type":"binary-expr","locations":[{"start":{"line":76,"column":23},"end":{"line":76,"column":40}},{"start":{"line":76,"column":44},"end":{"line":76,"column":61}}]},"21":{"loc":{"start":{"line":81,"column":2},"end":{"line":95,"column":null}},"type":"if","locations":[{"start":{"line":81,"column":2},"end":{"line":95,"column":null}},{"start":{"line":83,"column":9},"end":{"line":95,"column":null}}]},"22":{"loc":{"start":{"line":83,"column":9},"end":{"line":95,"column":null}},"type":"if","locations":[{"start":{"line":83,"column":9},"end":{"line":95,"column":null}},{"start":{"line":89,"column":9},"end":{"line":95,"column":null}}]},"23":{"loc":{"start":{"line":84,"column":4},"end":{"line":88,"column":null}},"type":"if","locations":[{"start":{"line":84,"column":4},"end":{"line":88,"column":null}},{"start":{"line":86,"column":11},"end":{"line":88,"column":null}}]},"24":{"loc":{"start":{"line":84,"column":8},"end":{"line":84,"column":38}},"type":"binary-expr","locations":[{"start":{"line":84,"column":8},"end":{"line":84,"column":23}},{"start":{"line":84,"column":27},"end":{"line":84,"column":38}}]},"25":{"loc":{"start":{"line":86,"column":11},"end":{"line":88,"column":null}},"type":"if","locations":[{"start":{"line":86,"column":11},"end":{"line":88,"column":null}},{"start":{},"end":{}}]},"26":{"loc":{"start":{"line":89,"column":9},"end":{"line":95,"column":null}},"type":"if","locations":[{"start":{"line":89,"column":9},"end":{"line":95,"column":null}},{"start":{},"end":{}}]},"27":{"loc":{"start":{"line":90,"column":4},"end":{"line":94,"column":null}},"type":"if","locations":[{"start":{"line":90,"column":4},"end":{"line":94,"column":null}},{"start":{"line":92,"column":11},"end":{"line":94,"column":null}}]},"28":{"loc":{"start":{"line":92,"column":11},"end":{"line":94,"column":null}},"type":"if","locations":[{"start":{"line":92,"column":11},"end":{"line":94,"column":null}},{"start":{},"end":{}}]}},"s":{"0":11,"1":11,"2":11,"3":9,"4":2,"5":11,"6":11,"7":0,"8":0,"9":0,"10":0,"11":0,"12":0,"13":11,"14":11,"15":11,"16":11,"17":11,"18":11,"19":11,"20":11,"21":11,"22":11,"23":11,"24":11,"25":11,"26":11,"27":11,"28":11,"29":11,"30":1,"31":10,"32":1,"33":0,"34":1,"35":0,"36":9,"37":1,"38":0,"39":1,"40":1,"41":11,"42":11},"f":{"0":11,"1":11,"2":11,"3":11,"4":11},"b":{"0":[11,0],"1":[11,0],"2":[0,11],"3":[0,11],"4":[9,2],"5":[11,2],"6":[11,0],"7":[11,11],"8":[0,0],"9":[7],"10":[11,0],"11":[11,0],"12":[11,0],"13":[11,11],"14":[11,10,1],"15":[11,3],"16":[11,11,11],"17":[11,1],"18":[11,11],"19":[0],"20":[11,0],"21":[1,10],"22":[1,9],"23":[0,1],"24":[1,1],"25":[0,1],"26":[1,8],"27":[0,1],"28":[1,0]}}
,"/Users/nicholastinsley/Documents/GitHub.nosync/ultrahdr-pwa-svelte/src/lib/exif-utils.js": {"path":"/Users/nicholastinsley/Documents/GitHub.nosync/ultrahdr-pwa-svelte/src/lib/exif-utils.js","statementMap":{"0":{"start":{"line":2,"column":4},"end":{"line":4,"column":null}},"1":{"start":{"line":3,"column":8},"end":{"line":3,"column":null}},"2":{"start":{"line":6,"column":4},"end":{"line":8,"column":null}},"3":{"start":{"line":7,"column":8},"end":{"line":7,"column":null}},"4":{"start":{"line":10,"column":17},"end":{"line":10,"column":18}},"5":{"start":{"line":11,"column":4},"end":{"line":48,"column":null}},"6":{"start":{"line":12,"column":8},"end":{"line":15,"column":null}},"7":{"start":{"line":13,"column":12},"end":{"line":13,"column":null}},"8":{"start":{"line":14,"column":12},"end":{"line":14,"column":null}},"9":{"start":{"line":17,"column":23},"end":{"line":17,"column":44}},"10":{"start":{"line":18,"column":8},"end":{"line":20,"column":null}},"11":{"start":{"line":19,"column":12},"end":{"line":19,"column":null}},"12":{"start":{"line":22,"column":8},"end":{"line":25,"column":null}},"13":{"start":{"line":23,"column":12},"end":{"line":23,"column":null}},"14":{"start":{"line":24,"column":12},"end":{"line":24,"column":null}},"15":{"start":{"line":27,"column":30},"end":{"line":27,"column":82}},"16":{"start":{"line":28,"column":8},"end":{"line":30,"column":null}},"17":{"start":{"line":29,"column":12},"end":{"line":29,"column":null}},"18":{"start":{"line":32,"column":27},"end":{"line":32,"column":53}},"19":{"start":{"line":34,"column":12},"end":{"line":41,"column":42}},"20":{"start":{"line":43,"column":8},"end":{"line":45,"column":null}},"21":{"start":{"line":44,"column":12},"end":{"line":44,"column":null}},"22":{"start":{"line":47,"column":8},"end":{"line":47,"column":null}},"23":{"start":{"line":50,"column":4},"end":{"line":50,"column":null}},"24":{"start":{"line":54,"column":4},"end":{"line":56,"column":null}},"25":{"start":{"line":55,"column":8},"end":{"line":55,"column":null}},"26":{"start":{"line":58,"column":4},"end":{"line":60,"column":null}},"27":{"start":{"line":59,"column":8},"end":{"line":59,"column":null}},"28":{"start":{"line":62,"column":25},"end":{"line":62,"column":48}},"29":{"start":{"line":63,"column":17},"end":{"line":63,"column":18}},"30":{"start":{"line":65,"column":4},"end":{"line":109,"column":null}},"31":{"start":{"line":66,"column":8},"end":{"line":70,"column":null}},"32":{"start":{"line":68,"column":12},"end":{"line":68,"column":null}},"33":{"start":{"line":69,"column":12},"end":{"line":69,"column":null}},"34":{"start":{"line":72,"column":23},"end":{"line":72,"column":44}},"35":{"start":{"line":75,"column":8},"end":{"line":78,"column":null}},"36":{"start":{"line":76,"column":12},"end":{"line":76,"column":null}},"37":{"start":{"line":77,"column":12},"end":{"line":77,"column":null}},"38":{"start":{"line":81,"column":8},"end":{"line":85,"column":null}},"39":{"start":{"line":82,"column":12},"end":{"line":82,"column":null}},"40":{"start":{"line":83,"column":12},"end":{"line":83,"column":null}},"41":{"start":{"line":84,"column":12},"end":{"line":84,"column":null}},"42":{"start":{"line":87,"column":30},"end":{"line":87,"column":82}},"43":{"start":{"line":88,"column":8},"end":{"line":91,"column":null}},"44":{"start":{"line":89,"column":12},"end":{"line":89,"column":null}},"45":{"start":{"line":90,"column":12},"end":{"line":90,"column":null}},"46":{"start":{"line":93,"column":27},"end":{"line":93,"column":53}},"47":{"start":{"line":95,"column":12},"end":{"line":102,"column":42}},"48":{"start":{"line":104,"column":8},"end":{"line":106,"column":null}},"49":{"start":{"line":105,"column":12},"end":{"line":105,"column":null}},"50":{"start":{"line":108,"column":8},"end":{"line":108,"column":null}},"51":{"start":{"line":111,"column":24},"end":{"line":111,"column":82}},"52":{"start":{"line":111,"column":60},"end":{"line":111,"column":78}},"53":{"start":{"line":112,"column":19},"end":{"line":112,"column":46}},"54":{"start":{"line":113,"column":17},"end":{"line":113,"column":18}},"55":{"start":{"line":114,"column":4},"end":{"line":117,"column":null}},"56":{"start":{"line":115,"column":8},"end":{"line":115,"column":null}},"57":{"start":{"line":116,"column":8},"end":{"line":116,"column":null}},"58":{"start":{"line":118,"column":4},"end":{"line":118,"column":null}},"59":{"start":{"line":122,"column":4},"end":{"line":124,"column":null}},"60":{"start":{"line":123,"column":8},"end":{"line":123,"column":null}},"61":{"start":{"line":126,"column":26},"end":{"line":126,"column":48}},"62":{"start":{"line":127,"column":4},"end":{"line":130,"column":null}},"63":{"start":{"line":128,"column":8},"end":{"line":128,"column":null}},"64":{"start":{"line":129,"column":8},"end":{"line":129,"column":null}},"65":{"start":{"line":132,"column":17},"end":{"line":132,"column":45}},"66":{"start":{"line":133,"column":4},"end":{"line":135,"column":null}},"67":{"start":{"line":134,"column":8},"end":{"line":134,"column":null}},"68":{"start":{"line":137,"column":17},"end":{"line":137,"column":33}},"69":{"start":{"line":138,"column":19},"end":{"line":138,"column":75}},"70":{"start":{"line":139,"column":4},"end":{"line":139,"column":null}},"71":{"start":{"line":140,"column":4},"end":{"line":140,"column":null}},"72":{"start":{"line":141,"column":4},"end":{"line":141,"column":null}},"73":{"start":{"line":142,"column":4},"end":{"line":142,"column":null}},"74":{"start":{"line":143,"column":4},"end":{"line":143,"column":null}},"75":{"start":{"line":144,"column":4},"end":{"line":144,"column":null}},"76":{"start":{"line":145,"column":4},"end":{"line":145,"column":null}},"77":{"start":{"line":146,"column":4},"end":{"line":146,"column":null}},"78":{"start":{"line":147,"column":4},"end":{"line":147,"column":null}},"79":{"start":{"line":151,"column":4},"end":{"line":153,"column":null}},"80":{"start":{"line":152,"column":8},"end":{"line":152,"column":null}},"81":{"start":{"line":155,"column":4},"end":{"line":164,"column":null}},"82":{"start":{"line":163,"column":8},"end":{"line":163,"column":null}},"83":{"start":{"line":166,"column":23},"end":{"line":166,"column":24}},"84":{"start":{"line":167,"column":23},"end":{"line":167,"column":46}},"85":{"start":{"line":168,"column":23},"end":{"line":168,"column":50}},"86":{"start":{"line":169,"column":25},"end":{"line":169,"column":67}},"87":{"start":{"line":170,"column":22},"end":{"line":170,"column":64}},"88":{"start":{"line":171,"column":4},"end":{"line":173,"column":null}},"89":{"start":{"line":172,"column":8},"end":{"line":172,"column":null}},"90":{"start":{"line":175,"column":23},"end":{"line":175,"column":80}},"91":{"start":{"line":176,"column":4},"end":{"line":178,"column":null}},"92":{"start":{"line":177,"column":8},"end":{"line":177,"column":null}},"93":{"start":{"line":180,"column":31},"end":{"line":180,"column":88}},"94":{"start":{"line":181,"column":4},"end":{"line":183,"column":null}},"95":{"start":{"line":182,"column":8},"end":{"line":182,"column":null}},"96":{"start":{"line":185,"column":23},"end":{"line":185,"column":54}},"97":{"start":{"line":186,"column":23},"end":{"line":186,"column":76}},"98":{"start":{"line":187,"column":4},"end":{"line":189,"column":null}},"99":{"start":{"line":188,"column":8},"end":{"line":188,"column":null}},"100":{"start":{"line":191,"column":4},"end":{"line":213,"column":null}},"101":{"start":{"line":191,"column":17},"end":{"line":191,"column":18}},"102":{"start":{"line":192,"column":28},"end":{"line":192,"column":53}},"103":{"start":{"line":193,"column":20},"end":{"line":193,"column":74}},"104":{"start":{"line":194,"column":8},"end":{"line":196,"column":null}},"105":{"start":{"line":195,"column":12},"end":{"line":195,"column":null}},"106":{"start":{"line":198,"column":21},"end":{"line":198,"column":79}},"107":{"start":{"line":199,"column":22},"end":{"line":199,"column":80}},"108":{"start":{"line":200,"column":8},"end":{"line":202,"column":null}},"109":{"start":{"line":201,"column":12},"end":{"line":201,"column":null}},"110":{"start":{"line":204,"column":28},"end":{"line":204,"column":43}},"111":{"start":{"line":205,"column":35},"end":{"line":205,"column":89}},"112":{"start":{"line":206,"column":8},"end":{"line":208,"column":null}},"113":{"start":{"line":207,"column":12},"end":{"line":207,"column":null}},"114":{"start":{"line":210,"column":24},"end":{"line":210,"column":43}},"115":{"start":{"line":211,"column":8},"end":{"line":211,"column":null}},"116":{"start":{"line":212,"column":8},"end":{"line":212,"column":null}},"117":{"start":{"line":215,"column":4},"end":{"line":215,"column":null}},"118":{"start":{"line":219,"column":4},"end":{"line":221,"column":null}},"119":{"start":{"line":220,"column":8},"end":{"line":220,"column":null}},"120":{"start":{"line":222,"column":4},"end":{"line":224,"column":null}},"121":{"start":{"line":223,"column":8},"end":{"line":223,"column":null}},"122":{"start":{"line":225,"column":4},"end":{"line":225,"column":null}},"123":{"start":{"line":229,"column":4},"end":{"line":231,"column":null}},"124":{"start":{"line":230,"column":8},"end":{"line":230,"column":null}},"125":{"start":{"line":232,"column":4},"end":{"line":239,"column":null}},"126":{"start":{"line":233,"column":8},"end":{"line":238,"column":null}},"127":{"start":{"line":240,"column":4},"end":{"line":245,"column":null}},"128":{"start":{"line":249,"column":4},"end":{"line":251,"column":null}},"129":{"start":{"line":250,"column":8},"end":{"line":250,"column":null}},"130":{"start":{"line":252,"column":4},"end":{"line":256,"column":null}},"131":{"start":{"line":253,"column":8},"end":{"line":253,"column":null}},"132":{"start":{"line":254,"column":8},"end":{"line":254,"column":null}},"133":{"start":{"line":255,"column":8},"end":{"line":255,"column":null}},"134":{"start":{"line":257,"column":4},"end":{"line":257,"column":null}},"135":{"start":{"line":258,"column":4},"end":{"line":258,"column":null}}},"fnMap":{"0":{"name":"extractExifPayloadFromJpeg","decl":{"start":{"line":1,"column":16},"end":{"line":1,"column":42}},"loc":{"start":{"line":1,"column":54},"end":{"line":51,"column":null}}},"1":{"name":"stripExifSegments","decl":{"start":{"line":53,"column":16},"end":{"line":53,"column":33}},"loc":{"start":{"line":53,"column":45},"end":{"line":119,"column":null}}},"2":{"name":"(anonymous_2)","decl":{"start":{"line":111,"column":44},"end":{"line":111,"column":45}},"loc":{"start":{"line":111,"column":60},"end":{"line":111,"column":78}}},"3":{"name":"insertExifSegment","decl":{"start":{"line":121,"column":16},"end":{"line":121,"column":33}},"loc":{"start":{"line":121,"column":58},"end":{"line":148,"column":null}}},"4":{"name":"normalizeExifOrientationTo1","decl":{"start":{"line":150,"column":16},"end":{"line":150,"column":43}},"loc":{"start":{"line":150,"column":57},"end":{"line":216,"column":null}}},"5":{"name":"readExifUint16","decl":{"start":{"line":218,"column":9},"end":{"line":218,"column":23}},"loc":{"start":{"line":218,"column":54},"end":{"line":226,"column":null}}},"6":{"name":"readExifUint32","decl":{"start":{"line":228,"column":9},"end":{"line":228,"column":23}},"loc":{"start":{"line":228,"column":54},"end":{"line":246,"column":null}}},"7":{"name":"writeExifUint16","decl":{"start":{"line":248,"column":9},"end":{"line":248,"column":24}},"loc":{"start":{"line":248,"column":62},"end":{"line":259,"column":null}}}},"branchMap":{"0":{"loc":{"start":{"line":2,"column":4},"end":{"line":4,"column":null}},"type":"if","locations":[{"start":{"line":2,"column":4},"end":{"line":4,"column":null}},{"start":{},"end":{}}]},"1":{"loc":{"start":{"line":2,"column":8},"end":{"line":2,"column":66}},"type":"binary-expr","locations":[{"start":{"line":2,"column":8},"end":{"line":2,"column":42}},{"start":{"line":2,"column":46},"end":{"line":2,"column":66}}]},"2":{"loc":{"start":{"line":6,"column":4},"end":{"line":8,"column":null}},"type":"if","locations":[{"start":{"line":6,"column":4},"end":{"line":8,"column":null}},{"start":{},"end":{}}]},"3":{"loc":{"start":{"line":6,"column":8},"end":{"line":6,"column":54}},"type":"binary-expr","locations":[{"start":{"line":6,"column":8},"end":{"line":6,"column":29}},{"start":{"line":6,"column":33},"end":{"line":6,"column":54}}]},"4":{"loc":{"start":{"line":12,"column":8},"end":{"line":15,"column":null}},"type":"if","locations":[{"start":{"line":12,"column":8},"end":{"line":15,"column":null}},{"start":{},"end":{}}]},"5":{"loc":{"start":{"line":18,"column":8},"end":{"line":20,"column":null}},"type":"if","locations":[{"start":{"line":18,"column":8},"end":{"line":20,"column":null}},{"start":{},"end":{}}]},"6":{"loc":{"start":{"line":18,"column":12},"end":{"line":18,"column":46}},"type":"binary-expr","locations":[{"start":{"line":18,"column":12},"end":{"line":18,"column":27}},{"start":{"line":18,"column":31},"end":{"line":18,"column":46}}]},"7":{"loc":{"start":{"line":22,"column":8},"end":{"line":25,"column":null}},"type":"if","locations":[{"start":{"line":22,"column":8},"end":{"line":25,"column":null}},{"start":{},"end":{}}]},"8":{"loc":{"start":{"line":22,"column":12},"end":{"line":22,"column":65}},"type":"binary-expr","locations":[{"start":{"line":22,"column":12},"end":{"line":22,"column":27}},{"start":{"line":22,"column":32},"end":{"line":22,"column":46}},{"start":{"line":22,"column":50},"end":{"line":22,"column":64}}]},"9":{"loc":{"start":{"line":28,"column":8},"end":{"line":30,"column":null}},"type":"if","locations":[{"start":{"line":28,"column":8},"end":{"line":30,"column":null}},{"start":{},"end":{}}]},"10":{"loc":{"start":{"line":28,"column":12},"end":{"line":28,"column":78}},"type":"binary-expr","locations":[{"start":{"line":28,"column":12},"end":{"line":28,"column":29}},{"start":{"line":28,"column":33},"end":{"line":28,"column":78}}]},"11":{"loc":{"start":{"line":34,"column":12},"end":{"line":41,"column":42}},"type":"binary-expr","locations":[{"start":{"line":34,"column":12},"end":{"line":34,"column":27}},{"start":{"line":35,"column":12},"end":{"line":35,"column":43}},{"start":{"line":36,"column":12},"end":{"line":36,"column":42}},{"start":{"line":37,"column":12},"end":{"line":37,"column":42}},{"start":{"line":38,"column":12},"end":{"line":38,"column":42}},{"start":{"line":39,"column":12},"end":{"line":39,"column":42}},{"start":{"line":40,"column":12},"end":{"line":40,"column":42}},{"start":{"line":41,"column":12},"end":{"line":41,"column":42}}]},"12":{"loc":{"start":{"line":43,"column":8},"end":{"line":45,"column":null}},"type":"if","locations":[{"start":{"line":43,"column":8},"end":{"line":45,"column":null}},{"start":{},"end":{}}]},"13":{"loc":{"start":{"line":54,"column":4},"end":{"line":56,"column":null}},"type":"if","locations":[{"start":{"line":54,"column":4},"end":{"line":56,"column":null}},{"start":{},"end":{}}]},"14":{"loc":{"start":{"line":54,"column":8},"end":{"line":54,"column":66}},"type":"binary-expr","locations":[{"start":{"line":54,"column":8},"end":{"line":54,"column":42}},{"start":{"line":54,"column":46},"end":{"line":54,"column":66}}]},"15":{"loc":{"start":{"line":58,"column":4},"end":{"line":60,"column":null}},"type":"if","locations":[{"start":{"line":58,"column":4},"end":{"line":60,"column":null}},{"start":{},"end":{}}]},"16":{"loc":{"start":{"line":58,"column":8},"end":{"line":58,"column":54}},"type":"binary-expr","locations":[{"start":{"line":58,"column":8},"end":{"line":58,"column":29}},{"start":{"line":58,"column":33},"end":{"line":58,"column":54}}]},"17":{"loc":{"start":{"line":66,"column":8},"end":{"line":70,"column":null}},"type":"if","locations":[{"start":{"line":66,"column":8},"end":{"line":70,"column":null}},{"start":{},"end":{}}]},"18":{"loc":{"start":{"line":75,"column":8},"end":{"line":78,"column":null}},"type":"if","locations":[{"start":{"line":75,"column":8},"end":{"line":78,"column":null}},{"start":{},"end":{}}]},"19":{"loc":{"start":{"line":75,"column":12},"end":{"line":75,"column":46}},"type":"binary-expr","locations":[{"start":{"line":75,"column":12},"end":{"line":75,"column":27}},{"start":{"line":75,"column":31},"end":{"line":75,"column":46}}]},"20":{"loc":{"start":{"line":81,"column":8},"end":{"line":85,"column":null}},"type":"if","locations":[{"start":{"line":81,"column":8},"end":{"line":85,"column":null}},{"start":{},"end":{}}]},"21":{"loc":{"start":{"line":81,"column":12},"end":{"line":81,"column":65}},"type":"binary-expr","locations":[{"start":{"line":81,"column":12},"end":{"line":81,"column":27}},{"start":{"line":81,"column":32},"end":{"line":81,"column":46}},{"start":{"line":81,"column":50},"end":{"line":81,"column":64}}]},"22":{"loc":{"start":{"line":88,"column":8},"end":{"line":91,"column":null}},"type":"if","locations":[{"start":{"line":88,"column":8},"end":{"line":91,"column":null}},{"start":{},"end":{}}]},"23":{"loc":{"start":{"line":88,"column":12},"end":{"line":88,"column":78}},"type":"binary-expr","locations":[{"start":{"line":88,"column":12},"end":{"line":88,"column":29}},{"start":{"line":88,"column":33},"end":{"line":88,"column":78}}]},"24":{"loc":{"start":{"line":95,"column":12},"end":{"line":102,"column":42}},"type":"binary-expr","locations":[{"start":{"line":95,"column":12},"end":{"line":95,"column":27}},{"start":{"line":96,"column":12},"end":{"line":96,"column":43}},{"start":{"line":97,"column":12},"end":{"line":97,"column":42}},{"start":{"line":98,"column":12},"end":{"line":98,"column":42}},{"start":{"line":99,"column":12},"end":{"line":99,"column":42}},{"start":{"line":100,"column":12},"end":{"line":100,"column":42}},{"start":{"line":101,"column":12},"end":{"line":101,"column":42}},{"start":{"line":102,"column":12},"end":{"line":102,"column":42}}]},"25":{"loc":{"start":{"line":104,"column":8},"end":{"line":106,"column":null}},"type":"if","locations":[{"start":{"line":104,"column":8},"end":{"line":106,"column":null}},{"start":{},"end":{}}]},"26":{"loc":{"start":{"line":122,"column":4},"end":{"line":124,"column":null}},"type":"if","locations":[{"start":{"line":122,"column":4},"end":{"line":124,"column":null}},{"start":{},"end":{}}]},"27":{"loc":{"start":{"line":122,"column":8},"end":{"line":122,"column":72}},"type":"binary-expr","locations":[{"start":{"line":122,"column":8},"end":{"line":122,"column":44}},{"start":{"line":122,"column":48},"end":{"line":122,"column":72}}]},"28":{"loc":{"start":{"line":127,"column":4},"end":{"line":130,"column":null}},"type":"if","locations":[{"start":{"line":127,"column":4},"end":{"line":130,"column":null}},{"start":{},"end":{}}]},"29":{"loc":{"start":{"line":133,"column":4},"end":{"line":135,"column":null}},"type":"if","locations":[{"start":{"line":133,"column":4},"end":{"line":135,"column":null}},{"start":{},"end":{}}]},"30":{"loc":{"start":{"line":133,"column":8},"end":{"line":133,"column":96}},"type":"binary-expr","locations":[{"start":{"line":133,"column":8},"end":{"line":133,"column":37}},{"start":{"line":133,"column":41},"end":{"line":133,"column":56}},{"start":{"line":133,"column":60},"end":{"line":133,"column":76}},{"start":{"line":133,"column":80},"end":{"line":133,"column":96}}]},"31":{"loc":{"start":{"line":151,"column":4},"end":{"line":153,"column":null}},"type":"if","locations":[{"start":{"line":151,"column":4},"end":{"line":153,"column":null}},{"start":{},"end":{}}]},"32":{"loc":{"start":{"line":151,"column":8},"end":{"line":151,"column":71}},"type":"binary-expr","locations":[{"start":{"line":151,"column":8},"end":{"line":151,"column":44}},{"start":{"line":151,"column":48},"end":{"line":151,"column":71}}]},"33":{"loc":{"start":{"line":155,"column":4},"end":{"line":164,"column":null}},"type":"if","locations":[{"start":{"line":155,"column":4},"end":{"line":164,"column":null}},{"start":{},"end":{}}]},"34":{"loc":{"start":{"line":156,"column":8},"end":{"line":161,"column":null}},"type":"binary-expr","locations":[{"start":{"line":156,"column":8},"end":{"line":156,"column":31}},{"start":{"line":157,"column":8},"end":{"line":157,"column":31}},{"start":{"line":158,"column":8},"end":{"line":158,"column":31}},{"start":{"line":159,"column":8},"end":{"line":159,"column":31}},{"start":{"line":160,"column":8},"end":{"line":160,"column":31}},{"start":{"line":161,"column":8},"end":{"line":161,"column":null}}]},"35":{"loc":{"start":{"line":169,"column":25},"end":{"line":169,"column":67}},"type":"binary-expr","locations":[{"start":{"line":169,"column":25},"end":{"line":169,"column":44}},{"start":{"line":169,"column":48},"end":{"line":169,"column":67}}]},"36":{"loc":{"start":{"line":170,"column":22},"end":{"line":170,"column":64}},"type":"binary-expr","locations":[{"start":{"line":170,"column":22},"end":{"line":170,"column":41}},{"start":{"line":170,"column":45},"end":{"line":170,"column":64}}]},"37":{"loc":{"start":{"line":171,"column":4},"end":{"line":173,"column":null}},"type":"if","locations":[{"start":{"line":171,"column":4},"end":{"line":173,"column":null}},{"start":{},"end":{}}]},"38":{"loc":{"start":{"line":171,"column":8},"end":{"line":171,"column":35}},"type":"binary-expr","locations":[{"start":{"line":171,"column":8},"end":{"line":171,"column":21}},{"start":{"line":171,"column":25},"end":{"line":171,"column":35}}]},"39":{"loc":{"start":{"line":176,"column":4},"end":{"line":178,"column":null}},"type":"if","locations":[{"start":{"line":176,"column":4},"end":{"line":178,"column":null}},{"start":{},"end":{}}]},"40":{"loc":{"start":{"line":181,"column":4},"end":{"line":183,"column":null}},"type":"if","locations":[{"start":{"line":181,"column":4},"end":{"line":183,"column":null}},{"start":{},"end":{}}]},"41":{"loc":{"start":{"line":187,"column":4},"end":{"line":189,"column":null}},"type":"if","locations":[{"start":{"line":187,"column":4},"end":{"line":189,"column":null}},{"start":{},"end":{}}]},"42":{"loc":{"start":{"line":194,"column":8},"end":{"line":196,"column":null}},"type":"if","locations":[{"start":{"line":194,"column":8},"end":{"line":196,"column":null}},{"start":{},"end":{}}]},"43":{"loc":{"start":{"line":200,"column":8},"end":{"line":202,"column":null}},"type":"if","locations":[{"start":{"line":200,"column":8},"end":{"line":202,"column":null}},{"start":{},"end":{}}]},"44":{"loc":{"start":{"line":200,"column":12},"end":{"line":200,"column":53}},"type":"binary-expr","locations":[{"start":{"line":200,"column":12},"end":{"line":200,"column":22}},{"start":{"line":200,"column":26},"end":{"line":200,"column":40}},{"start":{"line":200,"column":44},"end":{"line":200,"column":53}}]},"45":{"loc":{"start":{"line":206,"column":8},"end":{"line":208,"column":null}},"type":"if","locations":[{"start":{"line":206,"column":8},"end":{"line":208,"column":null}},{"start":{},"end":{}}]},"46":{"loc":{"start":{"line":206,"column":12},"end":{"line":206,"column":67}},"type":"binary-expr","locations":[{"start":{"line":206,"column":12},"end":{"line":206,"column":39}},{"start":{"line":206,"column":43},"end":{"line":206,"column":67}}]},"47":{"loc":{"start":{"line":219,"column":4},"end":{"line":221,"column":null}},"type":"if","locations":[{"start":{"line":219,"column":4},"end":{"line":221,"column":null}},{"start":{},"end":{}}]},"48":{"loc":{"start":{"line":219,"column":8},"end":{"line":219,"column":48}},"type":"binary-expr","locations":[{"start":{"line":219,"column":8},"end":{"line":219,"column":18}},{"start":{"line":219,"column":22},"end":{"line":219,"column":48}}]},"49":{"loc":{"start":{"line":222,"column":4},"end":{"line":224,"column":null}},"type":"if","locations":[{"start":{"line":222,"column":4},"end":{"line":224,"column":null}},{"start":{},"end":{}}]},"50":{"loc":{"start":{"line":229,"column":4},"end":{"line":231,"column":null}},"type":"if","locations":[{"start":{"line":229,"column":4},"end":{"line":231,"column":null}},{"start":{},"end":{}}]},"51":{"loc":{"start":{"line":229,"column":8},"end":{"line":229,"column":48}},"type":"binary-expr","locations":[{"start":{"line":229,"column":8},"end":{"line":229,"column":18}},{"start":{"line":229,"column":22},"end":{"line":229,"column":48}}]},"52":{"loc":{"start":{"line":232,"column":4},"end":{"line":239,"column":null}},"type":"if","locations":[{"start":{"line":232,"column":4},"end":{"line":239,"column":null}},{"start":{},"end":{}}]},"53":{"loc":{"start":{"line":249,"column":4},"end":{"line":251,"column":null}},"type":"if","locations":[{"start":{"line":249,"column":4},"end":{"line":251,"column":null}},{"start":{},"end":{}}]},"54":{"loc":{"start":{"line":249,"column":8},"end":{"line":249,"column":48}},"type":"binary-expr","locations":[{"start":{"line":249,"column":8},"end":{"line":249,"column":18}},{"start":{"line":249,"column":22},"end":{"line":249,"column":48}}]},"55":{"loc":{"start":{"line":252,"column":4},"end":{"line":256,"column":null}},"type":"if","locations":[{"start":{"line":252,"column":4},"end":{"line":256,"column":null}},{"start":{},"end":{}}]}},"s":{"0":3,"1":0,"2":3,"3":0,"4":3,"5":3,"6":7,"7":0,"8":0,"9":7,"10":7,"11":1,"12":6,"13":0,"14":0,"15":6,"16":6,"17":0,"18":6,"19":6,"20":6,"21":2,"22":4,"23":1,"24":10,"25":0,"26":10,"27":0,"28":10,"29":10,"30":10,"31":16,"32":0,"33":0,"34":16,"35":16,"36":2,"37":2,"38":14,"39":0,"40":0,"41":0,"42":14,"43":14,"44":8,"45":8,"46":6,"47":6,"48":6,"49":4,"50":6,"51":10,"52":24,"53":10,"54":10,"55":10,"56":24,"57":24,"58":10,"59":1,"60":0,"61":1,"62":1,"63":0,"64":0,"65":1,"66":1,"67":0,"68":1,"69":1,"70":1,"71":1,"72":1,"73":1,"74":1,"75":1,"76":1,"77":1,"78":1,"79":4,"80":2,"81":2,"82":0,"83":2,"84":2,"85":2,"86":2,"87":2,"88":2,"89":0,"90":2,"91":2,"92":0,"93":2,"94":2,"95":0,"96":2,"97":2,"98":2,"99":0,"100":2,"101":2,"102":2,"103":2,"104":2,"105":0,"106":2,"107":2,"108":2,"109":0,"110":2,"111":2,"112":2,"113":0,"114":2,"115":2,"116":2,"117":0,"118":10,"119":0,"120":10,"121":5,"122":5,"123":4,"124":0,"125":4,"126":2,"127":2,"128":2,"129":0,"130":2,"131":1,"132":1,"133":1,"134":1,"135":1},"f":{"0":3,"1":10,"2":24,"3":1,"4":4,"5":10,"6":4,"7":2},"b":{"0":[0,3],"1":[3,3],"2":[0,3],"3":[3,3],"4":[0,7],"5":[1,6],"6":[7,6],"7":[0,6],"8":[6,6,6],"9":[0,6],"10":[6,6],"11":[6,3,3,2,2,2,2,2],"12":[2,4],"13":[0,10],"14":[10,10],"15":[0,10],"16":[10,10],"17":[0,16],"18":[2,14],"19":[16,14],"20":[0,14],"21":[14,14,14],"22":[8,6],"23":[14,6],"24":[6,3,3,2,2,2,2,2],"25":[4,2],"26":[0,1],"27":[1,1],"28":[0,1],"29":[0,1],"30":[1,1,1,1],"31":[2,2],"32":[4,4],"33":[0,2],"34":[2,2,2,2,2,2],"35":[2,1],"36":[2,1],"37":[0,2],"38":[2,1],"39":[0,2],"40":[0,2],"41":[0,2],"42":[0,2],"43":[0,2],"44":[2,2,2],"45":[0,2],"46":[2,2],"47":[0,10],"48":[10,10],"49":[5,5],"50":[0,4],"51":[4,4],"52":[2,2],"53":[0,2],"54":[2,2],"55":[1,1]}}
,"/Users/nicholastinsley/Documents/GitHub.nosync/ultrahdr-pwa-svelte/src/lib/heic-processing.js": {"path":"/Users/nicholastinsley/Documents/GitHub.nosync/ultrahdr-pwa-svelte/src/lib/heic-processing.js","statementMap":{"0":{"start":{"line":3,"column":14},"end":{"line":3,"column":18}},"1":{"start":{"line":6,"column":4},"end":{"line":6,"column":null}},"2":{"start":{"line":6,"column":17},"end":{"line":6,"column":null}},"3":{"start":{"line":7,"column":4},"end":{"line":7,"column":null}},"4":{"start":{"line":10,"column":20},"end":{"line":10,"column":77}},"5":{"start":{"line":11,"column":4},"end":{"line":11,"column":null}},"6":{"start":{"line":13,"column":21},"end":{"line":13,"column":41}},"7":{"start":{"line":14,"column":4},"end":{"line":16,"column":null}},"8":{"start":{"line":15,"column":8},"end":{"line":15,"column":null}},"9":{"start":{"line":17,"column":23},"end":{"line":17,"column":51}},"10":{"start":{"line":19,"column":4},"end":{"line":28,"column":null}},"11":{"start":{"line":23,"column":12},"end":{"line":25,"column":null}},"12":{"start":{"line":24,"column":16},"end":{"line":24,"column":null}},"13":{"start":{"line":26,"column":12},"end":{"line":26,"column":null}},"14":{"start":{"line":29,"column":4},"end":{"line":29,"column":null}},"15":{"start":{"line":30,"column":4},"end":{"line":30,"column":null}},"16":{"start":{"line":34,"column":4},"end":{"line":34,"column":null}},"17":{"start":{"line":35,"column":17},"end":{"line":35,"column":36}},"18":{"start":{"line":36,"column":24},"end":{"line":36,"column":48}},"19":{"start":{"line":37,"column":28},"end":{"line":37,"column":82}},"20":{"start":{"line":38,"column":4},"end":{"line":40,"column":null}},"21":{"start":{"line":39,"column":8},"end":{"line":39,"column":null}},"22":{"start":{"line":42,"column":20},"end":{"line":42,"column":42}},"23":{"start":{"line":43,"column":17},"end":{"line":43,"column":44}},"24":{"start":{"line":45,"column":4},"end":{"line":47,"column":null}},"25":{"start":{"line":46,"column":8},"end":{"line":46,"column":null}},"26":{"start":{"line":49,"column":4},"end":{"line":49,"column":null}},"27":{"start":{"line":52,"column":25},"end":{"line":52,"column":32}},"28":{"start":{"line":53,"column":21},"end":{"line":53,"column":45}},"29":{"start":{"line":54,"column":21},"end":{"line":54,"column":46}},"30":{"start":{"line":56,"column":4},"end":{"line":65,"column":null}},"31":{"start":{"line":57,"column":27},"end":{"line":57,"column":46}},"32":{"start":{"line":58,"column":27},"end":{"line":58,"column":47}},"33":{"start":{"line":59,"column":27},"end":{"line":59,"column":77}},"34":{"start":{"line":60,"column":8},"end":{"line":64,"column":null}},"35":{"start":{"line":61,"column":12},"end":{"line":61,"column":null}},"36":{"start":{"line":63,"column":12},"end":{"line":63,"column":null}},"37":{"start":{"line":67,"column":27},"end":{"line":67,"column":31}},"38":{"start":{"line":69,"column":4},"end":{"line":98,"column":null}},"39":{"start":{"line":70,"column":28},"end":{"line":70,"column":63}},"40":{"start":{"line":73,"column":8},"end":{"line":79,"column":null}},"41":{"start":{"line":82,"column":8},"end":{"line":90,"column":null}},"42":{"start":{"line":83,"column":12},"end":{"line":89,"column":null}},"43":{"start":{"line":92,"column":8},"end":{"line":94,"column":null}},"44":{"start":{"line":93,"column":12},"end":{"line":93,"column":null}},"45":{"start":{"line":97,"column":8},"end":{"line":97,"column":null}},"46":{"start":{"line":101,"column":19},"end":{"line":101,"column":51}},"47":{"start":{"line":102,"column":4},"end":{"line":102,"column":null}},"48":{"start":{"line":103,"column":4},"end":{"line":103,"column":null}},"49":{"start":{"line":104,"column":16},"end":{"line":104,"column":39}},"50":{"start":{"line":105,"column":22},"end":{"line":105,"column":61}},"51":{"start":{"line":107,"column":4},"end":{"line":115,"column":null}},"52":{"start":{"line":108,"column":8},"end":{"line":114,"column":null}},"53":{"start":{"line":109,"column":12},"end":{"line":113,"column":null}},"54":{"start":{"line":110,"column":16},"end":{"line":110,"column":null}},"55":{"start":{"line":112,"column":16},"end":{"line":112,"column":null}},"56":{"start":{"line":117,"column":4},"end":{"line":125,"column":null}},"57":{"start":{"line":118,"column":8},"end":{"line":118,"column":null}},"58":{"start":{"line":119,"column":8},"end":{"line":124,"column":null}},"59":{"start":{"line":127,"column":4},"end":{"line":127,"column":null}},"60":{"start":{"line":128,"column":4},"end":{"line":128,"column":null}},"61":{"start":{"line":129,"column":20},"end":{"line":129,"column":73}},"62":{"start":{"line":129,"column":43},"end":{"line":129,"column":72}},"63":{"start":{"line":130,"column":20},"end":{"line":130,"column":108}},"64":{"start":{"line":132,"column":4},"end":{"line":132,"column":null}},"65":{"start":{"line":136,"column":4},"end":{"line":153,"column":null}},"66":{"start":{"line":137,"column":21},"end":{"line":137,"column":66}},"67":{"start":{"line":138,"column":22},"end":{"line":139,"column":65}},"68":{"start":{"line":141,"column":8},"end":{"line":143,"column":null}},"69":{"start":{"line":142,"column":12},"end":{"line":142,"column":null}},"70":{"start":{"line":145,"column":25},"end":{"line":145,"column":52}},"71":{"start":{"line":146,"column":8},"end":{"line":148,"column":null}},"72":{"start":{"line":147,"column":12},"end":{"line":147,"column":null}},"73":{"start":{"line":150,"column":8},"end":{"line":150,"column":null}},"74":{"start":{"line":152,"column":8},"end":{"line":152,"column":null}},"75":{"start":{"line":165,"column":36},"end":{"line":165,"column":45}},"76":{"start":{"line":166,"column":23},"end":{"line":166,"column":37}},"77":{"start":{"line":167,"column":17},"end":{"line":167,"column":58}},"78":{"start":{"line":168,"column":26},"end":{"line":168,"column":27}},"79":{"start":{"line":170,"column":4},"end":{"line":179,"column":null}},"80":{"start":{"line":170,"column":17},"end":{"line":170,"column":18}},"81":{"start":{"line":171,"column":20},"end":{"line":171,"column":25}},"82":{"start":{"line":172,"column":18},"end":{"line":172,"column":27}},"83":{"start":{"line":173,"column":18},"end":{"line":173,"column":31}},"84":{"start":{"line":174,"column":18},"end":{"line":174,"column":31}},"85":{"start":{"line":175,"column":21},"end":{"line":175,"column":80}},"86":{"start":{"line":176,"column":8},"end":{"line":178,"column":null}},"87":{"start":{"line":177,"column":12},"end":{"line":177,"column":null}},"88":{"start":{"line":181,"column":25},"end":{"line":181,"column":53}},"89":{"start":{"line":182,"column":23},"end":{"line":182,"column":53}},"90":{"start":{"line":183,"column":4},"end":{"line":183,"column":29}},"91":{"start":{"line":187,"column":4},"end":{"line":194,"column":null}},"92":{"start":{"line":188,"column":20},"end":{"line":188,"column":89}},"93":{"start":{"line":189,"column":8},"end":{"line":191,"column":null}},"94":{"start":{"line":190,"column":12},"end":{"line":190,"column":null}},"95":{"start":{"line":193,"column":8},"end":{"line":193,"column":null}},"96":{"start":{"line":197,"column":4},"end":{"line":197,"column":null}},"97":{"start":{"line":201,"column":4},"end":{"line":201,"column":null}},"98":{"start":{"line":205,"column":14},"end":{"line":205,"column":54}},"99":{"start":{"line":206,"column":14},"end":{"line":206,"column":55}},"100":{"start":{"line":207,"column":22},"end":{"line":207,"column":48}},"101":{"start":{"line":209,"column":19},"end":{"line":209,"column":51}},"102":{"start":{"line":210,"column":4},"end":{"line":210,"column":null}},"103":{"start":{"line":211,"column":4},"end":{"line":211,"column":null}},"104":{"start":{"line":212,"column":16},"end":{"line":212,"column":39}},"105":{"start":{"line":213,"column":22},"end":{"line":213,"column":47}},"106":{"start":{"line":215,"column":4},"end":{"line":220,"column":null}},"107":{"start":{"line":216,"column":8},"end":{"line":219,"column":null}},"108":{"start":{"line":217,"column":12},"end":{"line":218,"column":null}},"109":{"start":{"line":217,"column":30},"end":{"line":217,"column":null}},"110":{"start":{"line":218,"column":17},"end":{"line":218,"column":null}},"111":{"start":{"line":222,"column":4},"end":{"line":222,"column":null}},"112":{"start":{"line":226,"column":26},"end":{"line":226,"column":75}},"113":{"start":{"line":228,"column":23},"end":{"line":228,"column":57}},"114":{"start":{"line":229,"column":24},"end":{"line":229,"column":44}},"115":{"start":{"line":230,"column":24},"end":{"line":230,"column":43}},"116":{"start":{"line":231,"column":26},"end":{"line":231,"column":45}},"117":{"start":{"line":233,"column":15},"end":{"line":233,"column":19}},"118":{"start":{"line":235,"column":4},"end":{"line":280,"column":null}},"119":{"start":{"line":235,"column":22},"end":{"line":235,"column":23}},"120":{"start":{"line":236,"column":8},"end":{"line":238,"column":null}},"121":{"start":{"line":237,"column":12},"end":{"line":237,"column":null}},"122":{"start":{"line":241,"column":8},"end":{"line":245,"column":null}},"123":{"start":{"line":242,"column":12},"end":{"line":242,"column":null}},"124":{"start":{"line":244,"column":12},"end":{"line":244,"column":null}},"125":{"start":{"line":247,"column":8},"end":{"line":249,"column":null}},"126":{"start":{"line":248,"column":12},"end":{"line":248,"column":null}},"127":{"start":{"line":251,"column":8},"end":{"line":279,"column":null}},"128":{"start":{"line":252,"column":22},"end":{"line":252,"column":62}},"129":{"start":{"line":253,"column":22},"end":{"line":253,"column":63}},"130":{"start":{"line":254,"column":25},"end":{"line":254,"column":30}},"131":{"start":{"line":257,"column":12},"end":{"line":257,"column":null}},"132":{"start":{"line":257,"column":48},"end":{"line":257,"column":null}},"133":{"start":{"line":258,"column":12},"end":{"line":258,"column":null}},"134":{"start":{"line":258,"column":43},"end":{"line":258,"column":null}},"135":{"start":{"line":260,"column":27},"end":{"line":260,"column":32}},"136":{"start":{"line":261,"column":32},"end":{"line":261,"column":64}},"137":{"start":{"line":262,"column":12},"end":{"line":262,"column":null}},"138":{"start":{"line":262,"column":36},"end":{"line":262,"column":null}},"139":{"start":{"line":264,"column":31},"end":{"line":264,"column":61}},"140":{"start":{"line":265,"column":31},"end":{"line":265,"column":61}},"141":{"start":{"line":266,"column":37},"end":{"line":266,"column":60}},"142":{"start":{"line":267,"column":26},"end":{"line":267,"column":65}},"143":{"start":{"line":269,"column":12},"end":{"line":276,"column":null}},"144":{"start":{"line":270,"column":16},"end":{"line":272,"column":null}},"145":{"start":{"line":271,"column":20},"end":{"line":271,"column":null}},"146":{"start":{"line":273,"column":16},"end":{"line":273,"column":null}},"147":{"start":{"line":275,"column":16},"end":{"line":275,"column":null}},"148":{"start":{"line":278,"column":12},"end":{"line":278,"column":null}},"149":{"start":{"line":282,"column":4},"end":{"line":284,"column":null}},"150":{"start":{"line":283,"column":8},"end":{"line":283,"column":null}},"151":{"start":{"line":286,"column":4},"end":{"line":299,"column":null}},"152":{"start":{"line":287,"column":26},"end":{"line":287,"column":75}},"153":{"start":{"line":288,"column":8},"end":{"line":291,"column":null}},"154":{"start":{"line":289,"column":12},"end":{"line":289,"column":null}},"155":{"start":{"line":290,"column":12},"end":{"line":290,"column":null}},"156":{"start":{"line":292,"column":8},"end":{"line":292,"column":null}},"157":{"start":{"line":293,"column":8},"end":{"line":293,"column":null}},"158":{"start":{"line":295,"column":8},"end":{"line":295,"column":null}},"159":{"start":{"line":296,"column":8},"end":{"line":296,"column":null}},"160":{"start":{"line":298,"column":8},"end":{"line":298,"column":null}},"161":{"start":{"line":303,"column":4},"end":{"line":303,"column":null}},"162":{"start":{"line":304,"column":16},"end":{"line":304,"column":31}},"163":{"start":{"line":305,"column":4},"end":{"line":307,"column":null}},"164":{"start":{"line":306,"column":8},"end":{"line":306,"column":null}},"165":{"start":{"line":308,"column":16},"end":{"line":308,"column":27}},"166":{"start":{"line":310,"column":4},"end":{"line":375,"column":null}},"167":{"start":{"line":310,"column":22},"end":{"line":310,"column":23}},"168":{"start":{"line":311,"column":24},"end":{"line":311,"column":35}},"169":{"start":{"line":312,"column":21},"end":{"line":312,"column":25}},"170":{"start":{"line":314,"column":8},"end":{"line":374,"column":null}},"171":{"start":{"line":315,"column":12},"end":{"line":317,"column":null}},"172":{"start":{"line":319,"column":12},"end":{"line":321,"column":null}},"173":{"start":{"line":320,"column":16},"end":{"line":320,"column":null}},"174":{"start":{"line":323,"column":29},"end":{"line":323,"column":96}},"175":{"start":{"line":324,"column":31},"end":{"line":324,"column":88}},"176":{"start":{"line":325,"column":12},"end":{"line":327,"column":null}},"177":{"start":{"line":326,"column":16},"end":{"line":326,"column":null}},"178":{"start":{"line":328,"column":12},"end":{"line":330,"column":null}},"179":{"start":{"line":329,"column":16},"end":{"line":329,"column":null}},"180":{"start":{"line":332,"column":30},"end":{"line":332,"column":56}},"181":{"start":{"line":333,"column":12},"end":{"line":367,"column":null}},"182":{"start":{"line":334,"column":35},"end":{"line":339,"column":17}},"183":{"start":{"line":340,"column":31},"end":{"line":340,"column":88}},"184":{"start":{"line":342,"column":16},"end":{"line":364,"column":null}},"185":{"start":{"line":342,"column":29},"end":{"line":342,"column":30}},"186":{"start":{"line":343,"column":34},"end":{"line":343,"column":43}},"187":{"start":{"line":344,"column":38},"end":{"line":344,"column":87}},"188":{"start":{"line":345,"column":20},"end":{"line":347,"column":null}},"189":{"start":{"line":346,"column":24},"end":{"line":346,"column":null}},"190":{"start":{"line":349,"column":20},"end":{"line":363,"column":null}},"191":{"start":{"line":350,"column":36},"end":{"line":350,"column":79}},"192":{"start":{"line":351,"column":36},"end":{"line":351,"column":80}},"193":{"start":{"line":352,"column":24},"end":{"line":354,"column":null}},"194":{"start":{"line":353,"column":28},"end":{"line":353,"column":null}},"195":{"start":{"line":356,"column":42},"end":{"line":356,"column":89}},"196":{"start":{"line":357,"column":24},"end":{"line":360,"column":null}},"197":{"start":{"line":358,"column":28},"end":{"line":358,"column":null}},"198":{"start":{"line":359,"column":28},"end":{"line":359,"column":null}},"199":{"start":{"line":362,"column":24},"end":{"line":362,"column":null}},"200":{"start":{"line":366,"column":16},"end":{"line":366,"column":null}},"201":{"start":{"line":369,"column":12},"end":{"line":369,"column":null}},"202":{"start":{"line":371,"column":12},"end":{"line":373,"column":null}},"203":{"start":{"line":372,"column":16},"end":{"line":372,"column":null}},"204":{"start":{"line":377,"column":4},"end":{"line":377,"column":null}}},"fnMap":{"0":{"name":"initLibHeif","decl":{"start":{"line":5,"column":15},"end":{"line":5,"column":26}},"loc":{"start":{"line":5,"column":29},"end":{"line":31,"column":null}}},"1":{"name":"(anonymous_1)","decl":{"start":{"line":22,"column":20},"end":{"line":22,"column":21}},"loc":{"start":{"line":22,"column":30},"end":{"line":27,"column":null}}},"2":{"name":"processHeic","decl":{"start":{"line":33,"column":22},"end":{"line":33,"column":33}},"loc":{"start":{"line":33,"column":92},"end":{"line":133,"column":null}}},"3":{"name":"(anonymous_3)","decl":{"start":{"line":107,"column":22},"end":{"line":107,"column":23}},"loc":{"start":{"line":107,"column":43},"end":{"line":115,"column":5}}},"4":{"name":"(anonymous_4)","decl":{"start":{"line":108,"column":40},"end":{"line":108,"column":41}},"loc":{"start":{"line":108,"column":57},"end":{"line":114,"column":9}}},"5":{"name":"(anonymous_5)","decl":{"start":{"line":129,"column":38},"end":{"line":129,"column":39}},"loc":{"start":{"line":129,"column":43},"end":{"line":129,"column":72}}},"6":{"name":"_extractHdrGainMapHeadroomFromArrayBuffer","decl":{"start":{"line":135,"column":9},"end":{"line":135,"column":50}},"loc":{"start":{"line":135,"column":64},"end":{"line":154,"column":null}}},"7":{"name":"_isGainMapMonochrome","decl":{"start":{"line":164,"column":9},"end":{"line":164,"column":29}},"loc":{"start":{"line":164,"column":57},"end":{"line":184,"column":null}}},"8":{"name":"_getTopLevelImageIds","decl":{"start":{"line":186,"column":9},"end":{"line":186,"column":29}},"loc":{"start":{"line":186,"column":45},"end":{"line":198,"column":null}}},"9":{"name":"_isHeifHandle","decl":{"start":{"line":200,"column":9},"end":{"line":200,"column":22}},"loc":{"start":{"line":200,"column":28},"end":{"line":202,"column":null}}},"10":{"name":"_decodeHandleToImageData","decl":{"start":{"line":204,"column":15},"end":{"line":204,"column":39}},"loc":{"start":{"line":204,"column":54},"end":{"line":223,"column":null}}},"11":{"name":"(anonymous_11)","decl":{"start":{"line":215,"column":22},"end":{"line":215,"column":23}},"loc":{"start":{"line":215,"column":43},"end":{"line":220,"column":5}}},"12":{"name":"(anonymous_12)","decl":{"start":{"line":216,"column":37},"end":{"line":216,"column":38}},"loc":{"start":{"line":216,"column":54},"end":{"line":219,"column":9}}},"13":{"name":"_extractIphoneHiddenGainMapItem","decl":{"start":{"line":225,"column":15},"end":{"line":225,"column":46}},"loc":{"start":{"line":225,"column":95},"end":{"line":300,"column":null}}},"14":{"name":"_extractViaAuxiliaryApi","decl":{"start":{"line":302,"column":15},"end":{"line":302,"column":38}},"loc":{"start":{"line":302,"column":87},"end":{"line":378,"column":null}}}},"branchMap":{"0":{"loc":{"start":{"line":6,"column":4},"end":{"line":6,"column":null}},"type":"if","locations":[{"start":{"line":6,"column":4},"end":{"line":6,"column":null}},{"start":{},"end":{}}]},"1":{"loc":{"start":{"line":10,"column":21},"end":{"line":10,"column":52}},"type":"binary-expr","locations":[{"start":{"line":10,"column":21},"end":{"line":10,"column":45}},{"start":{"line":10,"column":49},"end":{"line":10,"column":52}}]},"2":{"loc":{"start":{"line":14,"column":4},"end":{"line":16,"column":null}},"type":"if","locations":[{"start":{"line":14,"column":4},"end":{"line":16,"column":null}},{"start":{},"end":{}}]},"3":{"loc":{"start":{"line":23,"column":12},"end":{"line":25,"column":null}},"type":"if","locations":[{"start":{"line":23,"column":12},"end":{"line":25,"column":null}},{"start":{},"end":{}}]},"4":{"loc":{"start":{"line":33,"column":40},"end":{"line":33,"column":90}},"type":"default-arg","locations":[{"start":{"line":33,"column":50},"end":{"line":33,"column":90}}]},"5":{"loc":{"start":{"line":38,"column":4},"end":{"line":40,"column":null}},"type":"if","locations":[{"start":{"line":38,"column":4},"end":{"line":40,"column":null}},{"start":{},"end":{}}]},"6":{"loc":{"start":{"line":45,"column":4},"end":{"line":47,"column":null}},"type":"if","locations":[{"start":{"line":45,"column":4},"end":{"line":47,"column":null}},{"start":{},"end":{}}]},"7":{"loc":{"start":{"line":45,"column":8},"end":{"line":45,"column":34}},"type":"binary-expr","locations":[{"start":{"line":45,"column":8},"end":{"line":45,"column":13}},{"start":{"line":45,"column":17},"end":{"line":45,"column":34}}]},"8":{"loc":{"start":{"line":56,"column":4},"end":{"line":65,"column":null}},"type":"if","locations":[{"start":{"line":56,"column":4},"end":{"line":65,"column":null}},{"start":{},"end":{}}]},"9":{"loc":{"start":{"line":59,"column":27},"end":{"line":59,"column":77}},"type":"binary-expr","locations":[{"start":{"line":59,"column":27},"end":{"line":59,"column":50}},{"start":{"line":59,"column":54},"end":{"line":59,"column":77}}]},"10":{"loc":{"start":{"line":60,"column":8},"end":{"line":64,"column":null}},"type":"if","locations":[{"start":{"line":60,"column":8},"end":{"line":64,"column":null}},{"start":{"line":62,"column":15},"end":{"line":64,"column":null}}]},"11":{"loc":{"start":{"line":69,"column":4},"end":{"line":98,"column":null}},"type":"if","locations":[{"start":{"line":69,"column":4},"end":{"line":98,"column":null}},{"start":{"line":96,"column":11},"end":{"line":98,"column":null}}]},"12":{"loc":{"start":{"line":82,"column":8},"end":{"line":90,"column":null}},"type":"if","locations":[{"start":{"line":82,"column":8},"end":{"line":90,"column":null}},{"start":{},"end":{}}]},"13":{"loc":{"start":{"line":92,"column":8},"end":{"line":94,"column":null}},"type":"if","locations":[{"start":{"line":92,"column":8},"end":{"line":94,"column":null}},{"start":{},"end":{}}]},"14":{"loc":{"start":{"line":109,"column":12},"end":{"line":113,"column":null}},"type":"if","locations":[{"start":{"line":109,"column":12},"end":{"line":113,"column":null}},{"start":{"line":111,"column":19},"end":{"line":113,"column":null}}]},"15":{"loc":{"start":{"line":117,"column":4},"end":{"line":125,"column":null}},"type":"if","locations":[{"start":{"line":117,"column":4},"end":{"line":125,"column":null}},{"start":{},"end":{}}]},"16":{"loc":{"start":{"line":138,"column":22},"end":{"line":139,"column":65}},"type":"binary-expr","locations":[{"start":{"line":138,"column":22},"end":{"line":138,"column":null}},{"start":{"line":139,"column":15},"end":{"line":139,"column":65}}]},"17":{"loc":{"start":{"line":141,"column":8},"end":{"line":143,"column":null}},"type":"if","locations":[{"start":{"line":141,"column":8},"end":{"line":143,"column":null}},{"start":{},"end":{}}]},"18":{"loc":{"start":{"line":146,"column":8},"end":{"line":148,"column":null}},"type":"if","locations":[{"start":{"line":146,"column":8},"end":{"line":148,"column":null}},{"start":{},"end":{}}]},"19":{"loc":{"start":{"line":146,"column":12},"end":{"line":146,"column":55}},"type":"binary-expr","locations":[{"start":{"line":146,"column":12},"end":{"line":146,"column":38}},{"start":{"line":146,"column":42},"end":{"line":146,"column":55}}]},"20":{"loc":{"start":{"line":164,"column":41},"end":{"line":164,"column":55}},"type":"default-arg","locations":[{"start":{"line":164,"column":53},"end":{"line":164,"column":55}}]},"21":{"loc":{"start":{"line":176,"column":8},"end":{"line":178,"column":null}},"type":"if","locations":[{"start":{"line":176,"column":8},"end":{"line":178,"column":null}},{"start":{},"end":{}}]},"22":{"loc":{"start":{"line":189,"column":8},"end":{"line":191,"column":null}},"type":"if","locations":[{"start":{"line":189,"column":8},"end":{"line":191,"column":null}},{"start":{},"end":{}}]},"23":{"loc":{"start":{"line":189,"column":12},"end":{"line":189,"column":48}},"type":"binary-expr","locations":[{"start":{"line":189,"column":12},"end":{"line":189,"column":30}},{"start":{"line":189,"column":34},"end":{"line":189,"column":48}}]},"24":{"loc":{"start":{"line":201,"column":11},"end":{"line":201,"column":83}},"type":"binary-expr","locations":[{"start":{"line":201,"column":11},"end":{"line":201,"column":16}},{"start":{"line":201,"column":20},"end":{"line":201,"column":35}},{"start":{"line":201,"column":39},"end":{"line":201,"column":83}}]},"25":{"loc":{"start":{"line":217,"column":12},"end":{"line":218,"column":null}},"type":"if","locations":[{"start":{"line":217,"column":12},"end":{"line":218,"column":null}},{"start":{"line":218,"column":17},"end":{"line":218,"column":null}}]},"26":{"loc":{"start":{"line":226,"column":26},"end":{"line":226,"column":75}},"type":"cond-expr","locations":[{"start":{"line":226,"column":47},"end":{"line":226,"column":71}},{"start":{"line":226,"column":74},"end":{"line":226,"column":75}}]},"27":{"loc":{"start":{"line":236,"column":8},"end":{"line":238,"column":null}},"type":"if","locations":[{"start":{"line":236,"column":8},"end":{"line":238,"column":null}},{"start":{},"end":{}}]},"28":{"loc":{"start":{"line":247,"column":8},"end":{"line":249,"column":null}},"type":"if","locations":[{"start":{"line":247,"column":8},"end":{"line":249,"column":null}},{"start":{},"end":{}}]},"29":{"loc":{"start":{"line":257,"column":12},"end":{"line":257,"column":null}},"type":"if","locations":[{"start":{"line":257,"column":12},"end":{"line":257,"column":null}},{"start":{},"end":{}}]},"30":{"loc":{"start":{"line":257,"column":16},"end":{"line":257,"column":46}},"type":"binary-expr","locations":[{"start":{"line":257,"column":16},"end":{"line":257,"column":29}},{"start":{"line":257,"column":33},"end":{"line":257,"column":46}}]},"31":{"loc":{"start":{"line":258,"column":12},"end":{"line":258,"column":null}},"type":"if","locations":[{"start":{"line":258,"column":12},"end":{"line":258,"column":null}},{"start":{},"end":{}}]},"32":{"loc":{"start":{"line":262,"column":12},"end":{"line":262,"column":null}},"type":"if","locations":[{"start":{"line":262,"column":12},"end":{"line":262,"column":null}},{"start":{},"end":{}}]},"33":{"loc":{"start":{"line":269,"column":12},"end":{"line":276,"column":null}},"type":"if","locations":[{"start":{"line":269,"column":12},"end":{"line":276,"column":null}},{"start":{"line":274,"column":19},"end":{"line":276,"column":null}}]},"34":{"loc":{"start":{"line":269,"column":16},"end":{"line":269,"column":43}},"type":"binary-expr","locations":[{"start":{"line":269,"column":16},"end":{"line":269,"column":21}},{"start":{"line":269,"column":25},"end":{"line":269,"column":43}}]},"35":{"loc":{"start":{"line":270,"column":16},"end":{"line":272,"column":null}},"type":"if","locations":[{"start":{"line":270,"column":16},"end":{"line":272,"column":null}},{"start":{},"end":{}}]},"36":{"loc":{"start":{"line":270,"column":20},"end":{"line":270,"column":39}},"type":"binary-expr","locations":[{"start":{"line":270,"column":20},"end":{"line":270,"column":24}},{"start":{"line":270,"column":28},"end":{"line":270,"column":39}}]},"37":{"loc":{"start":{"line":282,"column":4},"end":{"line":284,"column":null}},"type":"if","locations":[{"start":{"line":282,"column":4},"end":{"line":284,"column":null}},{"start":{},"end":{}}]},"38":{"loc":{"start":{"line":288,"column":8},"end":{"line":291,"column":null}},"type":"if","locations":[{"start":{"line":288,"column":8},"end":{"line":291,"column":null}},{"start":{},"end":{}}]},"39":{"loc":{"start":{"line":305,"column":4},"end":{"line":307,"column":null}},"type":"if","locations":[{"start":{"line":305,"column":4},"end":{"line":307,"column":null}},{"start":{},"end":{}}]},"40":{"loc":{"start":{"line":315,"column":21},"end":{"line":317,"column":22}},"type":"cond-expr","locations":[{"start":{"line":316,"column":18},"end":{"line":316,"column":null}},{"start":{"line":317,"column":18},"end":{"line":317,"column":22}}]},"41":{"loc":{"start":{"line":319,"column":12},"end":{"line":321,"column":null}},"type":"if","locations":[{"start":{"line":319,"column":12},"end":{"line":321,"column":null}},{"start":{},"end":{}}]},"42":{"loc":{"start":{"line":325,"column":12},"end":{"line":327,"column":null}},"type":"if","locations":[{"start":{"line":325,"column":12},"end":{"line":327,"column":null}},{"start":{},"end":{}}]},"43":{"loc":{"start":{"line":328,"column":12},"end":{"line":330,"column":null}},"type":"if","locations":[{"start":{"line":328,"column":12},"end":{"line":330,"column":null}},{"start":{},"end":{}}]},"44":{"loc":{"start":{"line":345,"column":20},"end":{"line":347,"column":null}},"type":"if","locations":[{"start":{"line":345,"column":20},"end":{"line":347,"column":null}},{"start":{},"end":{}}]},"45":{"loc":{"start":{"line":352,"column":24},"end":{"line":354,"column":null}},"type":"if","locations":[{"start":{"line":352,"column":24},"end":{"line":354,"column":null}},{"start":{},"end":{}}]},"46":{"loc":{"start":{"line":352,"column":28},"end":{"line":352,"column":60}},"type":"binary-expr","locations":[{"start":{"line":352,"column":28},"end":{"line":352,"column":42}},{"start":{"line":352,"column":46},"end":{"line":352,"column":60}}]},"47":{"loc":{"start":{"line":357,"column":24},"end":{"line":360,"column":null}},"type":"if","locations":[{"start":{"line":357,"column":24},"end":{"line":360,"column":null}},{"start":{},"end":{}}]},"48":{"loc":{"start":{"line":371,"column":12},"end":{"line":373,"column":null}},"type":"if","locations":[{"start":{"line":371,"column":12},"end":{"line":373,"column":null}},{"start":{},"end":{}}]}},"s":{"0":9,"1":15,"2":11,"3":4,"4":4,"5":4,"6":4,"7":4,"8":0,"9":4,"10":4,"11":1,"12":1,"13":0,"14":4,"15":4,"16":15,"17":15,"18":15,"19":15,"20":15,"21":12,"22":15,"23":15,"24":15,"25":1,"26":14,"27":14,"28":14,"29":14,"30":14,"31":7,"32":7,"33":7,"34":7,"35":0,"36":7,"37":14,"38":14,"39":11,"40":11,"41":11,"42":1,"43":11,"44":1,"45":3,"46":14,"47":14,"48":14,"49":14,"50":14,"51":14,"52":14,"53":14,"54":0,"55":14,"56":14,"57":10,"58":10,"59":4,"60":4,"61":4,"62":4,"63":4,"64":4,"65":15,"66":15,"67":15,"68":15,"69":3,"70":12,"71":12,"72":0,"73":12,"74":0,"75":10,"76":10,"77":10,"78":10,"79":10,"80":10,"81":5010,"82":5010,"83":5010,"84":5010,"85":5010,"86":5010,"87":0,"88":10,"89":10,"90":10,"91":11,"92":11,"93":11,"94":11,"95":0,"96":0,"97":5611,"98":10,"99":10,"100":10,"101":10,"102":10,"103":10,"104":10,"105":10,"106":10,"107":10,"108":10,"109":0,"110":10,"111":10,"112":11,"113":11,"114":11,"115":11,"116":11,"117":11,"118":11,"119":11,"120":5632,"121":23,"122":5609,"123":5609,"124":0,"125":5609,"126":4679,"127":930,"128":930,"129":930,"130":930,"131":930,"132":0,"133":930,"134":920,"135":10,"136":10,"137":10,"138":0,"139":10,"140":10,"141":10,"142":10,"143":10,"144":10,"145":0,"146":10,"147":0,"148":0,"149":11,"150":1,"151":10,"152":10,"153":10,"154":0,"155":0,"156":10,"157":10,"158":0,"159":0,"160":10,"161":1,"162":1,"163":1,"164":0,"165":1,"166":1,"167":1,"168":1,"169":1,"170":1,"171":1,"172":1,"173":1,"174":0,"175":0,"176":0,"177":0,"178":0,"179":0,"180":0,"181":0,"182":0,"183":0,"184":0,"185":0,"186":0,"187":0,"188":0,"189":0,"190":0,"191":0,"192":0,"193":0,"194":0,"195":0,"196":0,"197":0,"198":0,"199":0,"200":0,"201":0,"202":1,"203":0,"204":1},"f":{"0":15,"1":1,"2":15,"3":14,"4":14,"5":4,"6":15,"7":10,"8":11,"9":5611,"10":10,"11":10,"12":10,"13":11,"14":1},"b":{"0":[11,4],"1":[4,0],"2":[0,4],"3":[1,0],"4":[2],"5":[12,3],"6":[1,14],"7":[15,15],"8":[7,7],"9":[7,0],"10":[0,7],"11":[11,3],"12":[1,10],"13":[1,10],"14":[0,14],"15":[10,4],"16":[15,3],"17":[3,12],"18":[0,12],"19":[12,12],"20":[10],"21":[0,5010],"22":[11,0],"23":[11,11],"24":[5611,5611,5611],"25":[0,10],"26":[11,0],"27":[23,5609],"28":[4679,930],"29":[0,930],"30":[930,930],"31":[920,10],"32":[0,10],"33":[10,0],"34":[10,0],"35":[0,10],"36":[10,0],"37":[1,10],"38":[0,10],"39":[0,1],"40":[1,0],"41":[1,0],"42":[0,0],"43":[0,0],"44":[0,0],"45":[0,0],"46":[0,0],"47":[0,0],"48":[0,1]}}
,"/Users/nicholastinsley/Documents/GitHub.nosync/ultrahdr-pwa-svelte/src/lib/pipeline-telemetry.js": {"path":"/Users/nicholastinsley/Documents/GitHub.nosync/ultrahdr-pwa-svelte/src/lib/pipeline-telemetry.js","statementMap":{"0":{"start":{"line":1,"column":39},"end":{"line":1,"column":69}},"1":{"start":{"line":2,"column":34},"end":{"line":2,"column":59}},"2":{"start":{"line":3,"column":36},"end":{"line":3,"column":63}},"3":{"start":{"line":5,"column":22},"end":{"line":5,"column":25}},"4":{"start":{"line":8,"column":4},"end":{"line":10,"column":null}},"5":{"start":{"line":9,"column":8},"end":{"line":9,"column":null}},"6":{"start":{"line":11,"column":4},"end":{"line":11,"column":null}},"7":{"start":{"line":15,"column":4},"end":{"line":17,"column":null}},"8":{"start":{"line":16,"column":8},"end":{"line":16,"column":null}},"9":{"start":{"line":18,"column":4},"end":{"line":20,"column":null}},"10":{"start":{"line":19,"column":8},"end":{"line":19,"column":null}},"11":{"start":{"line":21,"column":4},"end":{"line":21,"column":null}},"12":{"start":{"line":25,"column":4},"end":{"line":27,"column":null}},"13":{"start":{"line":26,"column":8},"end":{"line":26,"column":null}},"14":{"start":{"line":29,"column":4},"end":{"line":35,"column":null}},"15":{"start":{"line":30,"column":8},"end":{"line":34,"column":null}},"16":{"start":{"line":37,"column":4},"end":{"line":37,"column":null}},"17":{"start":{"line":41,"column":20},"end":{"line":41,"column":33}},"18":{"start":{"line":42,"column":4},"end":{"line":44,"column":null}},"19":{"start":{"line":43,"column":8},"end":{"line":43,"column":null}},"20":{"start":{"line":45,"column":4},"end":{"line":45,"column":null}},"21":{"start":{"line":49,"column":19},"end":{"line":49,"column":35}},"22":{"start":{"line":50,"column":4},"end":{"line":52,"column":null}},"23":{"start":{"line":51,"column":8},"end":{"line":51,"column":null}},"24":{"start":{"line":54,"column":4},"end":{"line":54,"column":null}},"25":{"start":{"line":56,"column":20},"end":{"line":56,"column":99}},"26":{"start":{"line":57,"column":4},"end":{"line":57,"column":null}},"27":{"start":{"line":58,"column":4},"end":{"line":60,"column":null}},"28":{"start":{"line":59,"column":8},"end":{"line":59,"column":null}},"29":{"start":{"line":61,"column":4},"end":{"line":61,"column":null}},"30":{"start":{"line":63,"column":4},"end":{"line":65,"column":null}},"31":{"start":{"line":64,"column":8},"end":{"line":64,"column":null}},"32":{"start":{"line":69,"column":23},"end":{"line":69,"column":99}},"33":{"start":{"line":70,"column":28},"end":{"line":70,"column":38}},"34":{"start":{"line":71,"column":29},"end":{"line":71,"column":31}},"35":{"start":{"line":72,"column":19},"end":{"line":72,"column":20}},"36":{"start":{"line":73,"column":23},"end":{"line":73,"column":91}},"37":{"start":{"line":76,"column":23},"end":{"line":88,"column":9}},"38":{"start":{"line":90,"column":8},"end":{"line":90,"column":null}},"39":{"start":{"line":92,"column":8},"end":{"line":98,"column":null}},"40":{"start":{"line":93,"column":12},"end":{"line":97,"column":null}},"41":{"start":{"line":94,"column":16},"end":{"line":94,"column":null}},"42":{"start":{"line":96,"column":16},"end":{"line":96,"column":null}},"43":{"start":{"line":100,"column":8},"end":{"line":100,"column":null}},"44":{"start":{"line":104,"column":8},"end":{"line":108,"column":null}},"45":{"start":{"line":112,"column":29},"end":{"line":112,"column":39}},"46":{"start":{"line":113,"column":8},"end":{"line":113,"column":null}},"47":{"start":{"line":115,"column":8},"end":{"line":126,"column":null}},"48":{"start":{"line":116,"column":27},"end":{"line":116,"column":37}},"49":{"start":{"line":117,"column":31},"end":{"line":117,"column":56}},"50":{"start":{"line":118,"column":12},"end":{"line":118,"column":null}},"51":{"start":{"line":119,"column":12},"end":{"line":119,"column":null}},"52":{"start":{"line":120,"column":12},"end":{"line":120,"column":null}},"53":{"start":{"line":122,"column":31},"end":{"line":122,"column":56}},"54":{"start":{"line":123,"column":12},"end":{"line":123,"column":null}},"55":{"start":{"line":124,"column":12},"end":{"line":124,"column":null}},"56":{"start":{"line":125,"column":12},"end":{"line":125,"column":null}},"57":{"start":{"line":130,"column":8},"end":{"line":134,"column":null}},"58":{"start":{"line":138,"column":8},"end":{"line":143,"column":null}},"59":{"start":{"line":146,"column":4},"end":{"line":146,"column":null}},"60":{"start":{"line":148,"column":4},"end":{"line":155,"column":null}}},"fnMap":{"0":{"name":"getNowMs","decl":{"start":{"line":7,"column":9},"end":{"line":7,"column":17}},"loc":{"start":{"line":7,"column":20},"end":{"line":12,"column":null}}},"1":{"name":"getEventTarget","decl":{"start":{"line":14,"column":9},"end":{"line":14,"column":23}},"loc":{"start":{"line":14,"column":26},"end":{"line":22,"column":null}}},"2":{"name":"normalizeError","decl":{"start":{"line":24,"column":9},"end":{"line":24,"column":23}},"loc":{"start":{"line":24,"column":31},"end":{"line":38,"column":null}}},"3":{"name":"clampPercentage","decl":{"start":{"line":40,"column":9},"end":{"line":40,"column":24}},"loc":{"start":{"line":40,"column":32},"end":{"line":46,"column":null}}},"4":{"name":"publishProgress","decl":{"start":{"line":48,"column":9},"end":{"line":48,"column":24}},"loc":{"start":{"line":48,"column":33},"end":{"line":66,"column":null}}},"5":{"name":"createPipelineTelemetry","decl":{"start":{"line":68,"column":16},"end":{"line":68,"column":39}},"loc":{"start":{"line":68,"column":54},"end":{"line":156,"column":null}}},"6":{"name":"emit","decl":{"start":{"line":75,"column":13},"end":{"line":75,"column":17}},"loc":{"start":{"line":75,"column":39},"end":{"line":101,"column":null}}},"7":{"name":"emitStageProgress","decl":{"start":{"line":103,"column":13},"end":{"line":103,"column":30}},"loc":{"start":{"line":103,"column":67},"end":{"line":109,"column":null}}},"8":{"name":"runStage","decl":{"start":{"line":111,"column":19},"end":{"line":111,"column":27}},"loc":{"start":{"line":111,"column":53},"end":{"line":127,"column":null}}},"9":{"name":"complete","decl":{"start":{"line":129,"column":13},"end":{"line":129,"column":21}},"loc":{"start":{"line":129,"column":36},"end":{"line":135,"column":null}}},"10":{"name":"fail","decl":{"start":{"line":137,"column":13},"end":{"line":137,"column":17}},"loc":{"start":{"line":137,"column":39},"end":{"line":144,"column":null}}}},"branchMap":{"0":{"loc":{"start":{"line":8,"column":4},"end":{"line":10,"column":null}},"type":"if","locations":[{"start":{"line":8,"column":4},"end":{"line":10,"column":null}},{"start":{},"end":{}}]},"1":{"loc":{"start":{"line":8,"column":8},"end":{"line":8,"column":83}},"type":"binary-expr","locations":[{"start":{"line":8,"column":8},"end":{"line":8,"column":42}},{"start":{"line":8,"column":46},"end":{"line":8,"column":83}}]},"2":{"loc":{"start":{"line":15,"column":4},"end":{"line":17,"column":null}},"type":"if","locations":[{"start":{"line":15,"column":4},"end":{"line":17,"column":null}},{"start":{},"end":{}}]},"3":{"loc":{"start":{"line":18,"column":4},"end":{"line":20,"column":null}},"type":"if","locations":[{"start":{"line":18,"column":4},"end":{"line":20,"column":null}},{"start":{},"end":{}}]},"4":{"loc":{"start":{"line":25,"column":4},"end":{"line":27,"column":null}},"type":"if","locations":[{"start":{"line":25,"column":4},"end":{"line":27,"column":null}},{"start":{},"end":{}}]},"5":{"loc":{"start":{"line":29,"column":4},"end":{"line":35,"column":null}},"type":"if","locations":[{"start":{"line":29,"column":4},"end":{"line":35,"column":null}},{"start":{},"end":{}}]},"6":{"loc":{"start":{"line":42,"column":4},"end":{"line":44,"column":null}},"type":"if","locations":[{"start":{"line":42,"column":4},"end":{"line":44,"column":null}},{"start":{},"end":{}}]},"7":{"loc":{"start":{"line":50,"column":4},"end":{"line":52,"column":null}},"type":"if","locations":[{"start":{"line":50,"column":4},"end":{"line":52,"column":null}},{"start":{},"end":{}}]},"8":{"loc":{"start":{"line":56,"column":20},"end":{"line":56,"column":99}},"type":"cond-expr","locations":[{"start":{"line":56,"column":66},"end":{"line":56,"column":94}},{"start":{"line":56,"column":97},"end":{"line":56,"column":99}}]},"9":{"loc":{"start":{"line":58,"column":4},"end":{"line":60,"column":null}},"type":"if","locations":[{"start":{"line":58,"column":4},"end":{"line":60,"column":null}},{"start":{},"end":{}}]},"10":{"loc":{"start":{"line":63,"column":4},"end":{"line":65,"column":null}},"type":"if","locations":[{"start":{"line":63,"column":4},"end":{"line":65,"column":null}},{"start":{},"end":{}}]},"11":{"loc":{"start":{"line":63,"column":8},"end":{"line":63,"column":87}},"type":"binary-expr","locations":[{"start":{"line":63,"column":8},"end":{"line":63,"column":50}},{"start":{"line":63,"column":54},"end":{"line":63,"column":87}}]},"12":{"loc":{"start":{"line":68,"column":40},"end":{"line":68,"column":52}},"type":"default-arg","locations":[{"start":{"line":68,"column":50},"end":{"line":68,"column":52}}]},"13":{"loc":{"start":{"line":69,"column":23},"end":{"line":69,"column":99}},"type":"binary-expr","locations":[{"start":{"line":69,"column":23},"end":{"line":69,"column":41}},{"start":{"line":69,"column":45},"end":{"line":69,"column":99}}]},"14":{"loc":{"start":{"line":73,"column":23},"end":{"line":73,"column":91}},"type":"cond-expr","locations":[{"start":{"line":73,"column":66},"end":{"line":73,"column":84}},{"start":{"line":73,"column":87},"end":{"line":73,"column":91}}]},"15":{"loc":{"start":{"line":75,"column":25},"end":{"line":75,"column":37}},"type":"default-arg","locations":[{"start":{"line":75,"column":35},"end":{"line":75,"column":37}}]},"16":{"loc":{"start":{"line":83,"column":22},"end":{"line":83,"column":46}},"type":"binary-expr","locations":[{"start":{"line":83,"column":22},"end":{"line":83,"column":38}},{"start":{"line":83,"column":42},"end":{"line":83,"column":46}}]},"17":{"loc":{"start":{"line":84,"column":22},"end":{"line":84,"column":46}},"type":"binary-expr","locations":[{"start":{"line":84,"column":22},"end":{"line":84,"column":38}},{"start":{"line":84,"column":42},"end":{"line":84,"column":46}}]},"18":{"loc":{"start":{"line":85,"column":23},"end":{"line":85,"column":48}},"type":"binary-expr","locations":[{"start":{"line":85,"column":23},"end":{"line":85,"column":40}},{"start":{"line":85,"column":44},"end":{"line":85,"column":48}}]},"19":{"loc":{"start":{"line":86,"column":24},"end":{"line":86,"column":50}},"type":"binary-expr","locations":[{"start":{"line":86,"column":24},"end":{"line":86,"column":42}},{"start":{"line":86,"column":46},"end":{"line":86,"column":50}}]},"20":{"loc":{"start":{"line":92,"column":8},"end":{"line":98,"column":null}},"type":"if","locations":[{"start":{"line":92,"column":8},"end":{"line":98,"column":null}},{"start":{},"end":{}}]},"21":{"loc":{"start":{"line":103,"column":53},"end":{"line":103,"column":65}},"type":"default-arg","locations":[{"start":{"line":103,"column":63},"end":{"line":103,"column":65}}]},"22":{"loc":{"start":{"line":111,"column":39},"end":{"line":111,"column":51}},"type":"default-arg","locations":[{"start":{"line":111,"column":49},"end":{"line":111,"column":51}}]},"23":{"loc":{"start":{"line":129,"column":22},"end":{"line":129,"column":34}},"type":"default-arg","locations":[{"start":{"line":129,"column":32},"end":{"line":129,"column":34}}]},"24":{"loc":{"start":{"line":137,"column":25},"end":{"line":137,"column":37}},"type":"default-arg","locations":[{"start":{"line":137,"column":35},"end":{"line":137,"column":37}}]}},"s":{"0":6,"1":6,"2":6,"3":6,"4":444,"5":444,"6":0,"7":223,"8":223,"9":0,"10":0,"11":0,"12":2,"13":0,"14":2,"15":2,"16":0,"17":2,"18":2,"19":0,"20":2,"21":223,"22":
[...]
":{"line":509,"column":8},"end":{"line":511,"column":null}},"type":"if","locations":[{"start":{"line":509,"column":8},"end":{"line":511,"column":null}},{"start":{},"end":{}}]},"56":{"loc":{"start":{"line":522,"column":8},"end":{"line":526,"column":null}},"type":"if","locations":[{"start":{"line":522,"column":8},"end":{"line":526,"column":null}},{"start":{},"end":{}}]},"57":{"loc":{"start":{"line":555,"column":8},"end":{"line":563,"column":null}},"type":"if","locations":[{"start":{"line":555,"column":8},"end":{"line":563,"column":null}},{"start":{"line":561,"column":15},"end":{"line":563,"column":null}}]},"58":{"loc":{"start":{"line":555,"column":12},"end":{"line":555,"column":57}},"type":"binary-expr","locations":[{"start":{"line":555,"column":12},"end":{"line":555,"column":38}},{"start":{"line":555,"column":42},"end":{"line":555,"column":57}}]},"59":{"loc":{"start":{"line":556,"column":12},"end":{"line":560,"column":null}},"type":"if","locations":[{"start":{"line":556,"column":12},"end":{"line":560,"column":null}},{"start":{"line":558,"column":19},"end":{"line":560,"column":null}}]},"60":{"loc":{"start":{"line":558,"column":19},"end":{"line":560,"column":null}},"type":"if","locations":[{"start":{"line":558,"column":19},"end":{"line":560,"column":null}},{"start":{},"end":{}}]},"61":{"loc":{"start":{"line":561,"column":15},"end":{"line":563,"column":null}},"type":"if","locations":[{"start":{"line":561,"column":15},"end":{"line":563,"column":null}},{"start":{},"end":{}}]},"62":{"loc":{"start":{"line":577,"column":8},"end":{"line":579,"column":null}},"type":"if","locations":[{"start":{"line":577,"column":8},"end":{"line":579,"column":null}},{"start":{},"end":{}}]},"63":{"loc":{"start":{"line":589,"column":8},"end":{"line":608,"column":null}},"type":"if","locations":[{"start":{"line":589,"column":8},"end":{"line":608,"column":null}},{"start":{"line":598,"column":15},"end":{"line":608,"column":null}}]},"64":{"loc":{"start":{"line":598,"column":15},"end":{"line":608,"column":null}},"type":"if","locations":[{"start":{"line":598,"column":15},"end":{"line":608,"column":null}},{"start":{"line":606,"column":15},"end":{"line":608,"column":null}}]},"65":{"loc":{"start":{"line":620,"column":8},"end":{"line":622,"column":null}},"type":"if","locations":[{"start":{"line":620,"column":8},"end":{"line":622,"column":null}},{"start":{},"end":{}}]},"66":{"loc":{"start":{"line":634,"column":8},"end":{"line":636,"column":null}},"type":"if","locations":[{"start":{"line":634,"column":8},"end":{"line":636,"column":null}},{"start":{},"end":{}}]},"67":{"loc":{"start":{"line":648,"column":26},"end":{"line":648,"column":89}},"type":"binary-expr","locations":[{"start":{"line":648,"column":26},"end":{"line":648,"column":55}},{"start":{"line":648,"column":59},"end":{"line":648,"column":89}}]},"68":{"loc":{"start":{"line":694,"column":4},"end":{"line":694,"column":null}},"type":"if","locations":[{"start":{"line":694,"column":4},"end":{"line":694,"column":null}},{"start":{},"end":{}}]},"69":{"loc":{"start":{"line":723,"column":8},"end":{"line":725,"column":null}},"type":"if","locations":[{"start":{"line":723,"column":8},"end":{"line":725,"column":null}},{"start":{},"end":{}}]},"70":{"loc":{"start":{"line":736,"column":8},"end":{"line":736,"column":null}},"type":"if","locations":[{"start":{"line":736,"column":8},"end":{"line":736,"column":null}},{"start":{},"end":{}}]},"71":{"loc":{"start":{"line":741,"column":8},"end":{"line":744,"column":null}},"type":"if","locations":[{"start":{"line":741,"column":8},"end":{"line":744,"column":null}},{"start":{},"end":{}}]},"72":{"loc":{"start":{"line":748,"column":8},"end":{"line":748,"column":null}},"type":"if","locations":[{"start":{"line":748,"column":8},"end":{"line":748,"column":null}},{"start":{},"end":{}}]},"73":{"loc":{"start":{"line":770,"column":8},"end":{"line":770,"column":null}},"type":"if","locations":[{"start":{"line":770,"column":8},"end":{"line":770,"column":null}},{"start":{},"end":{}}]},"74":{"loc":{"start":{"line":781,"column":8},"end":{"line":781,"column":null}},"type":"if","locations":[{"start":{"line":781,"column":8},"end":{"line":781,"column":null}},{"start":{},"end":{}}]},"75":{"loc":{"start":{"line":792,"column":8},"end":{"line":792,"column":null}},"type":"if","locations":[{"start":{"line":792,"column":8},"end":{"line":792,"column":null}},{"start":{},"end":{}}]},"76":{"loc":{"start":{"line":824,"column":8},"end":{"line":824,"column":null}},"type":"if","locations":[{"start":{"line":824,"column":8},"end":{"line":824,"column":null}},{"start":{},"end":{}}]},"77":{"loc":{"start":{"line":828,"column":8},"end":{"line":828,"column":null}},"type":"if","locations":[{"start":{"line":828,"column":8},"end":{"line":828,"column":null}},{"start":{},"end":{}}]},"78":{"loc":{"start":{"line":834,"column":12},"end":{"line":836,"column":null}},"type":"if","locations":[{"start":{"line":834,"column":12},"end":{"line":836,"column":null}},{"start":{},"end":{}}]},"79":{"loc":{"start":{"line":834,"column":16},"end":{"line":834,"column":37}},"type":"binary-expr","locations":[{"start":{"line":834,"column":16},"end":{"line":834,"column":24}},{"start":{"line":834,"column":28},"end":{"line":834,"column":37}}]},"80":{"loc":{"start":{"line":850,"column":8},"end":{"line":850,"column":null}},"type":"if","locations":[{"start":{"line":850,"column":8},"end":{"line":850,"column":null}},{"start":{},"end":{}}]},"81":{"loc":{"start":{"line":854,"column":8},"end":{"line":854,"column":null}},"type":"if","locations":[{"start":{"line":854,"column":8},"end":{"line":854,"column":null}},{"start":{},"end":{}}]},"82":{"loc":{"start":{"line":860,"column":12},"end":{"line":862,"column":null}},"type":"if","locations":[{"start":{"line":860,"column":12},"end":{"line":862,"column":null}},{"start":{},"end":{}}]},"83":{"loc":{"start":{"line":860,"column":16},"end":{"line":860,"column":37}},"type":"binary-expr","locations":[{"start":{"line":860,"column":16},"end":{"line":860,"column":24}},{"start":{"line":860,"column":28},"end":{"line":860,"column":37}}]},"84":{"loc":{"start":{"line":875,"column":8},"end":{"line":875,"column":null}},"type":"if","locations":[{"start":{"line":875,"column":8},"end":{"line":875,"column":null}},{"start":{},"end":{}}]},"85":{"loc":{"start":{"line":880,"column":8},"end":{"line":880,"column":null}},"type":"if","locations":[{"start":{"line":880,"column":8},"end":{"line":880,"column":null}},{"start":{},"end":{}}]},"86":{"loc":{"start":{"line":880,"column":12},"end":{"line":880,"column":26}},"type":"binary-expr","locations":[{"start":{"line":880,"column":12},"end":{"line":880,"column":17}},{"start":{"line":880,"column":21},"end":{"line":880,"column":26}}]},"87":{"loc":{"start":{"line":901,"column":8},"end":{"line":903,"column":null}},"type":"if","locations":[{"start":{"line":901,"column":8},"end":{"line":903,"column":null}},{"start":{},"end":{}}]},"88":{"loc":{"start":{"line":913,"column":8},"end":{"line":913,"column":null}},"type":"if","locations":[{"start":{"line":913,"column":8},"end":{"line":913,"column":null}},{"start":{},"end":{}}]},"89":{"loc":{"start":{"line":917,"column":25},"end":{"line":917,"column":79}},"type":"cond-expr","locations":[{"start":{"line":917,"column":34},"end":{"line":917,"column":61}},{"start":{"line":917,"column":64},"end":{"line":917,"column":79}}]},"90":{"loc":{"start":{"line":926,"column":8},"end":{"line":929,"column":null}},"type":"if","locations":[{"start":{"line":926,"column":8},"end":{"line":929,"column":null}},{"start":{},"end":{}}]},"91":{"loc":{"start":{"line":930,"column":8},"end":{"line":933,"column":null}},"type":"if","locations":[{"start":{"line":930,"column":8},"end":{"line":933,"column":null}},{"start":{},"end":{}}]}},"s":{"0":12,"1":12,"2":12,"3":6,"4":6,"5":0,"6":0,"7":0,"8":0,"9":0,"10":0,"11":0,"12":0,"13":0,"14":0,"15":0,"16":0,"17":0,"18":0,"19":0,"20":0,"21":0,"22":0,"23":0,"24":0,"25":0,"26":0,"27":0,"28":0,"29":0,"30":0,"31":0,"32":6,"33":0,"34":6,"35":0,"36":6,"37":6,"38":6,"39":6,"40":0,"41":6,"42":6,"43":6,"44":6,"45":6,"46":0,"47":6,"48":6,"49":6,"50":0,"51":0,"52":0,"53":6,"54":6,"55":6,"56":6,"57":6,"58":6,"59":0,"60":0,"61":0,"62":2,"63":8,"64":6,"65":6,"66":6,"67":5,"68":5,"69":5,"70":5,"71":1,"72":4,"73":4,"74":2,"75":0,"76":0,"77":0,"78":0,"79":0,"80":0,"81":0,"82":0,"83":0,"84":1,"85":1,"86":0,"87":0,"88":0,"89":0,"90":0,"91":0,"92":0,"93":0,"94":0,"95":0,"96":0,"97":0,"98":0,"99":0,"100":0,"101":0,"102":0,"103":0,"104":0,"105":0,"106":0,"107":0,"108":0,"109":0,"110":0,"111":0,"112":0,"113":0,"114":0,"115":0,"116":0,"117":0,"118":0,"119":0,"120":0,"121":0,"122":0,"123":0,"124":0,"125":0,"126":0,"127":0,"128":0,"129":0,"130":0,"131":0,"132":0,"133":0,"134":0,"135":0,"136":0,"137":0,"138":0,"139":0,"140":0,"141":0,"142":0,"143":0,"144":0,"145":0,"146":0,"147":0,"148":0,"149":0,"150":0,"151":0,"152":0,"153":0,"154":0,"155":0,"156":0,"157":0,"158":0,"159":0,"160":0,"161":0,"162":0,"163":0,"164":0,"165":0,"166":0,"167":0,"168":0,"169":0,"170":0,"171":0,"172":0,"173":0,"174":0,"175":0,"176":0,"177":0,"178":0,"179":0,"180":0,"181":0,"182":0,"183":0,"184":0,"185":0,"186":0,"187":0,"188":0,"189":0,"190":0,"191":0,"192":0,"193":0,"194":1,"195":0,"196":1,"197":1,"198":1,"199":1,"200":0,"201":1,"202":0,"203":1,"204":1,"205":1,"206":1,"207":1,"208":1,"209":1,"210":1,"211":0,"212":0,"213":0,"214":0,"215":0,"216":0,"217":0,"218":0,"219":0,"220":0,"221":0,"222":0,"223":0,"224":0,"225":0,"226":0,"227":0,"228":0,"229":0,"230":0,"231":0,"232":0,"233":0,"234":0,"235":0,"236":0,"237":0,"238":0,"239":0,"240":0,"241":0,"242":0,"243":0,"244":0,"245":0,"246":0,"247":0,"248":0,"249":0,"250":0,"251":0,"252":0,"253":0,"254":0,"255":0,"256":0,"257":0,"258":0,"259":0,"260":0,"261":0,"262":1,"263":1,"264":1,"265":0,"266":0,"267":0,"268":0,"269":0,"270":0,"271":0,"272":0,"273":0,"274":0,"275":0,"276":0,"277":0,"278":0,"279":0,"280":0,"281":0,"282":0,"283":0,"284":0,"285":0,"286":0,"287":0,"288":0,"289":0,"290":0,"291":0,"292":0,"293":0,"294":0,"295":0,"296":0,"297":0,"298":0,"299":0,"300":0,"301":0,"302":0,"303":0,"304":0,"305":0,"306":0,"307":0,"308":0,"309":0,"310":0,"311":0,"312":0,"313":0,"314":0,"315":0,"316":0,"317":0,"318":0,"319":0,"320":0,"321":0,"322":0,"323":0,"324":0,"325":0,"326":0,"327":0,"328":0,"329":0,"330":0,"331":0,"332":0,"333":0,"334":0,"335":0,"336":0,"337":0,"338":0,"339":0,"340":0,"341":0,"342":0,"343":0,"344":0,"345":0,"346":0,"347":0,"348":0,"349":0,"350":0,"351":0,"352":0,"353":0,"354":0,"355":0,"356":0,"357":0,"358":0,"359":0,"360":0,"361":0,"362":0,"363":0,"364":0,"365":0,"366":0,"367":0,"368":0,"369":0,"370":0,"371":0,"372":0,"373":0,"374":0,"375":0,"376":0,"377":0,"378":0,"379":0,"380":0,"381":1,"382":1,"383":1},"f":{"0":6,"1":0,"2":0,"3":0,"4":0,"5":6,"6":0,"7":2,"8":8,"9":6,"10":5,"11":2,"12":0,"13":1,"14":0,"15":0,"16":0,"17":0,"18":0,"19":0,"20":0,"21":1,"22":1,"23":1,"24":0,"25":0,"26":0,"27":0,"28":0,"29":1,"30":0,"31":0,"32":0,"33":0,"34":0,"35":0,"36":0,"37":0,"38":0,"39":0,"40":0,"41":0,"42":0,"43":1},"b":{"0":[6,0],"1":[6,6],"2":[0,0],"3":[0,0],"4":[0,0],"5":[0,0],"6":[0,0],"7":[0,0],"8":[0,6],"9":[6,0],"10":[0,6],"11":[6,0],"12":[0,6],"13":[0,6],"14":[0,0],"15":[2,1],"16":[1,4],"17":[2,1],"18":[0],"19":[0,0],"20":[1,0],"21":[0,0],"22":[0],"23":[0,0],"24":[0],"25":[0,0],"26":[0,0],"27":[0,0],"28":[0,0],"29":[0,0],"30":[0,0],"31":[0,0],"32":[0,0],"33":[0,0],"34":[0,0],"35":[0,0],"36":[0,0],"37":[0,0],"38":[0,0],"39":[0,0],"40":[0,0],"41":[0,0],"42":[0,0],"43":[0,0],"44":[0,0],"45":[0,0],"46":[0,0],"47":[0],"48":[0,0],"49":[0,0],"50":[0,0],"51":[0,0],"52":[0,0],"53":[0,1],"54":[1,0],"55":[0,1],"56":[1,0],"57":[0,0],"58":[0,0],"59":[0,0],"60":[0,0],"61":[0,0],"62":[0,0],"63":[0,0],"64":[0,0],"65":[0,0],"66":[0,0],"67":[0,0],"68":[0,0],"69":[0,0],"70":[0,0],"71":[0,0],"72":[0,0],"73":[0,0],"74":[0,0],"75":[0,0],"76":[0,0],"77":[0,0],"78":[0,0],"79":[0,0],"80":[0,0],"81":[0,0],"82":[0,0],"83":[0,0],"84":[0,0],"85":[0,0],"86":[0,0],"87":[0,0],"88":[0,0],"89":[0,0],"90":[0,0],"91":[0,0]}}
,"/Users/nicholastinsley/Documents/GitHub.nosync/ultrahdr-pwa-svelte/src/lib/workflow-state.js": {"path":"/Users/nicholastinsley/Documents/GitHub.nosync/ultrahdr-pwa-svelte/src/lib/workflow-state.js","statementMap":{"0":{"start":{"line":1,"column":31},"end":{"line":9,"column":2}},"1":{"start":{"line":11,"column":33},"end":{"line":18,"column":2}},"2":{"start":{"line":20,"column":31},"end":{"line":31,"column":2}},"3":{"start":{"line":34,"column":20},"end":{"line":34,"column":31}},"4":{"start":{"line":35,"column":2},"end":{"line":37,"column":null}},"5":{"start":{"line":36,"column":4},"end":{"line":36,"column":null}},"6":{"start":{"line":39,"column":2},"end":{"line":111,"column":null}},"7":{"start":{"line":41,"column":6},"end":{"line":43,"column":null}},"8":{"start":{"line":42,"column":8},"end":{"line":42,"column":null}},"9":{"start":{"line":44,"column":6},"end":{"line":44,"column":null}},"10":{"start":{"line":47,"column":6},"end":{"line":49,"column":null}},"11":{"start":{"line":48,"column":8},"end":{"line":48,"column":null}},"12":{"start":{"line":50,"column":6},"end":{"line":50,"column":null}},"13":{"start":{"line":53,"column":6},"end":{"line":55,"column":null}},"14":{"start":{"line":54,"column":8},"end":{"line":54,"column":null}},"15":{"start":{"line":56,"column":6},"end":{"line":58,"column":null}},"16":{"start":{"line":57,"column":8},"end":{"line":57,"column":null}},"17":{"start":{"line":59,"column":6},"end":{"line":61,"column":null}},"18":{"start":{"line":60,"column":8},"end":{"line":60,"column":null}},"19":{"start":{"line":62,"column":6},"end":{"line":64,"column":null}},"20":{"start":{"line":63,"column":8},"end":{"line":63,"column":null}},"21":{"start":{"line":65,"column":6},"end":{"line":67,"column":null}},"22":{"start":{"line":66,"column":8},"end":{"line":66,"column":null}},"23":{"start":{"line":68,"column":6},"end":{"line":68,"column":null}},"24":{"start":{"line":71,"column":6},"end":{"line":73,"column":null}},"25":{"start":{"line":72,"column":8},"end":{"line":72,"column":null}},"26":{"start":{"line":74,"column":6},"end":{"line":76,"column":null}},"27":{"start":{"line":75,"column":8},"end":{"line":75,"column":null}},"28":{"start":{"line":77,"column":6},"end":{"line":77,"column":null}},"29":{"start":{"line":80,"column":6},"end":{"line":82,"column":null}},"30":{"start":{"line":81,"column":8},"end":{"line":81,"column":null}},"31":{"start":{"line":83,"column":6},"end":{"line":85,"column":null}},"32":{"start":{"line":84,"column":8},"end":{"line":84,"column":null}},"33":{"start":{"line":86,"column":6},"end":{"line":86,"column":null}},"34":{"start":{"line":89,"column":6},"end":{"line":91,"column":null}},"35":{"start":{"line":90,"column":8},"end":{"line":90,"column":null}},"36":{"start":{"line":92,"column":6},"end":{"line":94,"column":null}},"37":{"start":{"line":93,"column":8},"end":{"line":93,"column":null}},"38":{"start":{"line":95,"column":6},"end":{"line":95,"column":null}},"39":{"start":{"line":98,"column":6},"end":{"line":103,"column":null}},"40":{"start":{"line":102,"column":8},"end":{"line":102,"column":null}},"41":{"start":{"line":104,"column":6},"end":{"line":106,"column":null}},"42":{"start":{"line":105,"column":8},"end":{"line":105,"column":null}},"43":{"start":{"line":107,"column":6},"end":{"line":107,"column":null}},"44":{"start":{"line":110,"column":6},"end":{"line":110,"column":null}}},"fnMap":{"0":{"name":"transitionWorkflow","decl":{"start":{"line":33,"column":16},"end":{"line":33,"column":34}},"loc":{"start":{"line":33,"column":49},"end":{"line":112,"column":null}}}},"branchMap":{"0":{"loc":{"start":{"line":35,"column":2},"end":{"line":37,"column":null}},"type":"if","locations":[{"start":{"line":35,"column":2},"end":{"line":37,"column":null}},{"start":{},"end":{}}]},"1":{"loc":{"start":{"line":39,"column":2},"end":{"line":111,"column":null}},"type":"switch","locations":[{"start":{"line":40,"column":4},"end":{"line":44,"column":null}},{"start":{"line":46,"column":4},"end":{"line":50,"column":null}},{"start":{"line":52,"column":4},"end":{"line":68,"column":null}},{"start":{"line":70,"column":4},"end":{"line":77,"column":null}},{"start":{"line":79,"column":4},"end":{"line":86,"column":null}},{"start":{"line":88,"column":4},"end":{"line":95,"column":null}},{"start":{"line":97,"column":4},"end":{"line":107,"column":null}},{"start":{"line":109,"column":4},"end":{"line":110,"column":null}}]},"2":{"loc":{"start":{"line":41,"column":6},"end":{"line":43,"column":null}},"type":"if","locations":[{"start":{"line":41,"column":6},"end":{"line":43,"column":null}},{"start":{},"end":{}}]},"3":{"loc":{"start":{"line":47,"column":6},"end":{"line":49,"column":null}},"type":"if","locations":[{"start":{"line":47,"column":6},"end":{"line":49,"column":null}},{"start":{},"end":{}}]},"4":{"loc":{"start":{"line":53,"column":6},"end":{"line":55,"column":null}},"type":"if","locations":[{"start":{"line":53,"column":6},"end":{"line":55,"column":null}},{"start":{},"end":{}}]},"5":{"loc":{"start":{"line":56,"column":6},"end":{"line":58,"column":null}},"type":"if","locations":[{"start":{"line":56,"column":6},"end":{"line":58,"column":null}},{"start":{},"end":{}}]},"6":{"loc":{"start":{"line":59,"column":6},"end":{"line":61,"column":null}},"type":"if","locations":[{"start":{"line":59,"column":6},"end":{"line":61,"column":null}},{"start":{},"end":{}}]},"7":{"loc":{"start":{"line":62,"column":6},"end":{"line":64,"column":null}},"type":"if","locations":[{"start":{"line":62,"column":6},"end":{"line":64,"column":null}},{"start":{},"end":{}}]},"8":{"loc":{"start":{"line":65,"column":6},"end":{"line":67,"column":null}},"type":"if","locations":[{"start":{"line":65,"column":6},"end":{"line":67,"column":null}},{"start":{},"end":{}}]},"9":{"loc":{"start":{"line":71,"column":6},"end":{"line":73,"column":null}},"type":"if","locations":[{"start":{"line":71,"column":6},"end":{"line":73,"column":null}},{"start":{},"end":{}}]},"10":{"loc":{"start":{"line":74,"column":6},"end":{"line":76,"column":null}},"type":"if","locations":[{"start":{"line":74,"column":6},"end":{"line":76,"column":null}},{"start":{},"end":{}}]},"11":{"loc":{"start":{"line":80,"column":6},"end":{"line":82,"column":null}},"type":"if","locations":[{"start":{"line":80,"column":6},"end":{"line":82,"column":null}},{"start":{},"end":{}}]},"12":{"loc":{"start":{"line":83,"column":6},"end":{"line":85,"column":null}},"type":"if","locations":[{"start":{"line":83,"column":6},"end":{"line":85,"column":null}},{"start":{},"end":{}}]},"13":{"loc":{"start":{"line":89,"column":6},"end":{"line":91,"column":null}},"type":"if","locations":[{"start":{"line":89,"column":6},"end":{"line":91,"column":null}},{"start":{},"end":{}}]},"14":{"loc":{"start":{"line":92,"column":6},"end":{"line":94,"column":null}},"type":"if","locations":[{"start":{"line":92,"column":6},"end":{"line":94,"column":null}},{"start":{},"end":{}}]},"15":{"loc":{"start":{"line":98,"column":6},"end":{"line":103,"column":null}},"type":"if","locations":[{"start":{"line":98,"column":6},"end":{"line":103,"column":null}},{"start":{},"end":{}}]},"16":{"loc":{"start":{"line":99,"column":8},"end":{"line":100,"column":null}},"type":"binary-expr","locations":[{"start":{"line":99,"column":8},"end":{"line":99,"column":54}},{"start":{"line":100,"column":8},"end":{"line":100,"column":null}}]},"17":{"loc":{"start":{"line":104,"column":6},"end":{"line":106,"column":null}},"type":"if","locations":[{"start":{"line":104,"column":6},"end":{"line":106,"column":null}},{"start":{},"end":{}}]}},"s":{"0":3,"1":3,"2":3,"3":29,"4":29,"5":2,"6":27,"7":8,"8":8,"9":0,"10":9,"11":9,"12":0,"13":5,"14":2,"15":3,"16":0,"17":3,"18":0,"19":3,"20":2,"21":1,"22":1,"23":0,"24":2,"25":2,"26":0,"27":0,"28":0,"29":2,"30":2,"31":0,"32":0,"33":0,"34":0,"35":0,"36":0,"37":0,"38":0,"39":1,"40":0,"41":1,"42":1,"43":0,"44":0},"f":{"0":29},"b":{"0":[2,27],"1":[8,9,5,2,2,0,1,0],"2":[8,0],"3":[9,0],"4":[2,3],"5":[0,3],"6":[0,3],"7":[2,1],"8":[1,0],"9":[2,0],"10":[0,0],"11":[2,0],"12":[0,0],"13":[0,0],"14":[0,0],"15":[0,1],"16":[1,1],"17":[1,0]}}
}
