{"/Users/nicholastinsley/git/ultrahdr-pwa-svelte/src/lib/input-exif.ts": {"path":"/Users/nicholastinsley/git/ultrahdr-pwa-svelte/src/lib/input-exif.ts","statementMap":{"0":{"start":{"line":4,"column":30},"end":{"line":4,"column":null}},"1":{"start":{"line":5,"column":20},"end":{"line":5,"column":null}},"2":{"start":{"line":77,"column":24},"end":{"line":88,"column":null}},"3":{"start":{"line":90,"column":27},"end":{"line":117,"column":null}},"4":{"start":{"line":119,"column":27},"end":{"line":123,"column":null}},"5":{"start":{"line":126,"column":2},"end":{"line":126,"column":null}},"6":{"start":{"line":130,"column":2},"end":{"line":138,"column":null}},"7":{"start":{"line":143,"column":2},"end":{"line":145,"column":null}},"8":{"start":{"line":144,"column":4},"end":{"line":144,"column":null}},"9":{"start":{"line":147,"column":21},"end":{"line":147,"column":null}},"10":{"start":{"line":148,"column":21},"end":{"line":148,"column":null}},"11":{"start":{"line":149,"column":2},"end":{"line":151,"column":null}},"12":{"start":{"line":150,"column":4},"end":{"line":150,"column":null}},"13":{"start":{"line":152,"column":2},"end":{"line":154,"column":null}},"14":{"start":{"line":153,"column":4},"end":{"line":153,"column":null}},"15":{"start":{"line":155,"column":2},"end":{"line":155,"column":null}},"16":{"start":{"line":159,"column":18},"end":{"line":159,"column":null}},"17":{"start":{"line":160,"column":2},"end":{"line":160,"column":null}},"18":{"start":{"line":161,"column":2},"end":{"line":161,"column":null}},"19":{"start":{"line":162,"column":2},"end":{"line":162,"column":null}},"20":{"start":{"line":166,"column":2},"end":{"line":168,"column":null}},"21":{"start":{"line":167,"column":4},"end":{"line":167,"column":null}},"22":{"start":{"line":169,"column":2},"end":{"line":171,"column":null}},"23":{"start":{"line":170,"column":4},"end":{"line":170,"column":null}},"24":{"start":{"line":172,"column":2},"end":{"line":174,"column":null}},"25":{"start":{"line":173,"column":4},"end":{"line":173,"column":null}},"26":{"start":{"line":175,"column":2},"end":{"line":175,"column":null}},"27":{"start":{"line":179,"column":16},"end":{"line":179,"column":null}},"28":{"start":{"line":180,"column":2},"end":{"line":180,"column":null}},"29":{"start":{"line":184,"column":2},"end":{"line":188,"column":null}},"30":{"start":{"line":193,"column":2},"end":{"line":193,"column":null}},"31":{"start":{"line":197,"column":2},"end":{"line":197,"column":null}},"32":{"start":{"line":201,"column":2},"end":{"line":206,"column":null}},"33":{"start":{"line":211,"column":22},"end":{"line":211,"column":null}},"34":{"start":{"line":212,"column":2},"end":{"line":214,"column":null}},"35":{"start":{"line":212,"column":19},"end":{"line":212,"column":22}},"36":{"start":{"line":213,"column":4},"end":{"line":213,"column":null}},"37":{"start":{"line":215,"column":2},"end":{"line":226,"column":null}},"38":{"start":{"line":215,"column":20},"end":{"line":215,"column":23}},"39":{"start":{"line":216,"column":18},"end":{"line":216,"column":null}},"40":{"start":{"line":217,"column":4},"end":{"line":222,"column":null}},"41":{"start":{"line":217,"column":21},"end":{"line":217,"column":24}},"42":{"start":{"line":218,"column":6},"end":{"line":221,"column":null}},"43":{"start":{"line":219,"column":8},"end":{"line":219,"column":null}},"44":{"start":{"line":220,"column":8},"end":{"line":220,"column":null}},"45":{"start":{"line":223,"column":4},"end":{"line":225,"column":null}},"46":{"start":{"line":224,"column":6},"end":{"line":224,"column":null}},"47":{"start":{"line":227,"column":2},"end":{"line":227,"column":null}},"48":{"start":{"line":231,"column":2},"end":{"line":231,"column":null}},"49":{"start":{"line":236,"column":2},"end":{"line":238,"column":null}},"50":{"start":{"line":237,"column":4},"end":{"line":237,"column":null}},"51":{"start":{"line":239,"column":2},"end":{"line":241,"column":null}},"52":{"start":{"line":240,"column":4},"end":{"line":240,"column":null}},"53":{"start":{"line":242,"column":2},"end":{"line":242,"column":null}},"54":{"start":{"line":247,"column":2},"end":{"line":249,"column":null}},"55":{"start":{"line":248,"column":4},"end":{"line":248,"column":null}},"56":{"start":{"line":250,"column":2},"end":{"line":257,"column":null}},"57":{"start":{"line":251,"column":4},"end":{"line":256,"column":null}},"58":{"start":{"line":258,"column":2},"end":{"line":263,"column":null}},"59":{"start":{"line":267,"column":2},"end":{"line":271,"column":null}},"60":{"start":{"line":268,"column":4},"end":{"line":268,"column":null}},"61":{"start":{"line":269,"column":4},"end":{"line":269,"column":null}},"62":{"start":{"line":270,"column":4},"end":{"line":270,"column":null}},"63":{"start":{"line":272,"column":2},"end":{"line":272,"column":null}},"64":{"start":{"line":273,"column":2},"end":{"line":273,"column":null}},"65":{"start":{"line":277,"column":2},"end":{"line":283,"column":null}},"66":{"start":{"line":278,"column":4},"end":{"line":278,"column":null}},"67":{"start":{"line":279,"column":4},"end":{"line":279,"column":null}},"68":{"start":{"line":280,"column":4},"end":{"line":280,"column":null}},"69":{"start":{"line":281,"column":4},"end":{"line":281,"column":null}},"70":{"start":{"line":282,"column":4},"end":{"line":282,"column":null}},"71":{"start":{"line":284,"column":2},"end":{"line":284,"column":null}},"72":{"start":{"line":285,"column":2},"end":{"line":285,"column":null}},"73":{"start":{"line":286,"column":2},"end":{"line":286,"column":null}},"74":{"start":{"line":287,"column":2},"end":{"line":287,"column":null}},"75":{"start":{"line":291,"column":2},"end":{"line":293,"column":null}},"76":{"start":{"line":292,"column":4},"end":{"line":292,"column":null}},"77":{"start":{"line":295,"column":2},"end":{"line":297,"column":null}},"78":{"start":{"line":296,"column":4},"end":{"line":296,"column":null}},"79":{"start":{"line":298,"column":14},"end":{"line":298,"column":null}},"80":{"start":{"line":299,"column":2},"end":{"line":301,"column":null}},"81":{"start":{"line":299,"column":19},"end":{"line":299,"column":22}},"82":{"start":{"line":300,"column":4},"end":{"line":300,"column":null}},"83":{"start":{"line":303,"column":2},"end":{"line":305,"column":null}},"84":{"start":{"line":304,"column":4},"end":{"line":304,"column":null}},"85":{"start":{"line":306,"column":2},"end":{"line":306,"column":null}},"86":{"start":{"line":310,"column":2},"end":{"line":310,"column":null}},"87":{"start":{"line":315,"column":2},"end":{"line":317,"column":null}},"88":{"start":{"line":316,"column":4},"end":{"line":316,"column":null}},"89":{"start":{"line":318,"column":2},"end":{"line":318,"column":null}},"90":{"start":{"line":322,"column":2},"end":{"line":322,"column":null}},"91":{"start":{"line":326,"column":2},"end":{"line":326,"column":null}},"92":{"start":{"line":330,"column":16},"end":{"line":330,"column":null}},"93":{"start":{"line":331,"column":2},"end":{"line":333,"column":null}},"94":{"start":{"line":332,"column":4},"end":{"line":332,"column":null}},"95":{"start":{"line":335,"column":23},"end":{"line":335,"column":null}},"96":{"start":{"line":336,"column":2},"end":{"line":340,"column":null}},"97":{"start":{"line":336,"column":19},"end":{"line":336,"column":22}},"98":{"start":{"line":337,"column":4},"end":{"line":339,"column":null}},"99":{"start":{"line":338,"column":6},"end":{"line":338,"column":null}},"100":{"start":{"line":342,"column":15},"end":{"line":342,"column":null}},"101":{"start":{"line":343,"column":2},"end":{"line":359,"column":null}},"102":{"start":{"line":344,"column":19},"end":{"line":344,"column":null}},"103":{"start":{"line":345,"column":22},"end":{"line":345,"column":null}},"104":{"start":{"line":347,"column":23},"end":{"line":347,"column":null}},"105":{"start":{"line":348,"column":23},"end":{"line":348,"column":null}},"106":{"start":{"line":350,"column":4},"end":{"line":352,"column":null}},"107":{"start":{"line":351,"column":6},"end":{"line":351,"column":null}},"108":{"start":{"line":354,"column":4},"end":{"line":356,"column":null}},"109":{"start":{"line":355,"column":6},"end":{"line":355,"column":null}},"110":{"start":{"line":358,"column":4},"end":{"line":358,"column":null}},"111":{"start":{"line":361,"column":2},"end":{"line":361,"column":null}},"112":{"start":{"line":365,"column":16},"end":{"line":365,"column":null}},"113":{"start":{"line":366,"column":2},"end":{"line":368,"column":null}},"114":{"start":{"line":367,"column":4},"end":{"line":367,"column":null}},"115":{"start":{"line":369,"column":2},"end":{"line":371,"column":null}},"116":{"start":{"line":370,"column":4},"end":{"line":370,"column":null}},"117":{"start":{"line":373,"column":15},"end":{"line":373,"column":null}},"118":{"start":{"line":374,"column":2},"end":{"line":390,"column":null}},"119":{"start":{"line":375,"column":22},"end":{"line":375,"column":null}},"120":{"start":{"line":376,"column":22},"end":{"line":376,"column":null}},"121":{"start":{"line":378,"column":28},"end":{"line":378,"column":null}},"122":{"start":{"line":379,"column":25},"end":{"line":379,"column":null}},"123":{"start":{"line":381,"column":4},"end":{"line":383,"column":null}},"124":{"start":{"line":382,"column":6},"end":{"line":382,"column":null}},"125":{"start":{"line":385,"column":4},"end":{"line":387,"column":null}},"126":{"start":{"line":386,"column":6},"end":{"line":386,"column":null}},"127":{"start":{"line":389,"column":4},"end":{"line":389,"column":null}},"128":{"start":{"line":392,"column":2},"end":{"line":392,"column":null}},"129":{"start":{"line":401,"column":15},"end":{"line":401,"column":null}},"130":{"start":{"line":402,"column":2},"end":{"line":440,"column":null}},"131":{"start":{"line":403,"column":19},"end":{"line":403,"column":null}},"132":{"start":{"line":404,"column":17},"end":{"line":404,"column":null}},"133":{"start":{"line":406,"column":21},"end":{"line":406,"column":null}},"134":{"start":{"line":407,"column":18},"end":{"line":407,"column":null}},"135":{"start":{"line":408,"column":4},"end":{"line":418,"column":null}},"136":{"start":{"line":409,"column":24},"end":{"line":409,"column":null}},"137":{"start":{"line":411,"column":6},"end":{"line":413,"column":null}},"138":{"start":{"line":412,"column":8},"end":{"line":412,"column":null}},"139":{"start":{"line":414,"column":6},"end":{"line":414,"column":null}},"140":{"start":{"line":415,"column":6},"end":{"line":415,"column":null}},"141":{"start":{"line":416,"column":4},"end":{"line":418,"column":null}},"142":{"start":{"line":417,"column":6},"end":{"line":417,"column":null}},"143":{"start":{"line":421,"column":4},"end":{"line":423,"column":null}},"144":{"start":{"line":422,"column":6},"end":{"line":422,"column":null}},"145":{"start":{"line":425,"column":19},"end":{"line":425,"column":null}},"146":{"start":{"line":427,"column":4},"end":{"line":429,"column":null}},"147":{"start":{"line":428,"column":6},"end":{"line":428,"column":null}},"148":{"start":{"line":431,"column":4},"end":{"line":437,"column":null}},"149":{"start":{"line":439,"column":4},"end":{"line":439,"column":null}},"150":{"start":{"line":445,"column":2},"end":{"line":447,"column":null}},"151":{"start":{"line":446,"column":4},"end":{"line":446,"column":null}},"152":{"start":{"line":448,"column":2},"end":{"line":458,"column":null}},"153":{"start":{"line":448,"column":20},"end":{"line":448,"column":23}},"154":{"start":{"line":449,"column":4},"end":{"line":451,"column":null}},"155":{"start":{"line":450,"column":6},"end":{"line":450,"column":null}},"156":{"start":{"line":452,"column":4},"end":{"line":457,"column":null}},"157":{"start":{"line":459,"column":2},"end":{"line":459,"column":null}},"158":{"start":{"line":463,"column":2},"end":{"line":463,"column":null}},"159":{"start":{"line":471,"column":16},"end":{"line":471,"column":null}},"160":{"start":{"line":472,"column":2},"end":{"line":474,"column":null}},"161":{"start":{"line":473,"column":4},"end":{"line":473,"column":null}},"162":{"start":{"line":476,"column":20},"end":{"line":476,"column":null}},"163":{"start":{"line":477,"column":15},"end":{"line":477,"column":null}},"164":{"start":{"line":478,"column":2},"end":{"line":480,"column":null}},"165":{"start":{"line":479,"column":4},"end":{"line":479,"column":null}},"166":{"start":{"line":482,"column":19},"end":{"line":482,"column":null}},"167":{"start":{"line":483,"column":2},"end":{"line":487,"column":null}},"168":{"start":{"line":484,"column":4},"end":{"line":486,"column":null}},"169":{"start":{"line":485,"column":6},"end":{"line":485,"column":null}},"170":{"start":{"line":488,"column":2},"end":{"line":490,"column":null}},"171":{"start":{"line":489,"column":4},"end":{"line":489,"column":null}},"172":{"start":{"line":492,"column":2},"end":{"line":497,"column":null}},"173":{"start":{"line":496,"column":4},"end":{"line":496,"column":null}},"174":{"start":{"line":499,"column":19},"end":{"line":499,"column":null}},"175":{"start":{"line":500,"column":2},"end":{"line":502,"column":null}},"176":{"start":{"line":501,"column":4},"end":{"line":501,"column":null}},"177":{"start":{"line":503,"column":2},"end":{"line":505,"column":null}},"178":{"start":{"line":504,"column":4},"end":{"line":504,"column":null}},"179":{"start":{"line":507,"column":2},"end":{"line":507,"column":null}},"180":{"start":{"line":511,"column":15},"end":{"line":511,"column":null}},"181":{"start":{"line":513,"column":2},"end":{"line":515,"column":null}},"182":{"start":{"line":514,"column":4},"end":{"line":514,"column":null}},"183":{"start":{"line":516,"column":18},"end":{"line":516,"column":null}},"184":{"start":{"line":517,"column":2},"end":{"line":517,"column":null}},"185":{"start":{"line":519,"column":2},"end":{"line":530,"column":null}},"186":{"start":{"line":520,"column":19},"end":{"line":522,"column":null}},"187":{"start":{"line":523,"column":4},"end":{"line":523,"column":null}},"188":{"start":{"line":525,"column":4},"end":{"line":527,"column":null}},"189":{"start":{"line":526,"column":6},"end":{"line":526,"column":null}},"190":{"start":{"line":528,"column":4},"end":{"line":528,"column":null}},"191":{"start":{"line":529,"column":4},"end":{"line":529,"column":null}},"192":{"start":{"line":532,"column":17},"end":{"line":532,"column":null}},"193":{"start":{"line":534,"column":2},"end":{"line":534,"column":null}},"194":{"start":{"line":538,"column":15},"end":{"line":538,"column":null}},"195":{"start":{"line":540,"column":2},"end":{"line":542,"column":null}},"196":{"start":{"line":541,"column":4},"end":{"line":541,"column":null}},"197":{"start":{"line":543,"column":18},"end":{"line":543,"column":null}},"198":{"start":{"line":544,"column":2},"end":{"line":544,"column":null}},"199":{"start":{"line":546,"column":21},"end":{"line":548,"column":null}},"200":{"start":{"line":550,"column":2},"end":{"line":552,"column":null}},"201":{"start":{"line":551,"column":4},"end":{"line":551,"column":null}},"202":{"start":{"line":553,"column":2},"end":{"line":553,"column":null}},"203":{"start":{"line":555,"column":15},"end":{"line":555,"column":null}},"204":{"start":{"line":556,"column":15},"end":{"line":556,"column":null}},"205":{"start":{"line":557,"column":2},"end":{"line":567,"column":null}},"206":{"start":{"line":559,"column":4},"end":{"line":561,"column":null}},"207":{"start":{"line":560,"column":6},"end":{"line":560,"column":null}},"208":{"start":{"line":562,"column":23},"end":{"line":562,"column":null}},"209":{"start":{"line":563,"column":4},"end":{"line":565,"column":null}},"210":{"start":{"line":564,"column":6},"end":{"line":564,"column":null}},"211":{"start":{"line":566,"column":4},"end":{"line":566,"column":null}},"212":{"start":{"line":568,"column":2},"end":{"line":568,"column":null}},"213":{"start":{"line":572,"column":15},"end":{"line":572,"column":null}},"214":{"start":{"line":574,"column":2},"end":{"line":576,"column":null}},"215":{"start":{"line":575,"column":4},"end":{"line":575,"column":null}},"216":{"start":{"line":577,"column":18},"end":{"line":577,"column":null}},"217":{"start":{"line":578,"column":2},"end":{"line":578,"column":null}},"218":{"start":{"line":580,"column":20},"end":{"line":580,"column":null}},"219":{"start":{"line":581,"column":20},"end":{"line":581,"column":null}},"220":{"start":{"line":582,"column":2},"end":{"line":582,"column":null}},"221":{"start":{"line":584,"column":22},"end":{"line":584,"column":null}},"222":{"start":{"line":585,"column":21},"end":{"line":585,"column":null}},"223":{"start":{"line":586,"column":26},"end":{"line":586,"column":null}},"224":{"start":{"line":587,"column":20},"end":{"line":587,"column":null}},"225":{"start":{"line":589,"column":20},"end":{"line":591,"column":null}},"226":{"start":{"line":593,"column":2},"end":{"line":595,"column":null}},"227":{"start":{"line":594,"column":4},"end":{"line":594,"column":null}},"228":{"start":{"line":596,"column":2},"end":{"line":596,"column":null}},"229":{"start":{"line":598,"column":15},"end":{"line":598,"column":null}},"230":{"start":{"line":599,"column":2},"end":{"line":675,"column":null}},"231":{"start":{"line":599,"column":23},"end":{"line":599,"column":26}},"232":{"start":{"line":600,"column":19},"end":{"line":602,"column":null}},"233":{"start":{"line":603,"column":4},"end":{"line":603,"column":null}},"234":{"start":{"line":605,"column":4},"end":{"line":607,"column":null}},"235":{"start":{"line":606,"column":6},"end":{"line":606,"column":null}},"236":{"start":{"line":609,"column":29},"end":{"line":609,"column":null}},"237":{"start":{"line":610,"column":4},"end":{"line":618,"column":null}},"238":{"start":{"line":611,"column":32},"end":{"line":611,"column":null}},"239":{"start":{"line":613,"column":6},"end":{"line":615,"column":null}},"240":{"start":{"line":614,"column":8},"end":{"line":614,"column":null}},"241":{"start":{"line":616,"column":6},"end":{"line":616,"column":null}},"242":{"start":{"line":617,"column":6},"end":{"line":617,"column":null}},"243":{"start":{"line":620,"column":31},"end":{"line":620,"column":null}},"244":{"start":{"line":622,"column":4},"end":{"line":624,"column":null}},"245":{"start":{"line":623,"column":6},"end":{"line":623,"column":null}},"246":{"start":{"line":625,"column":4},"end":{"line":625,"column":null}},"247":{"start":{"line":627,"column":23},"end":{"line":627,"column":null}},"248":{"start":{"line":629,"column":4},"end":{"line":631,"column":null}},"249":{"start":{"line":630,"column":6},"end":{"line":630,"column":null}},"250":{"start":{"line":632,"column":4},"end":{"line":632,"column":null}},"251":{"start":{"line":634,"column":24},"end":{"line":634,"column":null}},"252":{"start":{"line":636,"column":4},"end":{"line":638,"column":null}},"253":{"start":{"line":637,"column":6},"end":{"line":637,"column":null}},"254":{"start":{"line":639,"column":4},"end":{"line":639,"column":null}},"255":{"start":{"line":641,"column":34},"end":{"line":641,"column":null}},"256":{"start":{"line":642,"column":4},"end":{"line":667,"column":null}},"257":{"start":{"line":642,"column":27},"end":{"line":642,"column":30}},"258":{"start":{"line":643,"column":6},"end":{"line":650,"column":null}},"259":{"start":{"line":644,"column":34},"end":{"line":644,"column":null}},"260":{"start":{"line":646,"column":8},"end":{"line":648,"column":null}},"261":{"start":{"line":647,"column":10},"end":{"line":647,"column":null}},"262":{"start":{"line":649,"column":8},"end":{"line":649,"column":null}},"263":{"start":{"line":652,"column":27},"end":{"line":652,"column":null}},"264":{"start":{"line":654,"column":6},"end":{"line":656,"column":null}},"265":{"start":{"line":655,"column":8},"end":{"line":655,"column":null}},"266":{"start":{"line":657,"column":6},"end":{"line":657,"column":null}},"267":{"start":{"line":659,"column":27},"end":{"line":659,"column":null}},"268":{"start":{"line":661,"column":6},"end":{"line":663,"column":null}},"269":{"start":{"line":662,"column":8},"end":{"line":662,"column":null}},"270":{"start":{"line":664,"column":6},"end":{"line":664,"column":null}},"271":{"start":{"line":666,"column":6},"end":{"line":666,"column":null}},"272":{"start":{"line":669,"column":4},"end":{"line":674,"column":null}},"273":{"start":{"line":677,"column":2},"end":{"line":677,"column":null}},"274":{"start":{"line":682,"column":2},"end":{"line":684,"column":null}},"275":{"start":{"line":683,"column":4},"end":{"line":683,"column":null}},"276":{"start":{"line":685,"column":2},"end":{"line":687,"column":null}},"277":{"start":{"line":686,"column":4},"end":{"line":686,"column":null}},"278":{"start":{"line":688,"column":2},"end":{"line":690,"column":null}},"279":{"start":{"line":689,"column":4},"end":{"line":689,"column":null}},"280":{"start":{"line":691,"column":2},"end":{"line":693,"column":null}},"281":{"start":{"line":692,"column":4},"end":{"line":692,"column":null}},"282":{"start":{"line":695,"column":21},"end":{"line":695,"column":null}},"283":{"start":{"line":697,"column":2},"end":{"line":699,"column":null}},"284":{"start":{"line":698,"column":4},"end":{"line":698,"column":null}},"285":{"start":{"line":700,"column":2},"end":{"line":702,"column":null}},"286":{"start":{"line":701,"column":4},"end":{"line":701,"column":null}},"287":{"start":{"line":704,"column":25},"end":{"line":704,"column":null}},"288":{"start":{"line":705,"column":2},"end":{"line":707,"column":null}},"289":{"start":{"line":706,"column":4},"end":{"line":706,"column":null}},"290":{"start":{"line":709,"column":2},"end":{"line":711,"column":null}},"291":{"start":{"line":710,"column":4},"end":{"line":710,"column":null}},"292":{"start":{"line":713,"column":2},"end":{"line":715,"column":null}},"293":{"start":{"line":714,"column":4},"end":{"line":714,"column":null}},"294":{"start":{"line":716,"column":2},"end":{"line":716,"column":null}},"295":{"start":{"line":720,"column":20},"end":{"line":720,"column":null}},"296":{"start":{"line":721,"column":2},"end":{"line":723,"column":null}},"297":{"start":{"line":722,"column":4},"end":{"line":722,"column":null}},"298":{"start":{"line":724,"column":17},"end":{"line":724,"column":null}},"299":{"start":{"line":725,"column":15},"end":{"line":725,"column":null}},"300":{"start":{"line":726,"column":2},"end":{"line":729,"column":null}},"301":{"start":{"line":727,"column":4},"end":{"line":727,"column":null}},"302":{"start":{"line":728,"column":4},"end":{"line":728,"column":null}},"303":{"start":{"line":730,"column":2},"end":{"line":730,"column":null}},"304":{"start":{"line":735,"column":16},"end":{"line":735,"column":null}},"305":{"start":{"line":736,"column":2},"end":{"line":738,"column":null}},"306":{"start":{"line":737,"column":4},"end":{"line":737,"column":null}},"307":{"start":{"line":740,"column":37},"end":{"line":740,"column":null}},"308":{"start":{"line":741,"column":2},"end":{"line":821,"column":null}},"309":{"start":{"line":742,"column":4},"end":{"line":744,"column":null}},"310":{"start":{"line":743,"column":6},"end":{"line":743,"column":null}},"311":{"start":{"line":746,"column":23},"end":{"line":746,"column":null}},"312":{"start":{"line":748,"column":4},"end":{"line":750,"column":null}},"313":{"start":{"line":749,"column":6},"end":{"line":749,"column":null}},"314":{"start":{"line":752,"column":18},"end":{"line":752,"column":null}},"315":{"start":{"line":753,"column":18},"end":{"line":753,"column":null}},"316":{"start":{"line":754,"column":39},"end":{"line":754,"column":null}},"317":{"start":{"line":755,"column":4},"end":{"line":763,"column":null}},"318":{"start":{"line":756,"column":6},"end":{"line":762,"column":null}},"319":{"start":{"line":757,"column":8},"end":{"line":757,"column":null}},"320":{"start":{"line":758,"column":6},"end":{"line":762,"column":null}},"321":{"start":{"line":759,"column":8},"end":{"line":759,"column":null}},"322":{"start":{"line":760,"column":6},"end":{"line":762,"column":null}},"323":{"start":{"line":761,"column":8},"end":{"line":761,"column":null}},"324":{"start":{"line":765,"column":4},"end":{"line":767,"column":null}},"325":{"start":{"line":766,"column":6},"end":{"line":766,"column":null}},"326":{"start":{"line":769,"column":36},"end":{"line":769,"column":null}},"327":{"start":{"line":770,"column":4},"end":{"line":775,"column":null}},"328":{"start":{"line":771,"column":6},"end":{"line":774,"column":null}},"329":{"start":{"line":772,"column":8},"end":{"line":772,"column":null}},"330":{"start":{"line":773,"column":8},"end":{"line":773,"column":null}},"331":{"start":{"line":777,"column":4},"end":{"line":779,"column":null}},"332":{"start":{"line":778,"column":6},"end":{"line":778,"column":null}},"333":{"start":{"line":781,"column":17},"end":{"line":781,"column":null}},"334":{"start":{"line":782,"column":4},"end":{"line":784,"column":null}},"335":{"start":{"line":783,"column":6},"end":{"line":783,"column":null}},"336":{"start":{"line":786,"column":33},"end":{"line":786,"column":null}},"337":{"start":{"line":787,"column":4},"end":{"line":810,"column":null}},"338":{"start":{"line":789,"column":6},"end":{"line":791,"column":null}},"339":{"start":{"line":790,"column":8},"end":{"line":790,"column":null}},"340":{"start":{"line":793,"column":25},"end":{"line":793,"column":null}},"341":{"start":{"line":794,"column":6},"end":{"line":802,"column":null}},"342":{"start":{"line":796,"column":8},"end":{"line":798,"column":null}},"343":{"start":{"line":797,"column":10},"end":{"line":797,"column":null}},"344":{"start":{"line":799,"column":8},"end":{"line":799,"column":null}},"345":{"start":{"line":800,"column":6},"end":{"line":802,"column":null}},"346":{"start":{"line":801,"column":8},"end":{"line":801,"column":null}},"347":{"start":{"line":804,"column":24},"end":{"line":804,"column":null}},"348":{"start":{"line":806,"column":6},"end":{"line":808,"column":null}},"349":{"start":{"line":807,"column":8},"end":{"line":807,"column":null}},"350":{"start":{"line":809,"column":6},"end":{"line":809,"column":null}},"351":{"start":{"line":813,"column":4},"end":{"line":815,"column":null}},"352":{"start":{"line":814,"column":6},"end":{"line":814,"column":null}},"353":{"start":{"line":817,"column":20},"end":{"line":817,"column":null}},"354":{"start":{"line":818,"column":4},"end":{"line":820,"column":null}},"355":{"start":{"line":819,"column":6},"end":{"line":819,"column":null}},"356":{"start":{"line":823,"column":2},"end":{"line":823,"column":null}},"357":{"start":{"line":827,"column":21},"end":{"line":827,"column":null}},"358":{"start":{"line":829,"column":2},"end":{"line":831,"column":null}},"359":{"start":{"line":830,"column":4},"end":{"line":830,"column":null}},"360":{"start":{"line":833,"column":23},"end":{"line":833,"column":null}},"361":{"start":{"line":834,"column":24},"end":{"line":834,"column":null}},"362":{"start":{"line":836,"column":2},"end":{"line":838,"column":null}},"363":{"start":{"line":837,"column":4},"end":{"line":837,"column":null}},"364":{"start":{"line":840,"column":31},"end":{"line":840,"column":null}},"365":{"start":{"line":841,"column":2},"end":{"line":882,"column":null}},"366":{"start":{"line":841,"column":24},"end":{"line":841,"column":27}},"367":{"start":{"line":842,"column":24},"end":{"line":842,"column":null}},"368":{"start":{"line":843,"column":16},"end":{"line":843,"column":null}},"369":{"start":{"line":844,"column":17},"end":{"line":844,"column":null}},"370":{"start":{"line":845,"column":18},"end":{"line":845,"column":null}},"371":{"start":{"line":847,"column":4},"end":{"line":849,"column":null}},"372":{"start":{"line":848,"column":6},"end":{"line":848,"column":null}},"373":{"start":{"line":851,"column":21},"end":{"line":851,"column":null}},"374":{"start":{"line":852,"column":4},"end":{"line":854,"column":null}},"375":{"start":{"line":853,"column":6},"end":{"line":853,"column":null}},"376":{"start":{"line":856,"column":28},"end":{"line":856,"column":null}},"377":{"start":{"line":857,"column":29},"end":{"line":857,"column":null}},"378":{"start":{"line":859,"column":4},"end":{"line":861,"column":null}},"379":{"start":{"line":860,"column":6},"end":{"line":860,"column":null}},"380":{"start":{"line":863,"column":40},"end":{"line":863,"column":null}},"381":{"start":{"line":864,"column":4},"end":{"line":872,"column":null}},"382":{"start":{"line":865,"column":6},"end":{"line":865,"column":null}},"383":{"start":{"line":867,"column":25},"end":{"line":867,"column":null}},"384":{"start":{"line":868,"column":23},"end":{"line":868,"column":null}},"385":{"start":{"line":869,"column":6},"end":{"line":871,"column":null}},"386":{"start":{"line":870,"column":8},"end":{"line":870,"column":null}},"387":{"start":{"line":874,"column":4},"end":{"line":881,"column":null}},"388":{"start":{"line":875,"column":6},"end":{"line":880,"column":null}},"389":{"start":{"line":884,"column":24},"end":{"line":884,"column":null}},"390":{"start":{"line":885,"column":2},"end":{"line":885,"column":null}},"391":{"start":{"line":889,"column":2},"end":{"line":891,"column":null}},"392":{"start":{"line":890,"column":4},"end":{"line":890,"column":null}},"393":{"start":{"line":892,"column":2},"end":{"line":892,"column":null}},"394":{"start":{"line":896,"column":32},"end":{"line":896,"column":null}},"395":{"start":{"line":897,"column":2},"end":{"line":907,"column":null}},"396":{"start":{"line":898,"column":4},"end":{"line":900,"column":null}},"397":{"start":{"line":899,"column":6},"end":{"line":899,"column":null}},"398":{"start":{"line":901,"column":21},"end":{"line":901,"column":null}},"399":{"start":{"line":903,"column":4},"end":{"line":905,"column":null}},"400":{"start":{"line":904,"column":6},"end":{"line":904,"column":null}},"401":{"start":{"line":906,"column":4},"end":{"line":906,"column":null}},"402":{"start":{"line":908,"column":2},"end":{"line":908,"column":null}},"403":{"start":{"line":912,"column":2},"end":{"line":917,"column":null}},"404":{"start":{"line":921,"column":2},"end":{"line":927,"column":null}},"405":{"start":{"line":937,"column":27},"end":{"line":937,"column":null}},"406":{"start":{"line":938,"column":34},"end":{"line":940,"column":null}},"407":{"start":{"line":942,"column":2},"end":{"line":944,"column":null}},"408":{"start":{"line":943,"column":4},"end":{"line":943,"column":null}},"409":{"start":{"line":945,"column":2},"end":{"line":947,"column":null}},"410":{"start":{"line":946,"column":4},"end":{"line":946,"column":null}},"411":{"start":{"line":948,"column":2},"end":{"line":950,"column":null}},"412":{"start":{"line":949,"column":4},"end":{"line":949,"column":null}},"413":{"start":{"line":952,"column":20},"end":{"line":952,"column":null}},"414":{"start":{"line":953,"column":2},"end":{"line":956,"column":null}},"415":{"start":{"line":954,"column":4},"end":{"line":954,"column":null}},"416":{"start":{"line":955,"column":4},"end":{"line":955,"column":null}},"417":{"start":{"line":958,"column":21},"end":{"line":958,"column":null}},"418":{"start":{"line":960,"column":2},"end":{"line":962,"column":null}},"419":{"start":{"line":961,"column":4},"end":{"line":961,"column":null}},"420":{"start":{"line":963,"column":2},"end":{"line":965,"column":null}},"421":{"start":{"line":964,"column":4},"end":{"line":964,"column":null}},"422":{"start":{"line":966,"column":2},"end":{"line":968,"column":null}},"423":{"start":{"line":967,"column":4},"end":{"line":967,"column":null}},"424":{"start":{"line":969,"column":21},"end":{"line":969,"column":null}},"425":{"start":{"line":970,"column":2},"end":{"line":972,"column":null}},"426":{"start":{"line":971,"column":4},"end":{"line":971,"column":null}},"427":{"start":{"line":973,"column":2},"end":{"line":975,"column":null}},"428":{"start":{"line":974,"column":4},"end":{"line":974,"column":null}},"429":{"start":{"line":977,"column":19},"end":{"line":977,"column":null}},"430":{"start":{"line":978,"column":2},"end":{"line":981,"column":null}},"431":{"start":{"line":979,"column":4},"end":{"line":979,"column":null}},"432":{"start":{"line":980,"column":4},"end":{"line":980,"column":null}},"433":{"start":{"line":983,"column":19},"end":{"line":983,"column":null}},"434":{"start":{"line":984,"column":44},"end":{"line":984,"column":null}},"435":{"start":{"line":985,"column":2},"end":{"line":1016,"column":null}},"436":{"start":{"line":986,"column":4},"end":{"line":1015,"column":null}},"437":{"start":{"line":987,"column":23},"end":{"line":987,"column":null}},"438":{"start":{"line":989,"column":6},"end":{"line":991,"column":null}},"439":{"start":{"line":990,"column":8},"end":{"line":990,"column":null}},"440":{"start":{"line":992,"column":30},"end":{"line":992,"column":null}},"441":{"start":{"line":993,"column":6},"end":{"line":1001,"column":null}},"442":{"start":{"line":994,"column":23},"end":{"line":994,"column":null}},"443":{"start":{"line":996,"column":8},"end":{"line":998,"column":null}},"444":{"start":{"line":997,"column":10},"end":{"line":997,"column":null}},"445":{"start":{"line":999,"column":8},"end":{"line":999,"column":null}},"446":{"start":{"line":1000,"column":8},"end":{"line":1000,"column":null}},"447":{"start":{"line":1004,"column":6},"end":{"line":1006,"column":null}},"448":{"start":{"line":1005,"column":8},"end":{"line":1005,"column":null}},"449":{"start":{"line":1007,"column":6},"end":{"line":1014,"column":null}},"450":{"start":{"line":1008,"column":8},"end":{"line":1008,"column":null}},"451":{"start":{"line":1009,"column":8},"end":{"line":1012,"column":null}},"452":{"start":{"line":1013,"column":8},"end":{"line":1013,"column":null}},"453":{"start":{"line":1018,"column":14},"end":{"line":1018,"column":null}},"454":{"start":{"line":1019,"column":2},"end":{"line":1023,"column":null}},"455":{"start":{"line":1020,"column":4},"end":{"line":1020,"column":null}},"456":{"start":{"line":1022,"column":4},"end":{"line":1022,"column":null}},"457":{"start":{"line":1024,"column":2},"end":{"line":1024,"column":null}},"458":{"start":{"line":1026,"column":2},"end":{"line":1049,"column":null}},"459":{"start":{"line":1027,"column":24},"end":{"line":1027,"column":null}},"460":{"start":{"line":1028,"column":4},"end":{"line":1028,"column":null}},"461":{"start":{"line":1029,"column":22},"end":{"line":1029,"column":null}},"462":{"start":{"line":1030,"column":4},"end":{"line":1047,"column":null}},"463":{"start":{"line":1031,"column":23},"end":{"line":1031,"column":null}},"464":{"start":{"line":1032,"column":30},"end":{"line":1032,"column":null}},"465":{"start":{"line":1033,"column":6},"end":{"line":1033,"column":null}},"466":{"start":{"line":1034,"column":6},"end":{"line":1034,"column":null}},"467":{"start":{"line":1035,"column":6},"end":{"line":1035,"column":null}},"468":{"start":{"line":1037,"column":6},"end":{"line":1045,"column":null}},"469":{"start":{"line":1038,"column":8},"end":{"line":1038,"column":null}},"470":{"start":{"line":1039,"column":6},"end":{"line":1045,"column":null}},"471":{"start":{"line":1040,"column":28},"end":{"line":1040,"column":null}},"472":{"start":{"line":1041,"column":8},"end":{"line":1041,"column":null}},"473":{"start":{"line":1042,"column":8},"end":{"line":1042,"column":null}},"474":{"start":{"line":1044,"column":8},"end":{"line":1044,"column":null}},"475":{"start":{"line":1046,"column":6},"end":{"line":1046,"column":null}},"476":{"start":{"line":1048,"column":4},"end":{"line":1048,"column":null}},"477":{"start":{"line":1051,"column":2},"end":{"line":1054,"column":null}},"478":{"start":{"line":1053,"column":4},"end":{"line":1053,"column":null}},"479":{"start":{"line":1056,"column":2},"end":{"line":1056,"column":null}},"480":{"start":{"line":1060,"column":16},"end":{"line":1060,"column":null}},"481":{"start":{"line":1062,"column":2},"end":{"line":1064,"column":null}},"482":{"start":{"line":1063,"column":4},"end":{"line":1063,"column":null}},"483":{"start":{"line":1066,"column":23},"end":{"line":1066,"column":null}},"484":{"start":{"line":1067,"column":20},"end":{"line":1067,"column":null}},"485":{"start":{"line":1068,"column":2},"end":{"line":1070,"column":null}},"486":{"start":{"line":1069,"column":4},"end":{"line":1069,"column":null}},"487":{"start":{"line":1072,"column":21},"end":{"line":1072,"column":null}},"488":{"start":{"line":1073,"column":2},"end":{"line":1075,"column":null}},"489":{"start":{"line":1074,"column":4},"end":{"line":1074,"column":null}},"490":{"start":{"line":1077,"column":21},"end":{"line":1077,"column":null}},"491":{"start":{"line":1078,"column":2},"end":{"line":1080,"column":null}},"492":{"start":{"line":1079,"column":4},"end":{"line":1079,"column":null}},"493":{"start":{"line":1082,"column":15},"end":{"line":1082,"column":null}},"494":{"start":{"line":1084,"column":2},"end":{"line":1086,"column":null}},"495":{"start":{"line":1085,"column":4},"end":{"line":1085,"column":null}},"496":{"start":{"line":1088,"column":22},"end":{"line":1088,"column":null}},"497":{"start":{"line":1089,"column":37},"end":{"line":1089,"column":null}},"498":{"start":{"line":1090,"column":36},"end":{"line":1090,"column":null}},"499":{"start":{"line":1091,"column":40},"end":{"line":1091,"column":null}},"500":{"start":{"line":1093,"column":18},"end":{"line":1093,"column":null}},"501":{"start":{"line":1093,"column":65},"end":{"line":1093,"column":85}},"502":{"start":{"line":1094,"column":2},"end":{"line":1109,"column":null}},"503":{"start":{"line":1095,"column":20},"end":{"line":1095,"column":null}},"504":{"start":{"line":1096,"column":4},"end":{"line":1108,"column":null}},"505":{"start":{"line":1097,"column":6},"end":{"line":1097,"column":null}},"506":{"start":{"line":1098,"column":25},"end":{"line":1101,"column":null}},"507":{"start":{"line":1099,"column":40},"end":{"line":1099,"column":60}},"508":{"start":{"line":1102,"column":6},"end":{"line":1107,"column":null}},"509":{"start":{"line":1103,"column":27},"end":{"line":1103,"column":null}},"510":{"start":{"line":1104,"column":8},"end":{"line":1106,"column":null}},"511":{"start":{"line":1105,"column":10},"end":{"line":1105,"column":null}},"512":{"start":{"line":1111,"column":17},"end":{"line":1111,"column":null}},"513":{"start":{"line":1111,"column":64},"end":{"line":1111,"column":84}},"514":{"start":{"line":1112,"column":2},"end":{"line":1117,"column":null}},"515":{"start":{"line":1113,"column":19},"end":{"line":1113,"column":null}},"516":{"start":{"line":1114,"column":4},"end":{"line":1116,"column":null}},"517":{"start":{"line":1115,"column":6},"end":{"line":1115,"column":null}},"518":{"start":{"line":1119,"column":2},"end":{"line":1126,"column":null}},"519":{"start":{"line":1125,"column":4},"end":{"line":1125,"column":null}},"520":{"start":{"line":1128,"column":25},"end":{"line":1134,"column":null}},"521":{"start":{"line":1136,"column":2},"end":{"line":1138,"column":null}},"522":{"start":{"line":1137,"column":4},"end":{"line":1137,"column":null}},"523":{"start":{"line":1140,"column":18},"end":{"line":1140,"column":null}},"524":{"start":{"line":1141,"column":2},"end":{"line":1144,"column":null}},"525":{"start":{"line":1142,"column":4},"end":{"line":1142,"column":null}},"526":{"start":{"line":1143,"column":4},"end":{"line":1143,"column":null}},"527":{"start":{"line":1145,"column":2},"end":{"line":1145,"column":null}},"528":{"start":{"line":1153,"column":16},"end":{"line":1153,"column":null}},"529":{"start":{"line":1154,"column":2},"end":{"line":1156,"column":null}},"530":{"start":{"line":1155,"column":4},"end":{"line":1155,"column":null}},"531":{"start":{"line":1158,"column":15},"end":{"line":1158,"column":null}},"532":{"start":{"line":1159,"column":20},"end":{"line":1159,"column":null}},"533":{"start":{"line":1160,"column":2},"end":{"line":1179,"column":null}},"534":{"start":{"line":1161,"column":4},"end":{"line":1163,"column":null}},"535":{"start":{"line":1162,"column":6},"end":{"line":1162,"column":null}},"536":{"start":{"line":1164,"column":4},"end":{"line":1166,"column":null}},"537":{"start":{"line":1165,"column":6},"end":{"line":1165,"column":null}},"538":{"start":{"line":1167,"column":4},"end":{"line":1169,"column":null}},"539":{"start":{"line":1168,"column":6},"end":{"line":1168,"column":null}},"540":{"start":{"line":1170,"column":4},"end":{"line":1172,"column":null}},"541":{"start":{"line":1171,"column":6},"end":{"line":1171,"column":null}},"542":{"start":{"line":1173,"column":4},"end":{"line":1175,"column":null}},"543":{"start":{"line":1174,"column":6},"end":{"line":1174,"column":null}},"544":{"start":{"line":1177,"column":4},"end":{"line":1177,"column":null}},"545":{"start":{"line":1178,"column":4},"end":{"line":1178,"column":null}},"546":{"start":{"line":1180,"column":2},"end":{"line":1180,"column":null}}},"fnMap":{"0":{"name":"compareTiffEntries","decl":{"start":{"line":125,"column":9},"end":{"line":125,"column":28}},"loc":{"start":{"line":125,"column":64},"end":{"line":127,"column":null}}},"1":{"name":"startsWithExifHeader","decl":{"start":{"line":129,"column":9},"end":{"line":129,"column":30}},"loc":{"start":{"line":129,"column":70},"end":{"line":140,"column":null}}},"2":{"name":"startsWithTiffHeader","decl":{"start":{"line":142,"column":9},"end":{"line":142,"column":30}},"loc":{"start":{"line":142,"column":70},"end":{"line":156,"column":null}}},"3":{"name":"wrapTiffAsExifPayload","decl":{"start":{"line":158,"column":9},"end":{"line":158,"column":31}},"loc":{"start":{"line":158,"column":66},"end":{"line":163,"column":null}}},"4":{"name":"canonicalizeExifPayload","decl":{"start":{"line":165,"column":9},"end":{"line":165,"column":33}},"loc":{"start":{"line":165,"column":71},"end":{"line":176,"column":null}}},"5":{"name":"getExtension","decl":{"start":{"line":178,"column":9},"end":{"line":178,"column":22}},"loc":{"start":{"line":178,"column":48},"end":{"line":181,"column":null}}},"6":{"name":"isJpegInput","decl":{"start":{"line":183,"column":9},"end":{"line":183,"column":21}},"loc":{"start":{"line":183,"column":67},"end":{"line":190,"column":null}}},"7":{"name":"isPngInput","decl":{"start":{"line":192,"column":9},"end":{"line":192,"column":20}},"loc":{"start":{"line":192,"column":66},"end":{"line":194,"column":null}}},"8":{"name":"isWebpInput","decl":{"start":{"line":196,"column":9},"end":{"line":196,"column":21}},"loc":{"start":{"line":196,"column":67},"end":{"line":198,"column":null}}},"9":{"name":"isHeifInput","decl":{"start":{"line":200,"column":9},"end":{"line":200,"column":21}},"loc":{"start":{"line":200,"column":67},"end":{"line":208,"column":null}}},"10":{"name":"hasAsciiMarker","decl":{"start":{"line":210,"column":9},"end":{"line":210,"column":24}},"loc":{"start":{"line":210,"column":68},"end":{"line":228,"column":null}}},"11":{"name":"isTiffInput","decl":{"start":{"line":230,"column":9},"end":{"line":230,"column":21}},"loc":{"start":{"line":230,"column":67},"end":{"line":232,"column":null}}},"12":{"name":"readUInt16","decl":{"start":{"line":234,"column":9},"end":{"line":234,"column":20}},"loc":{"start":{"line":234,"column":93},"end":{"line":243,"column":null}}},"13":{"name":"readUInt32","decl":{"start":{"line":245,"column":9},"end":{"line":245,"column":20}},"loc":{"start":{"line":245,"column":93},"end":{"line":264,"column":null}}},"14":{"name":"writeUInt16","decl":{"start":{"line":266,"column":9},"end":{"line":266,"column":21}},"loc":{"start":{"line":266,"column":100},"end":{"line":274,"column":null}}},"15":{"name":"writeUInt32","decl":{"start":{"line":276,"column":9},"end":{"line":276,"column":21}},"loc":{"start":{"line":276,"column":100},"end":{"line":288,"column":null}}},"16":{"name":"readSizedUIntBE","decl":{"start":{"line":290,"column":9},"end":{"line":290,"column":25}},"loc":{"start":{"line":290,"column":89},"end":{"line":307,"column":null}}},"17":{"name":"readUInt32BE","decl":{"start":{"line":309,"column":9},"end":{"line":309,"column":22}},"loc":{"start":{"line":309,"column":72},"end":{"line":311,"column":null}}},"18":{"name":"readTypeString","decl":{"start":{"line":313,"column":9},"end":{"line":313,"column":24}},"loc":{"start":{"line":313,"column":74},"end":{"line":319,"column":null}}},"19":{"name":"align2","decl":{"start":{"line":321,"column":9},"end":{"line":321,"column":16}},"loc":{"start":{"line":321,"column":39},"end":{"line":323,"column":null}}},"20":{"name":"toUint8Array","decl":{"start":{"line":325,"column":9},"end":{"line":325,"column":22}},"loc":{"start":{"line":325,"column":57},"end":{"line":327,"column":null}}},"21":{"name":"extractExifPayloadFromPng","decl":{"start":{"line":329,"column":16},"end":{"line":329,"column":42}},"loc":{"start":{"line":329,"column":80},"end":{"line":362,"column":null}}},"22":{"name":"extractExifPayloadFromWebp","decl":{"start":{"line":364,"column":16},"end":{"line":364,"column":43}},"loc":{"start":{"line":364,"column":81},"end":{"line":393,"column":null}}},"23":{"name":"forEachIsoBox","decl":{"start":{"line":395,"column":9},"end":{"line":395,"column":null}},"loc":{"start":{"line":400,"column":8},"end":{"line":441,"column":null}}},"24":{"name":"readFirstHeifNclxInfo","decl":{"start":{"line":443,"column":9},"end":{"line":443,"column":31}},"loc":{"start":{"line":443,"column":67},"end":{"line":460,"column":null}}},"25":{"name":"isSupportedHdrNclxInfo","decl":{"start":{"line":462,"column":9},"end":{"line":462,"column":32}},"loc":{"start":{"line":462,"column":64},"end":{"line":464,"column":null}}},"26":{"name":"probeHeifProcessingPathFromHeaders","decl":{"start":{"line":466,"column":16},"end":{"line":466,"column":null}},"loc":{"start":{"line":470,"column":32},"end":{"line":508,"column":null}}},"27":{"name":"(anonymous_27)","decl":{"start":{"line":483,"column":40},"end":{"line":483,"column":41}},"loc":{"start":{"line":483,"column":52},"end":{"line":487,"column":3}}},"28":{"name":"parseInfeBox","decl":{"start":{"line":510,"column":9},"end":{"line":510,"column":22}},"loc":{"start":{"line":510,"column":73},"end":{"line":535,"column":null}}},"29":{"name":"parseIinfBox","decl":{"start":{"line":537,"column":9},"end":{"line":537,"column":22}},"loc":{"start":{"line":537,"column":79},"end":{"line":569,"column":null}}},"30":{"name":"(anonymous_30)","decl":{"start":{"line":557,"column":40},"end":{"line":557,"column":41}},"loc":{"start":{"line":557,"column":51},"end":{"line":567,"column":3}}},"31":{"name":"parseIlocBox","decl":{"start":{"line":571,"column":9},"end":{"line":571,"column":22}},"loc":{"start":{"line":571,"column":79},"end":{"line":678,"column":null}}},"32":{"name":"decodeHeifExifItemPayload","decl":{"start":{"line":680,"column":9},"end":{"line":680,"column":35}},"loc":{"start":{"line":680,"column":77},"end":{"line":717,"column":null}}},"33":{"name":"concatenateChunks","decl":{"start":{"line":719,"column":9},"end":{"line":719,"column":27}},"loc":{"start":{"line":719,"column":61},"end":{"line":731,"column":null}}},"34":{"name":"extractExifPayloadFromHeif","decl":{"start":{"line":733,"column":16},"end":{"line":733,"column":43}},"loc":{"start":{"line":733,"column":81},"end":{"line":824,"column":null}}},"35":{"name":"(anonymous_35)","decl":{"start":{"line":741,"column":40},"end":{"line":741,"column":41}},"loc":{"start":{"line":741,"column":52},"end":{"line":821,"column":3}}},"36":{"name":"(anonymous_36)","decl":{"start":{"line":755,"column":49},"end":{"line":755,"column":50}},"loc":{"start":{"line":755,"column":64},"end":{"line":763,"column":5}}},"37":{"name":"parseTiffIfd","decl":{"start":{"line":826,"column":9},"end":{"line":826,"column":22}},"loc":{"start":{"line":826,"column":105},"end":{"line":886,"column":null}}},"38":{"name":"readLongFromEntry","decl":{"start":{"line":888,"column":9},"end":{"line":888,"column":27}},"loc":{"start":{"line":888,"column":95},"end":{"line":893,"column":null}}},"39":{"name":"filterEntries","decl":{"start":{"line":895,"column":9},"end":{"line":895,"column":23}},"loc":{"start":{"line":895,"column":93},"end":{"line":909,"column":null}}},"40":{"name":"cloneEntry","decl":{"start":{"line":911,"column":9},"end":{"line":911,"column":20}},"loc":{"start":{"line":911,"column":53},"end":{"line":918,"column":null}}},"41":{"name":"pointerEntry","decl":{"start":{"line":920,"column":9},"end":{"line":920,"column":22}},"loc":{"start":{"line":920,"column":86},"end":{"line":928,"column":null}}},"42":{"name":"serializeExifTiff","decl":{"start":{"line":930,"column":9},"end":{"line":930,"column":27}},"loc":{"start":{"line":936,"column":22},"end":{"line":1057,"column":null}}},"43":{"name":"extractExifPayloadFromTiff","decl":{"start":{"line":1059,"column":16},"end":{"line":1059,"column":43}},"loc":{"start":{"line":1059,"column":81},"end":{"line":1146,"column":null}}},"44":{"name":"(anonymous_44)","decl":{"start":{"line":1093,"column":54},"end":{"line":1093,"column":55}},"loc":{"start":{"line":1093,"column":65},"end":{"line":1093,"column":85}}},"45":{"name":"(anonymous_45)","decl":{"start":{"line":1099,"column":29},"end":{"line":1099,"column":30}},"loc":{"start":{"line":1099,"column":40},"end":{"line":1099,"column":60}}},"46":{"name":"(anonymous_46)","decl":{"start":{"line":1111,"column":53},"end":{"line":1111,"column":54}},"loc":{"start":{"line":1111,"column":64},"end":{"line":1111,"column":84}}},"47":{"name":"extractExifApp1PayloadFromInput","decl":{"start":{"line":1148,"column":16},"end":{"line":1148,"column":null}},"loc":{"start":{"line":1152,"column":21},"end":{"line":1181,"column":null}}}},"branchMap":{"0":{"loc":{"start":{"line":129,"column":49},"end":{"line":129,"column":70}},"type":"default-arg","locations":[{"start":{"line":129,"column":58},"end":{"line":129,"column":70}}]},"1":{"loc":{"start":{"line":131,"column":4},"end":{"line":138,"column":null}},"type":"binary-expr","locations":[{"start":{"line":131,"column":4},"end":{"line":131,"column":null}},{"start":{"line":132,"column":4},"end":{"line":132,"column":null}},{"start":{"line":133,"column":4},"end":{"line":133,"column":null}},{"start":{"line":134,"column":4},"end":{"line":134,"column":null}},{"start":{"line":135,"column":4},"end":{"line":135,"column":null}},{"start":{"line":136,"column":4},"end":{"line":136,"column":null}},{"start":{"line":137,"column":4},"end":{"line":137,"column":null}},{"start":{"line":138,"column":4},"end":{"line":138,"column":null}}]},"2":{"loc":{"start":{"line":142,"column":49},"end":{"line":142,"column":70}},"type":"default-arg","locations":[{"start":{"line":142,"column":58},"end":{"line":142,"column":70}}]},"3":{"loc":{"start":{"line":143,"column":2},"end":{"line":145,"column":null}},"type":"if","locations":[{"start":{"line":143,"column":2},"end":{"line":145,"column":null}},{"start":{},"end":{}}]},"4":{"loc":{"start":{"line":149,"column":2},"end":{"line":151,"column":null}},"type":"if","locations":[{"start":{"line":149,"column":2},"end":{"line":151,"column":null}},{"start":{},"end":{}}]},"5":{"loc":{"start":{"line":149,"column":6},"end":{"line":149,"column":50}},"type":"binary-expr","locations":[{"start":{"line":149,"column":6},"end":{"line":149,"column":29}},{"start":{"line":149,"column":29},"end":{"line":149,"column":50}}]},"6":{"loc":{"start":{"line":150,"column":11},"end":{"line":150,"column":null}},"type":"binary-expr","locations":[{"start":{"line":150,"column":11},"end":{"line":150,"column":41}},{"start":{"line":150,"column":41},"end":{"line":150,"column":null}}]},"7":{"loc":{"start":{"line":152,"column":2},"end":{"line":154,"column":null}},"type":"if","locations":[{"start":{"line":152,"column":2},"end":{"line":154,"column":null}},{"start":{},"end":{}}]},"8":{"loc":{"start":{"line":152,"column":6},"end":{"line":152,"column":50}},"type":"binary-expr","locations":[{"start":{"line":152,"column":6},"end":{"line":152,"column":29}},{"start":{"line":152,"column":29},"end":{"line":152,"column":50}}]},"9":{"loc":{"start":{"line":153,"column":11},"end":{"line":153,"column":null}},"type":"binary-expr","locations":[{"start":{"line":153,"column":11},"end":{"line":153,"column":41}},{"start":{"line":153,"column":41},"end":{"line":153,"column":null}}]},"10":{"loc":{"start":{"line":166,"column":2},"end":{"line":168,"column":null}},"type":"if","locations":[{"start":{"line":166,"column":2},"end":{"line":168,"column":null}},{"start":{},"end":{}}]},"11":{"loc":{"start":{"line":169,"column":2},"end":{"line":171,"column":null}},"type":"if","locations":[{"start":{"line":169,"column":2},"end":{"line":171,"column":null}},{"start":{},"end":{}}]},"12":{"loc":{"start":{"line":172,"column":2},"end":{"line":174,"column":null}},"type":"if","locations":[{"start":{"line":172,"column":2},"end":{"line":174,"column":null}},{"start":{},"end":{}}]},"13":{"loc":{"start":{"line":180,"column":9},"end":{"line":180,"column":null}},"type":"cond-expr","locations":[{"start":{"line":180,"column":24},"end":{"line":180,"column":29}},{"start":{"line":180,"column":29},"end":{"line":180,"column":null}}]},"14":{"loc":{"start":{"line":185,"column":4},"end":{"line":188,"column":null}},"type":"binary-expr","locations":[{"start":{"line":185,"column":4},"end":{"line":185,"column":null}},{"start":{"line":186,"column":4},"end":{"line":186,"column":null}},{"start":{"line":187,"column":4},"end":{"line":187,"column":null}},{"start":{"line":188,"column":4},"end":{"line":188,"column":null}}]},"15":{"loc":{"start":{"line":193,"column":9},"end":{"line":193,"column":null}},"type":"binary-expr","locations":[{"start":{"line":193,"column":9},"end":{"line":193,"column":37}},{"start":{"line":193,"column":37},"end":{"line":193,"column":null}}]},"16":{"loc":{"start":{"line":197,"column":9},"end":{"line":197,"column":null}},"type":"binary-expr","locations":[{"start":{"line":197,"column":9},"end":{"line":197,"column":38}},{"start":{"line":197,"column":38},"end":{"line":197,"column":null}}]},"17":{"loc":{"start":{"line":202,"column":4},"end":{"line":206,"column":null}},"type":"binary-expr","locations":[{"start":{"line":202,"column":4},"end":{"line":202,"column":null}},{"start":{"line":203,"column":4},"end":{"line":203,"column":null}},{"start":{"line":204,"column":4},"end":{"line":204,"column":null}},{"start":{"line":205,"column":4},"end":{"line":205,"column":null}},{"start":{"line":206,"column":4},"end":{"line":206,"column":null}}]},"18":{"loc":{"start":{"line":218,"column":6},"end":{"line":221,"column":null}},"type":"if","locations":[{"start":{"line":218,"column":6},"end":{"line":221,"column":null}},{"start":{},"end":{}}]},"19":{"loc":{"start":{"line":223,"column":4},"end":{"line":225,"column":null}},"type":"if","locations":[{"start":{"line":223,"column":4},"end":{"line":225,"column":null}},{"start":{},"end":{}}]},"20":{"loc":{"start":{"line":231,"column":9},"end":{"line":231,"column":null}},"type":"binary-expr","locations":[{"start":{"line":231,"column":9},"end":{"line":231,"column":38}},{"start":{"line":231,"column":38},"end":{"line":231,"column":62}},{"start":{"line":231,"column":62},"end":{"line":231,"column":null}}]},"21":{"loc":{"start":{"line":236,"column":2},"end":{"line":238,"column":null}},"type":"if","locations":[{"start":{"line":236,"column":2},"end":{"line":238,"column":null}},{"start":{},"end":{}}]},"22":{"loc":{"start":{"line":236,"column":6},"end":{"line":236,"column":47}},"type":"binary-expr","locations":[{"start":{"line":236,"column":6},"end":{"line":236,"column":20}},{"start":{"line":236,"column":20},"end":{"line":236,"column":47}}]},"23":{"loc":{"start":{"line":239,"column":2},"end":{"line":241,"column":null}},"type":"if","locations":[{"start":{"line":239,"column":2},"end":{"line":241,"column":null}},{"start":{},"end":{}}]},"24":{"loc":{"start":{"line":247,"column":2},"end":{"line":249,"column":null}},"type":"if","locations":[{"start":{"line":247,"column":2},"end":{"line":249,"column":null}},{"start":{},"end":{}}]},"25":{"loc":{"start":{"line":247,"column":6},"end":{"line":247,"column":47}},"type":"binary-expr","locations":[{"start":{"line":247,"column":6},"end":{"line":247,"column":20}},{"start":{"line":247,"column":20},"end":{"line":247,"column":47}}]},"26":{"loc":{"start":{"line":250,"column":2},"end":{"line":257,"column":null}},"type":"if","locations":[{"start":{"line":250,"column":2},"end":{"line":257,"column":null}},{"start":{},"end":{}}]},"27":{"loc":{"start":{"line":267,"column":2},"end":{"line":271,"column":null}},"type":"if","locations":[{"start":{"line":267,"column":2},"end":{"line":271,"column":null}},{"start":{},"end":{}}]},"28":{"loc":{"start":{"line":277,"column":2},"end":{"line":283,"column":null}},"type":"if","locations":[{"start":{"line":277,"column":2},"end":{"line":283,"column":null}},{"start":{},"end":{}}]},"29":{"loc":{"start":{"line":291,"column":2},"end":{"line":293,"column":null}},"type":"if","locations":[{"start":{"line":291,"column":2},"end":{"line":293,"column":null}},{"start":{},"end":{}}]},"30":{"loc":{"start":{"line":295,"column":2},"end":{"line":297,"column":null}},"type":"if","locations":[{"start":{"line":295,"column":2},"end":{"line":297,"column":null}},{"start":{},"end":{}}]},"31":{"loc":{"start":{"line":295,"column":6},"end":{"line":295,"column":74}},"type":"binary-expr","locations":[{"start":{"line":295,"column":6},"end":{"line":295,"column":18}},{"start":{"line":295,"column":18},"end":{"line":295,"column":30}},{"start":{"line":295,"column":30},"end":{"line":295,"column":44}},{"start":{"line":295,"column":44},"end":{"line":295,"column":74}}]},"32":{"loc":{"start":{"line":303,"column":2},"end":{"line":305,"column":null}},"type":"if","locations":[{"start":{"line":303,"column":2},"end":{"line":305,"column":null}},{"start":{},"end":{}}]},"33":{"loc":{"start":{"line":315,"column":2},"end":{"line":317,"column":null}},"type":"if","locations":[{"start":{"line":315,"column":2},"end":{"line":317,"column":null}},{"start":{},"end":{}}]},"34":{"loc":{"start":{"line":315,"column":6},"end":{"line":315,"column":47}},"type":"binary-expr","locations":[{"start":{"line":315,"column":6},"end":{"line":315,"column":20}},{"start":{"line":315,"column":20},"end":{"line":315,"column":47}}]},"35":{"loc":{"start":{"line":326,"column":9},"end":{"line":326,"column":null}},"type":"cond-expr","locations":[{"start":{"line":326,"column":39},"end":{"line":326,"column":47}},{"start":{"line":326,"column":47},"end":{"line":326,"column":null}}]},"36":{"loc":{"start":{"line":331,"column":2},"end":{"line":333,"column":null}},"type":"if","locations":[{"start":{"line":331,"column":2},"end":{"line":333,"column":null}},{"start":{},"end":{}}]},"37":{"loc":{"start":{"line":331,"column":6},"end":{"line":331,"column":34}},"type":"binary-expr","locations":[{"start":{"line":331,"column":6},"end":{"line":331,"column":16}},{"start":{"line":331,"column":16},"end":{"line":331,"column":34}}]},"38":{"loc":{"start":{"line":337,"column":4},"end":{"line":339,"column":null}},"type":"if","locations":[{"start":{"line":337,"column":4},"end":{"line":339,"column":null}},{"start":{},"end":{}}]},"39":{"loc":{"start":{"line":350,"column":4},"end":{"line":352,"column":null}},"type":"if","locations":[{"start":{"line":350,"column":4},"end":{"line":352,"column":null}},{"start":{},"end":{}}]},"40":{"loc":{"start":{"line":354,"column":4},"end":{"line":356,"column":null}},"type":"if","locations":[{"start":{"line":354,"column":4},"end":{"line":356,"column":null}},{"start":{},"end":{}}]},"41":{"loc":{"start":{"line":366,"column":2},"end":{"line":368,"column":null}},"type":"if","locations":[{"start":{"line":366,"column":2},"end":{"line":368,"column":null}},{"start":{},"end":{}}]},"42":{"loc":{"start":{"line":366,"column":6},"end":{"line":366,"column":35}},"type":"binary-expr","locations":[{"start":{"line":366,"column":6},"end":{"line":366,"column":16}},{"start":{"line":366,"column":16},"end":{"line":366,"column":35}}]},"43":{"loc":{"start":{"line":369,"column":2},"end":{"line":371,"column":null}},"type":"if","locations":[{"start":{"line":369,"column":2},"end":{"line":371,"column":null}},{"start":{},"end":{}}]},"44":{"loc":{"start":{"line":369,"column":6},"end":{"line":369,"column":82}},"type":"binary-expr","locations":[{"start":{"line":369,"column":6},"end":{"line":369,"column":45}},{"start":{"line":369,"column":45},"end":{"line":369,"column":82}}]},"45":{"loc":{"start":{"line":381,"column":4},"end":{"line":383,"column":null}},"type":"if","locations":[{"start":{"line":381,"column":4},"end":{"line":383,"column":null}},{"start":{},"end":{}}]},"46":{"loc":{"start":{"line":385,"column":4},"end":{"line":387,"column":null}},"type":"if","locations":[{"start":{"line":385,"column":4},"end":{"line":387,"column":null}},{"start":{},"end":{}}]},"47":{"loc":{"start":{"line":402,"column":9},"end":{"line":402,"column":58}},"type":"binary-expr","locations":[{"start":{"line":402,"column":9},"end":{"line":402,"column":30}},{"start":{"line":402,"column":30},"end":{"line":402,"column":58}}]},"48":{"loc":{"start":{"line":408,"column":4},"end":{"line":418,"column":null}},"type":"if","locations":[{"start":{"line":408,"column":4},"end":{"line":418,"column":null}},{"start":{"line":416,"column":4},"end":{"line":418,"column":null}}]},"49":{"loc":{"start":{"line":411,"column":6},"end":{"line":413,"column":null}},"type":"if","locations":[{"start":{"line":411,"column":6},"end":{"line":413,"column":null}},{"start":{},"end":{}}]},"50":{"loc":{"start":{"line":411,"column":10},"end":{"line":411,"column":48}},"type":"binary-expr","locations":[{"start":{"line":411,"column":10},"end":{"line":411,"column":32}},{"start":{"line":411,"column":32},"end":{"line":411,"column":48}}]},"51":{"loc":{"start":{"line":416,"column":4},"end":{"line":418,"column":null}},"type":"if","locations":[{"start":{"line":416,"column":4},"end":{"line":418,"column":null}},{"start":{},"end":{}}]},"52":{"loc":{"start":{"line":421,"column":4},"end":{"line":423,"column":null}},"type":"if","locations":[{"start":{"line":421,"column":4},"end":{"line":423,"column":null}},{"start":{},"end":{}}]},"53":{"loc":{"start":{"line":427,"column":4},"end":{"line":429,"column":null}},"type":"if","locations":[{"start":{"line":427,"column":4},"end":{"line":429,"column":null}},{"start":{},"end":{}}]},"54":{"loc":{"start":{"line":427,"column":8},"end":{"line":427,"column":67}},"type":"binary-expr","locations":[{"start":{"line":427,"column":8},"end":{"line":427,"column":24}},{"start":{"line":427,"column":24},"end":{"line":427,"column":49}},{"start":{"line":427,"column":49},"end":{"line":427,"column":67}}]},"55":{"loc":{"start":{"line":445,"column":2},"end":{"line":447,"column":null}},"type":"if","locations":[{"start":{"line":445,"column":2},"end":{"line":447,"column":null}},{"start":{},"end":{}}]},"56":{"loc":{"start":{"line":449,"column":4},"end":{"line":451,"column":null}},"type":"if","locations":[{"start":{"line":449,"column":4},"end":{"line":451,"column":null}},{"start":{},"end":{}}]},"57":{"loc":{"start":{"line":463,"column":17},"end":{"line":463,"column":95}},"type":"binary-expr","locations":[{"start":{"line":463,"column":17},"end":{"line":463,"column":25}},{"start":{"line":463,"column":25},"end":{"line":463,"column":50}},{"start":{"line":463,"column":50},"end":{"line":463,"column":74}},{"start":{"line":463,"column":74},"end":{"line":463,"column":95}}]},"58":{"loc":{"start":{"line":468,"column":2},"end":{"line":468,"column":null}},"type":"default-arg","locations":[{"start":{"line":468,"column":13},"end":{"line":468,"column":null}}]},"59":{"loc":{"start":{"line":469,"column":2},"end":{"line":469,"column":null}},"type":"default-arg","locations":[{"start":{"line":469,"column":13},"end":{"line":469,"column":null}}]},"60":{"loc":{"start":{"line":472,"column":2},"end":{"line":474,"column":null}},"type":"if","locations":[{"start":{"line":472,"column":2},"end":{"line":474,"column":null}},{"start":{},"end":{}}]},"61":{"loc":{"start":{"line":472,"column":6},"end":{"line":472,"column":34}},"type":"binary-expr","locations":[{"start":{"line":472,"column":6},"end":{"line":472,"column":16}},{"start":{"line":472,"column":16},"end":{"line":472,"column":34}}]},"62":{"loc":{"start":{"line":478,"column":2},"end":{"line":480,"column":null}},"type":"if","locations":[{"start":{"line":478,"column":2},"end":{"line":480,"column":null}},{"start":{},"end":{}}]},"63":{"loc":{"start":{"line":484,"column":4},"end":{"line":486,"column":null}},"type":"if","locations":[{"start":{"line":484,"column":4},"end":{"line":486,"column":null}},{"start":{},"end":{}}]},"64":{"loc":{"start":{"line":488,"column":2},"end":{"line":490,"column":null}},"type":"if","locations":[{"start":{"line":488,"column":2},"end":{"line":490,"column":null}},{"start":{},"end":{}}]},"65":{"loc":{"start":{"line":492,"column":2},"end":{"line":497,"column":null}},"type":"if","locations":[{"start":{"line":492,"column":2},"end":{"line":497,"column":null}},{"start":{},"end":{}}]},"66":{"loc":{"start":{"line":493,"column":4},"end":{"line":494,"column":null}},"type":"binary-expr","locations":[{"start":{"line":493,"column":4},"end":{"line":493,"column":null}},{"start":{"line":494,"column":4},"end":{"line":494,"column":null}}]},"67":{"loc":{"start":{"line":500,"column":2},"end":{"line":502,"column":null}},"type":"if","locations":[{"start":{"line":500,"column":2},"end":{"line":502,"column":null}},{"start":{},"end":{}}]},"68":{"loc":{"start":{"line":503,"column":2},"end":{"line":505,"column":null}},"type":"if","locations":[{"start":{"line":503,"column":2},"end":{"line":505,"column":null}},{"start":{},"end":{}}]},"69":{"loc":{"start":{"line":513,"column":2},"end":{"line":515,"column":null}},"type":"if","locations":[{"start":{"line":513,"column":2},"end":{"line":515,"column":null}},{"start":{},"end":{}}]},"70":{"loc":{"start":{"line":519,"column":2},"end":{"line":530,"column":null}},"type":"if","locations":[{"start":{"line":519,"column":2},"end":{"line":530,"column":null}},{"start":{},"end":{}}]},"71":{"loc":{"start":{"line":520,"column":19},"end":{"line":522,"column":null}},"type":"cond-expr","locations":[{"start":{"line":521,"column":8},"end":{"line":521,"column":null}},{"start":{"line":522,"column":8},"end":{"line":522,"column":null}}]},"72":{"loc":{"start":{"line":523,"column":14},"end":{"line":523,"column":null}},"type":"cond-expr","locations":[{"start":{"line":523,"column":30},"end":{"line":523,"column":34}},{"start":{"line":523,"column":34},"end":{"line":523,"column":null}}]},"73":{"loc":{"start":{"line":525,"column":4},"end":{"line":527,"column":null}},"type":"if","locations":[{"start":{"line":525,"column":4},"end":{"line":527,"column":null}},{"start":{},"end":{}}]},"74":{"loc":{"start":{"line":525,"column":8},"end":{"line":525,"column":49}},"type":"binary-expr","locations":[{"start":{"line":525,"column":8},"end":{"line":525,"column":27}},{"start":{"line":525,"column":27},"end":{"line":525,"column":49}}]},"75":{"loc":{"start":{"line":534,"column":9},"end":{"line":534,"column":null}},"type":"cond-expr","locations":[{"start":{"line":534,"column":27},"end":{"line":534,"column":34}},{"start":{"line":534,"column":34},"end":{"line":534,"column":null}}]},"76":{"loc":{"start":{"line":540,"column":2},"end":{"line":542,"column":null}},"type":"if","locations":[{"start":{"line":540,"column":2},"end":{"line":542,"column":null}},{"start":{},"end":{}}]},"77":{"loc":{"start":{"line":546,"column":21},"end":{"line":548,"column":null}},"type":"cond-expr","locations":[{"start":{"line":547,"column":6},"end":{"line":547,"column":null}},{"start":{"line":548,"column":6},"end":{"line":548,"column":null}}]},"78":{"loc":{"start":{"line":550,"column":2},"end":{"line":552,"column":null}},"type":"if","locations":[{"start":{"line":550,"column":2},"end":{"line":552,"column":null}},{"start":{},"end":{}}]},"79":{"loc":{"start":{"line":553,"column":12},"end":{"line":553,"column":null}},"type":"cond-expr","locations":[{"start":{"line":553,"column":28},"end":{"line":553,"column":32}},{"start":{"line":553,"column":32},"end":{"line":553,"column":null}}]},"80":{"loc":{"start":{"line":559,"column":4},"end":{"line":561,"column":null}},"type":"if","locations":[{"start":{"line":559,"column":4},"end":{"line":561,"column":null}},{"start":{},"end":{}}]},"81":{"loc":{"start":{"line":559,"column":8},"end":{"line":559,"column":55}},"type":"binary-expr","locations":[{"start":{"line":559,"column":8},"end":{"line":559,"column":32}},{"start":{"line":559,"column":32},"end":{"line":559,"column":55}}]},"82":{"loc":{"start":{"line":563,"column":4},"end":{"line":565,"column":null}},"type":"if","locations":[{"start":{"line":563,"column":4},"end":{"line":565,"column":null}},{"start":{},"end":{}}]},"83":{"loc":{"start":{"line":574,"column":2},"end":{"line":576,"column":null}},"type":"if","locations":[{"start":{"line":574,"column":2},"end":{"line":576,"column":null}},{"start":{},"end":{}}]},"84":{"loc":{"start":{"line":587,"column":20},"end":{"line":587,"column":null}},"type":"cond-expr","locations":[{"start":{"line":587,"column":36},"end":{"line":587,"column":41}},{"start":{"line":587,"column":41},"end":{"line":587,"column":null}}]},"85":{"loc":{"start":{"line":589,"column":20},"end":{"line":591,"column":null}},"type":"cond-expr","locations":[{"start":{"line":590,"column":6},"end":{"line":590,"column":null}},{"start":{"line":591,"column":6},"end":{"line":591,"column":null}}]},"86":{"loc":{"start":{"line":593,"column":2},"end":{"line":595,"column":null}},"type":"if","locations":[{"start":{"line":593,"column":2},"end":{"line":595,"column":null}},{"start":{},"end":{}}]},"87":{"loc":{"start":{"line":596,"column":12},"end":{"line":596,"column":null}},"type":"cond-expr","locations":[{"start":{"line":596,"column":26},"end":{"line":596,"column":30}},{"start":{"line":596,"column":30},"end":{"line":596,"column":null}}]},"88":{"loc":{"start":{"line":600,"column":19},"end":{"line":602,"column":null}},"type":"cond-expr","locations":[{"start":{"line":601,"column":8},"end":{"line":601,"column":null}},{"start":{"line":602,"column":8},"end":{"line":602,"column":null}}]},"89":{"loc":{"start":{"line":603,"column":14},"end":{"line":603,"column":null}},"type":"cond-expr","locations":[{"start":{"line":603,"column":28},"end":{"line":603,"column":32}},{"start":{"line":603,"column":32},"end":{"line":603,"column":null}}]},"90":{"loc":{"start":{"line":605,"column":4},"end":{"line":607,"column":null}},"type":"if","locations":[{"start":{"line":605,"column":4},"end":{"line":607,"column":null}},{"start":{},"end":{}}]},"91":{"loc":{"start":{"line":605,"column":8},"end":{"line":605,"column":45}},"type":"binary-expr","locations":[{"start":{"line":605,"column":8},"end":{"line":605,"column":27}},{"start":{"line":605,"column":27},"end":{"line":605,"column":45}}]},"92":{"loc":{"start":{"line":610,"column":4},"end":{"line":618,"column":null}},"type":"if","locations":[{"start":{"line":610,"column":4},"end":{"line":618,"column":null}},{"start":{},"end":{}}]},"93":{"loc":{"start":{"line":610,"column":8},"end":{"line":610,"column":40}},"type":"binary-expr","locations":[{"start":{"line":610,"column":8},"end":{"line":610,"column":25}},{"start":{"line":610,"column":25},"end":{"line":610,"column":40}}]},"94":{"loc":{"start":{"line":613,"column":6},"end":{"line":615,"column":null}},"type":"if","locations":[{"start":{"line":613,"column":6},"end":{"line":615,"column":null}},{"start":{},"end":{}}]},"95":{"loc":{"start":{"line":622,"column":4},"end":{"line":624,"column":null}},"type":"if","locations":[{"start":{"line":622,"column":4},"end":{"line":624,"column":null}},{"start":{},"end":{}}]},"96":{"loc":{"start":{"line":629,"column":4},"end":{"line":631,"column":null}},"type":"if","locations":[{"start":{"line":629,"column":4},"end":{"line":631,"column":null}},{"start":{},"end":{}}]},"97":{"loc":{"start":{"line":636,"column":4},"end":{"line":638,"column":null}},"type":"if","locations":[{"start":{"line":636,"column":4},"end":{"line":638,"column":null}},{"start":{},"end":{}}]},"98":{"loc":{"start":{"line":643,"column":6},"end":{"line":650,"column":null}},"type":"if","locations":[{"start":{"line":643,"column":6},"end":{"line":650,"column":null}},{"start":{},"end":{}}]},"99":{"loc":{"start":{"line":643,"column":6},"end":{"line":643,"column":61}},"type":"binary-expr","locations":[{"start":{"line":643,"column":11},"end":{"line":643,"column":28}},{"start":{"line":643,"column":28},"end":{"line":643,"column":46}},{"start":{"line":643,"column":46},"end":{"line":643,"column":61}}]},"100":{"loc":{"start":{"line":646,"column":8},"end":{"line":648,"column":null}},"type":"if","locations":[{"start":{"line":646,"column":8},"end":{"line":648,"column":null}},{"start":{},"end":{}}]},"101":{"loc":{"start":{"line":654,"column":6},"end":{"line":656,"column":null}},"type":"if","locations":[{"start":{"line":654,"column":6},"end":{"line":656,"column":null}},{"start":{},"end":{}}]},"102":{"loc":{"start":{"line":661,"column":6},"end":{"line":663,"column":null}},"type":"if","locations":[{"start":{"line":661,"column":6},"end":{"line":663,"column":null}},{"start":{},"end":{}}]},"103":{"loc":{"start":{"line":682,"column":2},"end":{"line":684,"column":null}},"type":"if","locations":[{"start":{"line":682,"column":2},"end":{"line":684,"column":null}},{"start":{},"end":{}}]},"104":{"loc":{"start":{"line":685,"column":2},"end":{"line":687,"column":null}},"type":"if","locations":[{"start":{"line":685,"column":2},"end":{"line":687,"column":null}},{"start":{},"end":{}}]},"105":{"loc":{"start":{"line":688,"column":2},"end":{"line":690,"column":null}},"type":"if","locations":[{"start":{"line":688,"column":2},"end":{"line":690,"column":null}},{"start":{},"end":{}}]},"106":{"loc":{"start":{"line":691,"column":2},"end":{"line":693,"column":null}},"type":"if","locations":[{"start":{"line":691,"column":2},"end":{"line":693,"column":null}},{"start":{},"end":{}}]},"107":{"loc":{"start":{"line":697,"column":2},"end":{"line":699,"column":null}},"type":"if","locations":[{"start":{"line":697,"column":2},"end":{"line":699,"column":null}},{"start":{},"end":{}}]},"108":{"loc":{"start":{"line":700,"column":2},"end":{"line":702,"column":null}},"type":"if","locations":[{"start":{"line":700,"column":2},"end":{"line":702,"column":null}},{"start":{},"end":{}}]},"109":{"loc":{"start":{"line":705,"column":2},"end":{"line":707,"column":null}},"type":"if","locations":[{"start":{"line":705,"column":2},"end":{"line":707,"column":null}},{"start":{},"end":{}}]},"110":{"loc":{"start":{"line":709,"column":2},"end":{"line":711,"column":null}},"type":"if","locations":[{"start":{"line":709,"column":2},"end":{"line":711,"column":null}},{"start":{},"end":{}}]},"111":{"loc":{"start":{"line":713,"column":2},"end":{"line":715,"column":null}},"type":"if","locations":[{"start":{"line":713,"column":2},"end":{"line":715,"column":null}},{"start":{},"end":{}}]},"112":{"loc":{"start":{"line":736,"column":2},"end":{"line":738,"column":null}},"type":"if","locations":[{"start":{"line":736,"column":2},"end":{"line":738,"column":null}},{"start":{},"end":{}}]},"113":{"loc":{"start":{"line":736,"column":6},"end":{"line":736,"column":35}},"type":"binary-expr","locations":[{"start":{"line":736,"column":6},"end":{"line":736,"column":16}},{"start":{"line":736,"column":16},"end":{"line":736,"column":35}}]},"114":{"loc":{"start":{"line":742,"column":4},"end":{"line":744,"column":null}},"type":"if","locations":[{"start":{"line":742,"column":4},"end":{"line":744,"column":null}},{"start":{},"end":{}}]},"115":{"loc":{"start":{"line":742,"column":8},"end":{"line":742,"column":45}},"type":"binary-expr","locations":[{"start":{"line":742,"column":8},"end":{"line":742,"column":21}},{"start":{"line":742,"column":21},"end":{"line":742,"column":45}}]},"116":{"loc":{"start":{"line":748,"column":4},"end":{"line":750,"column":null}},"type":"if","locations":[{"start":{"line":748,"column":4},"end":{"line":750,"column":null}},{"start":{},"end":{}}]},"117":{"loc":{"start":{"line":756,"column":6},"end":{"line":762,"column":null}},"type":"if","locations":[{"start":{"line":756,"column":6},"end":{"line":762,"column":null}},{"start":{"line":758,"column":6},"end":{"line":762,"column":null}}]},"118":{"loc":{"start":{"line":758,"column":6},"end":{"line":762,"column":null}},"type":"if","locations":[{"start":{"line":758,"column":6},"end":{"line":762,"column":null}},{"start":{"line":760,"column":6},"end":{"line":762,"column":null}}]},"119":{"loc":{"start":{"line":760,"column":6},"end":{"line":762,"column":null}},"type":"if","locations":[{"start":{"line":760,"column":6},"end":{"line":762,"column":null}},{"start":{},"end":{}}]},"120":{"loc":{"start":{"line":765,"column":4},"end":{"line":767,"column":null}},"type":"if","locations":[{"start":{"line":765,"column":4},"end":{"line":767,"column":null}},{"start":{},"end":{}}]},"121":{"loc":{"start":{"line":765,"column":8},"end":{"line":765,"column":50}},"type":"binary-expr","locations":[{"start":{"line":765,"column":8},"end":{"line":765,"column":30}},{"start":{"line":765,"column":30},"end":{"line":765,"column":50}}]},"122":{"loc":{"start":{"line":771,"column":6},"end":{"line":774,"column":null}},"type":"if","locations":[{"start":{"line":771,"column":6},"end":{"line":774,"column":null}},{"start":{},"end":{}}]},"123":{"loc":{"start":{"line":777,"column":4},"end":{"line":779,"column":null}},"type":"if","locations":[{"start":{"line":777,"column":4},"end":{"line":779,"column":null}},{"start":{},"end":{}}]},"124":{"loc":{"start":{"line":782,"column":4},"end":{"line":784,"column":null}},"type":"if","locations":[{"start":{"line":782,"column":4},"end":{"line":784,"column":null}},{"start":{},"end":{}}]},"125":{"loc":{"start":{"line":782,"column":8},"end":{"line":782,"column":44}},"type":"binary-expr","locations":[{"start":{"line":782,"column":8},"end":{"line":782,"column":17}},{"start":{"line":782,"column":17},"end":{"line":782,"column":44}}]},"126":{"loc":{"start":{"line":789,"column":6},"end":{"line":791,"column":null}},"type":"if","locations":[{"start":{"line":789,"column":6},"end":{"line":791,"column":null}},{"start":{},"end":{}}]},"127":{"loc":{"start":{"line":794,"column":6},"end":{"line":802,"column":null}},"type":"if","locations":[{"start":{"line":794,"column":6},"end":{"line":802,"column":null}},{"start":{"line":800,"column":6},"end":{"line":802,"column":null}}]},"128":{"loc":{"start":{"line":796,"column":8},"end":{"line":798,"column":null}},"type":"if","locations":[{"start":{"line":796,"column":8},"end":{"line":798,"column":null}},{"start":{},"end":{}}]},"129":{"loc":{"start":{"line":800,"column":6},"end":{"line":802,"column":null}},"type":"if","locations":[{"start":{"line":800,"column":6},"end":{"line":802,"column":null}},{"start":{},"end":{}}]},"130":{"loc":{"start":{"line":806,"column":6},"end":{"line":808,"column":null}},"type":"if","locations":[{"start":{"line":806,"column":6},"end":{"line":808,"column":null}},{"start":{},"end":{}}]},"131":{"loc":{"start":{"line":806,"column":10},"end":{"line":806,"column":56}},"type":"binary-expr","locations":[{"start":{"line":806,"column":10},"end":{"line":806,"column":30}},{"start":{"line":806,"column":30},"end":{"line":806,"column":56}}]},"132":{"loc":{"start":{"line":813,"column":4},"end":{"line":815,"column":null}},"type":"if","locations":[{"start":{"line":813,"column":4},"end":{"line":815,"column":null}},{"start":{},"end":{}}]},"133":{"loc":{"start":{"line":818,"column":4},"end":{"line":820,"column":null}},"type":"if","locations":[{"start":{"line":818,"column":4},"end":{"line":820,"column":null}},{"start":{},"end":{}}]},"134":{"loc":{"start":{"line":829,"column":2},"end":{"line":831,"column":null}},"type":"if","locations":[{"start":{"line":829,"column":2},"end":{"line":831,"column":null}},{"start":{},"end":{}}]},"135":{"loc":{"start":{"line":836,"column":2},"end":{"line":838,"column":null}},"type":"if","locations":[{"start":{"line":836,"column":2},"end":{"line":838,"column":null}},{"start":{},"end":{}}]},"136":{"loc":{"start":{"line":847,"column":4},"end":{"line":849,"column":null}},"type":"if","locations":[{"start":{"line":847,"column":4},"end":{"line":849,"column":null}},{"start":{},"end":{}}]},"137":{"loc":{"start":{"line":847,"column":8},"end":{"line":847,"column":57}},"type":"binary-expr","locations":[{"start":{"line":847,"column":8},"end":{"line":847,"column":24}},{"start":{"line":847,"column":24},"end":{"line":847,"column":41}},{"start":{"line":847,"column":41},"end":{"line":847,"column":57}}]},"138":{"loc":{"start":{"line":852,"column":4},"end":{"line":854,"column":null}},"type":"if","locations":[{"start":{"line":852,"column":4},"end":{"line":854,"column":null}},{"start":{},"end":{}}]},"139":{"loc":{"start":{"line":859,"column":4},"end":{"line":861,"column":null}},"type":"if","locations":[{"start":{"line":859,"column":4},"end":{"line":861,"column":null}},{"start":{},"
[...]
4},"end":{"line":872,"column":null}},{"start":{"line":866,"column":11},"end":{"line":872,"column":null}}]},"141":{"loc":{"start":{"line":869,"column":6},"end":{"line":871,"column":null}},"type":"if","locations":[{"start":{"line":869,"column":6},"end":{"line":871,"column":null}},{"start":{},"end":{}}]},"142":{"loc":{"start":{"line":874,"column":4},"end":{"line":881,"column":null}},"type":"if","locations":[{"start":{"line":874,"column":4},"end":{"line":881,"column":null}},{"start":{},"end":{}}]},"143":{"loc":{"start":{"line":885,"column":9},"end":{"line":885,"column":null}},"type":"cond-expr","locations":[{"start":{"line":885,"column":34},"end":{"line":885,"column":41}},{"start":{"line":885,"column":41},"end":{"line":885,"column":null}}]},"144":{"loc":{"start":{"line":889,"column":2},"end":{"line":891,"column":null}},"type":"if","locations":[{"start":{"line":889,"column":2},"end":{"line":891,"column":null}},{"start":{},"end":{}}]},"145":{"loc":{"start":{"line":889,"column":6},"end":{"line":889,"column":84}},"type":"binary-expr","locations":[{"start":{"line":889,"column":6},"end":{"line":889,"column":16}},{"start":{"line":889,"column":16},"end":{"line":889,"column":36}},{"start":{"line":889,"column":36},"end":{"line":889,"column":55}},{"start":{"line":889,"column":55},"end":{"line":889,"column":84}}]},"146":{"loc":{"start":{"line":898,"column":4},"end":{"line":900,"column":null}},"type":"if","locations":[{"start":{"line":898,"column":4},"end":{"line":900,"column":null}},{"start":{},"end":{}}]},"147":{"loc":{"start":{"line":903,"column":4},"end":{"line":905,"column":null}},"type":"if","locations":[{"start":{"line":903,"column":4},"end":{"line":905,"column":null}},{"start":{},"end":{}}]},"148":{"loc":{"start":{"line":903,"column":8},"end":{"line":903,"column":39}},"type":"binary-expr","locations":[{"start":{"line":903,"column":8},"end":{"line":903,"column":21}},{"start":{"line":903,"column":21},"end":{"line":903,"column":39}}]},"149":{"loc":{"start":{"line":942,"column":2},"end":{"line":944,"column":null}},"type":"if","locations":[{"start":{"line":942,"column":2},"end":{"line":944,"column":null}},{"start":{},"end":{}}]},"150":{"loc":{"start":{"line":945,"column":2},"end":{"line":947,"column":null}},"type":"if","locations":[{"start":{"line":945,"column":2},"end":{"line":947,"column":null}},{"start":{},"end":{}}]},"151":{"loc":{"start":{"line":948,"column":2},"end":{"line":950,"column":null}},"type":"if","locations":[{"start":{"line":948,"column":2},"end":{"line":950,"column":null}},{"start":{},"end":{}}]},"152":{"loc":{"start":{"line":960,"column":2},"end":{"line":962,"column":null}},"type":"if","locations":[{"start":{"line":960,"column":2},"end":{"line":962,"column":null}},{"start":{},"end":{}}]},"153":{"loc":{"start":{"line":963,"column":2},"end":{"line":965,"column":null}},"type":"if","locations":[{"start":{"line":963,"column":2},"end":{"line":965,"column":null}},{"start":{},"end":{}}]},"154":{"loc":{"start":{"line":966,"column":2},"end":{"line":968,"column":null}},"type":"if","locations":[{"start":{"line":966,"column":2},"end":{"line":968,"column":null}},{"start":{},"end":{}}]},"155":{"loc":{"start":{"line":970,"column":2},"end":{"line":972,"column":null}},"type":"if","locations":[{"start":{"line":970,"column":2},"end":{"line":972,"column":null}},{"start":{},"end":{}}]},"156":{"loc":{"start":{"line":970,"column":6},"end":{"line":970,"column":46}},"type":"binary-expr","locations":[{"start":{"line":970,"column":6},"end":{"line":970,"column":20}},{"start":{"line":970,"column":20},"end":{"line":970,"column":46}}]},"157":{"loc":{"start":{"line":989,"column":6},"end":{"line":991,"column":null}},"type":"if","locations":[{"start":{"line":989,"column":6},"end":{"line":991,"column":null}},{"start":{},"end":{}}]},"158":{"loc":{"start":{"line":993,"column":6},"end":{"line":1001,"column":null}},"type":"if","locations":[{"start":{"line":993,"column":6},"end":{"line":1001,"column":null}},{"start":{},"end":{}}]},"159":{"loc":{"start":{"line":996,"column":8},"end":{"line":998,"column":null}},"type":"if","locations":[{"start":{"line":996,"column":8},"end":{"line":998,"column":null}},{"start":{},"end":{}}]},"160":{"loc":{"start":{"line":1004,"column":6},"end":{"line":1006,"column":null}},"type":"if","locations":[{"start":{"line":1004,"column":6},"end":{"line":1006,"column":null}},{"start":{},"end":{}}]},"161":{"loc":{"start":{"line":1007,"column":6},"end":{"line":1014,"column":null}},"type":"if","locations":[{"start":{"line":1007,"column":6},"end":{"line":1014,"column":null}},{"start":{},"end":{}}]},"162":{"loc":{"start":{"line":1019,"column":2},"end":{"line":1023,"column":null}},"type":"if","locations":[{"start":{"line":1019,"column":2},"end":{"line":1023,"column":null}},{"start":{"line":1021,"column":9},"end":{"line":1023,"column":null}}]},"163":{"loc":{"start":{"line":1037,"column":6},"end":{"line":1045,"column":null}},"type":"if","locations":[{"start":{"line":1037,"column":6},"end":{"line":1045,"column":null}},{"start":{"line":1039,"column":6},"end":{"line":1045,"column":null}}]},"164":{"loc":{"start":{"line":1039,"column":6},"end":{"line":1045,"column":null}},"type":"if","locations":[{"start":{"line":1039,"column":6},"end":{"line":1045,"column":null}},{"start":{"line":1043,"column":13},"end":{"line":1045,"column":null}}]},"165":{"loc":{"start":{"line":1062,"column":2},"end":{"line":1064,"column":null}},"type":"if","locations":[{"start":{"line":1062,"column":2},"end":{"line":1064,"column":null}},{"start":{},"end":{}}]},"166":{"loc":{"start":{"line":1062,"column":6},"end":{"line":1062,"column":34}},"type":"binary-expr","locations":[{"start":{"line":1062,"column":6},"end":{"line":1062,"column":16}},{"start":{"line":1062,"column":16},"end":{"line":1062,"column":34}}]},"167":{"loc":{"start":{"line":1066,"column":23},"end":{"line":1066,"column":null}},"type":"binary-expr","locations":[{"start":{"line":1066,"column":23},"end":{"line":1066,"column":44}},{"start":{"line":1066,"column":44},"end":{"line":1066,"column":null}}]},"168":{"loc":{"start":{"line":1067,"column":20},"end":{"line":1067,"column":null}},"type":"binary-expr","locations":[{"start":{"line":1067,"column":20},"end":{"line":1067,"column":41}},{"start":{"line":1067,"column":41},"end":{"line":1067,"column":null}}]},"169":{"loc":{"start":{"line":1068,"column":2},"end":{"line":1070,"column":null}},"type":"if","locations":[{"start":{"line":1068,"column":2},"end":{"line":1070,"column":null}},{"start":{},"end":{}}]},"170":{"loc":{"start":{"line":1068,"column":6},"end":{"line":1068,"column":35}},"type":"binary-expr","locations":[{"start":{"line":1068,"column":6},"end":{"line":1068,"column":23}},{"start":{"line":1068,"column":23},"end":{"line":1068,"column":35}}]},"171":{"loc":{"start":{"line":1073,"column":2},"end":{"line":1075,"column":null}},"type":"if","locations":[{"start":{"line":1073,"column":2},"end":{"line":1075,"column":null}},{"start":{},"end":{}}]},"172":{"loc":{"start":{"line":1078,"column":2},"end":{"line":1080,"column":null}},"type":"if","locations":[{"start":{"line":1078,"column":2},"end":{"line":1080,"column":null}},{"start":{},"end":{}}]},"173":{"loc":{"start":{"line":1078,"column":6},"end":{"line":1078,"column":76}},"type":"binary-expr","locations":[{"start":{"line":1078,"column":6},"end":{"line":1078,"column":29}},{"start":{"line":1078,"column":29},"end":{"line":1078,"column":48}},{"start":{"line":1078,"column":48},"end":{"line":1078,"column":76}}]},"174":{"loc":{"start":{"line":1084,"column":2},"end":{"line":1086,"column":null}},"type":"if","locations":[{"start":{"line":1084,"column":2},"end":{"line":1086,"column":null}},{"start":{},"end":{}}]},"175":{"loc":{"start":{"line":1094,"column":2},"end":{"line":1109,"column":null}},"type":"if","locations":[{"start":{"line":1094,"column":2},"end":{"line":1109,"column":null}},{"start":{},"end":{}}]},"176":{"loc":{"start":{"line":1094,"column":6},"end":{"line":1094,"column":65}},"type":"binary-expr","locations":[{"start":{"line":1094,"column":6},"end":{"line":1094,"column":26}},{"start":{"line":1094,"column":26},"end":{"line":1094,"column":41}},{"start":{"line":1094,"column":41},"end":{"line":1094,"column":65}}]},"177":{"loc":{"start":{"line":1096,"column":4},"end":{"line":1108,"column":null}},"type":"if","locations":[{"start":{"line":1096,"column":4},"end":{"line":1108,"column":null}},{"start":{},"end":{}}]},"178":{"loc":{"start":{"line":1102,"column":6},"end":{"line":1107,"column":null}},"type":"if","locations":[{"start":{"line":1102,"column":6},"end":{"line":1107,"column":null}},{"start":{},"end":{}}]},"179":{"loc":{"start":{"line":1102,"column":10},"end":{"line":1102,"column":78}},"type":"binary-expr","locations":[{"start":{"line":1102,"column":10},"end":{"line":1102,"column":33}},{"start":{"line":1102,"column":33},"end":{"line":1102,"column":51}},{"start":{"line":1102,"column":51},"end":{"line":1102,"column":78}}]},"180":{"loc":{"start":{"line":1104,"column":8},"end":{"line":1106,"column":null}},"type":"if","locations":[{"start":{"line":1104,"column":8},"end":{"line":1106,"column":null}},{"start":{},"end":{}}]},"181":{"loc":{"start":{"line":1112,"column":2},"end":{"line":1117,"column":null}},"type":"if","locations":[{"start":{"line":1112,"column":2},"end":{"line":1117,"column":null}},{"start":{},"end":{}}]},"182":{"loc":{"start":{"line":1112,"column":6},"end":{"line":1112,"column":62}},"type":"binary-expr","locations":[{"start":{"line":1112,"column":6},"end":{"line":1112,"column":25}},{"start":{"line":1112,"column":25},"end":{"line":1112,"column":39}},{"start":{"line":1112,"column":39},"end":{"line":1112,"column":62}}]},"183":{"loc":{"start":{"line":1114,"column":4},"end":{"line":1116,"column":null}},"type":"if","locations":[{"start":{"line":1114,"column":4},"end":{"line":1116,"column":null}},{"start":{},"end":{}}]},"184":{"loc":{"start":{"line":1119,"column":2},"end":{"line":1126,"column":null}},"type":"if","locations":[{"start":{"line":1119,"column":2},"end":{"line":1126,"column":null}},{"start":{},"end":{}}]},"185":{"loc":{"start":{"line":1120,"column":4},"end":{"line":1123,"column":null}},"type":"binary-expr","locations":[{"start":{"line":1120,"column":4},"end":{"line":1120,"column":null}},{"start":{"line":1121,"column":4},"end":{"line":1121,"column":null}},{"start":{"line":1122,"column":4},"end":{"line":1122,"column":null}},{"start":{"line":1123,"column":4},"end":{"line":1123,"column":null}}]},"186":{"loc":{"start":{"line":1136,"column":2},"end":{"line":1138,"column":null}},"type":"if","locations":[{"start":{"line":1136,"column":2},"end":{"line":1138,"column":null}},{"start":{},"end":{}}]},"187":{"loc":{"start":{"line":1141,"column":2},"end":{"line":1144,"column":null}},"type":"if","locations":[{"start":{"line":1141,"column":2},"end":{"line":1144,"column":null}},{"start":{},"end":{}}]},"188":{"loc":{"start":{"line":1150,"column":2},"end":{"line":1150,"column":null}},"type":"default-arg","locations":[{"start":{"line":1150,"column":13},"end":{"line":1150,"column":null}}]},"189":{"loc":{"start":{"line":1151,"column":2},"end":{"line":1151,"column":null}},"type":"default-arg","locations":[{"start":{"line":1151,"column":13},"end":{"line":1151,"column":null}}]},"190":{"loc":{"start":{"line":1154,"column":2},"end":{"line":1156,"column":null}},"type":"if","locations":[{"start":{"line":1154,"column":2},"end":{"line":1156,"column":null}},{"start":{},"end":{}}]},"191":{"loc":{"start":{"line":1154,"column":6},"end":{"line":1154,"column":36}},"type":"binary-expr","locations":[{"start":{"line":1154,"column":6},"end":{"line":1154,"column":16}},{"start":{"line":1154,"column":16},"end":{"line":1154,"column":36}}]},"192":{"loc":{"start":{"line":1161,"column":4},"end":{"line":1163,"column":null}},"type":"if","locations":[{"start":{"line":1161,"column":4},"end":{"line":1163,"column":null}},{"start":{},"end":{}}]},"193":{"loc":{"start":{"line":1164,"column":4},"end":{"line":1166,"column":null}},"type":"if","locations":[{"start":{"line":1164,"column":4},"end":{"line":1166,"column":null}},{"start":{},"end":{}}]},"194":{"loc":{"start":{"line":1167,"column":4},"end":{"line":1169,"column":null}},"type":"if","locations":[{"start":{"line":1167,"column":4},"end":{"line":1169,"column":null}},{"start":{},"end":{}}]},"195":{"loc":{"start":{"line":1170,"column":4},"end":{"line":1172,"column":null}},"type":"if","locations":[{"start":{"line":1170,"column":4},"end":{"line":1172,"column":null}},{"start":{},"end":{}}]},"196":{"loc":{"start":{"line":1173,"column":4},"end":{"line":1175,"column":null}},"type":"if","locations":[{"start":{"line":1173,"column":4},"end":{"line":1175,"column":null}},{"start":{},"end":{}}]}},"s":{"0":2,"1":2,"2":2,"3":2,"4":2,"5":9,"6":24,"7":14,"8":1,"9":13,"10":13,"11":13,"12":6,"13":7,"14":2,"15":5,"16":13,"17":13,"18":13,"19":13,"20":12,"21":2,"22":10,"23":2,"24":8,"25":6,"26":2,"27":16,"28":16,"29":9,"30":7,"31":6,"32":12,"33":5,"34":5,"35":5,"36":153,"37":5,"38":5,"39":127,"40":127,"41":127,"42":165,"43":126,"44":126,"45":127,"46":1,"47":4,"48":3,"49":489,"50":0,"51":489,"52":43,"53":446,"54":243,"55":0,"56":243,"57":51,"58":192,"59":36,"60":31,"61":31,"62":31,"63":5,"64":5,"65":36,"66":31,"67":31,"68":31,"69":31,"70":31,"71":5,"72":5,"73":5,"74":5,"75":251,"76":69,"77":182,"78":0,"79":182,"80":182,"81":182,"82":737,"83":182,"84":0,"85":182,"86":186,"87":369,"88":0,"89":369,"90":19,"91":65,"92":10,"93":10,"94":1,"95":9,"96":9,"97":9,"98":61,"99":2,"100":7,"101":7,"102":9,"103":9,"104":9,"105":9,"106":9,"107":0,"108":9,"109":6,"110":3,"111":1,"112":9,"113":9,"114":1,"115":8,"116":1,"117":7,"118":7,"119":7,"120":7,"121":7,"122":7,"123":7,"124":0,"125":7,"126":6,"127":1,"128":1,"129":53,"130":53,"131":173,"132":173,"133":173,"134":173,"135":173,"136":3,"137":3,"138":1,"139":2,"140":2,"141":170,"142":1,"143":172,"144":0,"145":172,"146":172,"147":4,"148":168,"149":168,"150":2,"151":0,"152":2,"153":2,"154":82,"155":80,"156":2,"157":0,"158":2,"159":8,"160":8,"161":1,"162":7,"163":7,"164":7,"165":2,"166":5,"167":5,"168":6,"169":3,"170":5,"171":2,"172":3,"173":1,"174":2,"175":2,"176":1,"177":1,"178":1,"179":0,"180":83,"181":83,"182":0,"183":83,"184":83,"185":83,"186":83,"187":83,"188":83,"189":0,"190":83,"191":83,"192":0,"193":0,"194":15,"195":15,"196":0,"197":15,"198":15,"199":15,"200":15,"201":0,"202":15,"203":15,"204":15,"205":15,"206":83,"207":0,"208":83,"209":83,"210":83,"211":83,"212":15,"213":15,"214":15,"215":0,"216":15,"217":15,"218":15,"219":15,"220":15,"221":15,"222":15,"223":15,"224":15,"225":15,"226":15,"227":0,"228":15,"229":15,"230":15,"231":15,"232":83,"233":83,"234":83,"235":0,"236":83,"237":83,"238":72,"239":72,"240":0,"241":72,"242":72,"243":83,"244":83,"245":0,"246":83,"247":83,"248":83,"249":0,"250":83,"251":83,"252":83,"253":0,"254":83,"255":83,"256":83,"257":83,"258":82,"259":1,"260":1,"261":0,"262":1,"263":82,"264":82,"265":0,"266":82,"267":82,"268":82,"269":0,"270":82,"271":82,"272":83,"273":15,"274":9,"275":0,"276":9,"277":4,"278":5,"279":1,"280":4,"281":0,"282":4,"283":4,"284":0,"285":4,"286":2,"287":2,"288":2,"289":1,"290":1,"291":0,"292":1,"293":1,"294":0,"295":9,"296":9,"297":9,"298":9,"299":9,"300":9,"301":9,"302":9,"303":9,"304":18,"305":18,"306":1,"307":17,"308":17,"309":41,"310":25,"311":16,"312":16,"313":0,"314":16,"315":16,"316":16,"317":16,"318":38,"319":15,"320":23,"321":15,"322":8,"323":2,"324":16,"325":2,"326":14,"327":14,"328":81,"329":13,"330":13,"331":14,"332":1,"333":13,"334":13,"335":1,"336":12,"337":12,"338":12,"339":0,"340":12,"341":12,"342":2,"343":1,"344":1,"345":10,"346":1,"347":10,"348":10,"349":1,"350":9,"351":9,"352":0,"353":9,"354":9,"355":8,"356":17,"357":10,"358":10,"359":0,"360":10,"361":10,"362":10,"363":1,"364":9,"365":9,"366":9,"367":15,"368":15,"369":15,"370":15,"371":15,"372":0,"373":15,"374":15,"375":0,"376":15,"377":15,"378":15,"379":0,"380":15,"381":15,"382":9,"383":6,"384":6,"385":6,"386":6,"387":15,"388":15,"389":9,"390":9,"391":13,"392":10,"393":3,"394":9,"395":9,"396":15,"397":4,"398":11,"399":11,"400":0,"401":11,"402":9,"403":11,"404":3,"405":5,"406":5,"407":5,"408":1,"409":5,"410":1,"411":5,"412":1,"413":5,"414":5,"415":8,"416":8,"417":5,"418":5,"419":0,"420":5,"421":1,"422":5,"423":1,"424":5,"425":5,"426":1,"427":5,"428":8,"429":5,"430":5,"431":8,"432":8,"433":5,"434":5,"435":5,"436":8,"437":14,"438":14,"439":0,"440":14,"441":14,"442":3,"443":3,"444":0,"445":3,"446":3,"447":11,"448":0,"449":11,"450":6,"451":6,"452":6,"453":5,"454":5,"455":4,"456":1,"457":5,"458":5,"459":8,"460":8,"461":8,"462":8,"463":14,"464":14,"465":14,"466":14,"467":14,"468":14,"469":3,"470":11,"471":5,"472":5,"473":5,"474":6,"475":14,"476":8,"477":5,"478":6,"479":5,"480":10,"481":10,"482":0,"483":10,"484":10,"485":10,"486":1,"487":9,"488":9,"489":1,"490":8,"491":8,"492":1,"493":7,"494":7,"495":1,"496":6,"497":6,"498":6,"499":6,"500":6,"501":10,"502":6,"503":1,"504":1,"505":1,"506":1,"507":2,"508":1,"509":1,"510":1,"511":1,"512":6,"513":11,"514":6,"515":1,"516":1,"517":1,"518":6,"519":1,"520":5,"521":5,"522":0,"523":5,"524":5,"525":1,"526":1,"527":4,"528":10,"529":10,"530":1,"531":9,"532":9,"533":9,"534":9,"535":2,"536":7,"537":1,"538":6,"539":1,"540":5,"541":2,"542":3,"543":1,"544":1,"545":1,"546":2},"f":{"0":9,"1":24,"2":14,"3":13,"4":12,"5":16,"6":9,"7":7,"8":6,"9":12,"10":5,"11":3,"12":489,"13":243,"14":36,"15":36,"16":251,"17":186,"18":369,"19":19,"20":65,"21":10,"22":9,"23":53,"24":2,"25":2,"26":8,"27":6,"28":83,"29":15,"30":83,"31":15,"32":9,"33":9,"34":18,"35":41,"36":38,"37":10,"38":13,"39":9,"40":11,"41":3,"42":5,"43":10,"44":10,"45":2,"46":11,"47":10},"b":{"0":[19],"1":[24,24,20,8,8,8,8,8],"2":[13],"3":[1,13],"4":[6,7],"5":[13,6],"6":[6,6],"7":[2,5],"8":[7,2],"9":[2,2],"10":[2,10],"11":[2,8],"12":[6,2],"13":[2,14],"14":[9,7,7,7],"15":[7,6],"16":[6,5],"17":[12,8,6,6,6],"18":[126,39],"19":[1,126],"20":[3,2,2],"21":[0,489],"22":[489,489],"23":[43,446],"24":[0,243],"25":[243,243],"26":[51,192],"27":[31,5],"28":[31,5],"29":[69,182],"30":[0,182],"31":[182,182,182,182],"32":[0,182],"33":[0,369],"34":[369,369],"35":[65,0],"36":[1,9],"37":[10,10],"38":[2,59],"39":[0,9],"40":[6,3],"41":[1,8],"42":[9,9],"43":[1,7],"44":[8,7],"45":[0,7],"46":[6,1],"47":[221,173],"48":[3,170],"49":[1,2],"50":[3,3],"51":[1,169],"52":[0,172],"53":[4,168],"54":[172,168,168],"55":[0,2],"56":[80,2],"57":[2,2,2,1],"58":[1],"59":[1],"60":[1,7],"61":[8,8],"62":[2,5],"63":[3,3],"64":[2,3],"65":[1,2],"66":[3,2],"67":[1,1],"68":[1,0],"69":[0,83],"70":[83,0],"71":[83,0],"72":[83,0],"73":[0,83],"74":[83,83],"75":[0,0],"76":[0,15],"77":[15,0],"78":[0,15],"79":[15,0],"80":[0,83],"81":[83,83],"82":[83,0],"83":[0,15],"84":[11,4],"85":[15,0],"86":[0,15],"87":[15,0],"88":[83,0],"89":[83,0],"90":[0,83],"91":[83,83],"92":[72,11],"93":[83,11],"94":[0,72],"95":[0,83],"96":[0,83],"97":[0,83],"98":[1,81],"99":[82,10,72],"100":[0,1],"101":[0,82],"102":[0,82],"103":[0,9],"104":[4,5],"105":[1,4],"106":[0,4],"107":[0,4],"108":[2,2],"109":[1,1],"110":[0,1],"111":[1,0],"112":[1,17],"113":[18,18],"114":[25,16],"115":[41,34],"116":[0,16],"117":[15,23],"118":[15,8],"119":[2,6],"120":[2,14],"121":[16,15],"122":[13,68],"123":[1,13],"124":[1,12],"125":[13,13],"126":[0,12],"127":[2,10],"128":[1,1],"129":[1,9],"130":[1,9],"131":[10,10],"132":[0,9],"133":[8,1],"134":[0,10],"135":[1,9],"136":[0,15],"137":[15,15,15],"138":[0,15],"139":[0,15],"140":[9,6],"141":[6,0],"142":[15,0],"143":[0,9],"144":[10,3],"145":[13,3,3,3],"146":[4,11],"147":[0,11],"148":[11,11],"149":[1,4],"150":[1,4],"151":[1,4],"152":[0,5],"153":[1,4],"154":[1,4],"155":[1,4],"156":[5,1],"157":[0,14],"158":[3,11],"159":[0,3],"160":[0,11],"161":[6,5],"162":[4,1],"163":[3,11],"164":[5,6],"165":[0,10],"166":[10,10],"167":[10,8],"168":[10,1],"169":[1,9],"170":[10,2],"171":[1,8],"172":[1,7],"173":[8,8,8],"174":[1,6],"175":[1,5],"176":[6,1,1],"177":[1,0],"178":[1,0],"179":[1,1,1],"180":[1,0],"181":[1,5],"182":[6,1,1],"183":[1,0],"184":[1,5],"185":[6,1,1,1],"186":[0,5],"187":[1,4],"188":[1],"189":[1],"190":[1,9],"191":[10,10],"192":[2,7],"193":[1,6],"194":[1,5],"195":[2,3],"196":[1,2]}}
}
